2024-11-02 16:22:57.858 [info] [main] Log level: Info
2024-11-02 16:22:57.858 [info] [main] Validating found git in: "git"
2024-11-02 16:22:57.858 [info] [main] Using git "2.25.1" from "git"
2024-11-02 16:22:57.859 [info] [Model][doInitialScan] Initial repository scan started
2024-11-02 16:22:57.859 [info] > git rev-parse --show-toplevel [255ms]
2024-11-02 16:22:57.911 [info] > git rev-parse --git-dir --git-common-dir [17ms]
2024-11-02 16:22:58.030 [info] [Model][openRepository] Opened repository: /home/aarifah
2024-11-02 16:22:58.221 [info] > git rev-parse --show-toplevel [113ms]
2024-11-02 16:22:58.240 [info] > git config --get commit.template [162ms]
2024-11-02 16:22:58.390 [info] > git rev-parse --show-toplevel [40ms]
2024-11-02 16:22:58.460 [info] > git for-each-ref --format=%(refname)%00%(upstream:short)%00%(objectname)%00%(upstream:track)%00%(upstream:remotename)%00%(upstream:remoteref) refs/heads/field refs/remotes/field [177ms]
2024-11-02 16:22:58.662 [info] > git for-each-ref --sort -committerdate --format %(refname) %(objectname) %(*objectname) [74ms]
2024-11-02 16:22:58.674 [info] > git rev-parse --show-toplevel [15ms]
2024-11-02 16:22:58.753 [info] > git rev-parse --show-toplevel [31ms]
2024-11-02 16:22:58.801 [info] > git rev-parse --show-toplevel [16ms]
2024-11-02 16:22:58.895 [info] > git rev-parse --show-toplevel [47ms]
2024-11-02 16:22:59.073 [info] > git rev-parse --show-toplevel [91ms]
2024-11-02 16:22:59.162 [info] > git rev-parse --show-toplevel [2ms]
2024-11-02 16:22:59.239 [info] > git rev-parse --show-toplevel [19ms]
2024-11-02 16:22:59.296 [info] > git rev-parse --show-toplevel [13ms]
2024-11-02 16:22:59.706 [info] > git check-ignore -v -z --stdin [814ms]
2024-11-02 16:22:59.709 [info] > git rev-parse --show-toplevel [6ms]
2024-11-02 16:22:59.753 [info] > git rev-parse --show-toplevel [12ms]
2024-11-02 16:22:59.823 [info] > git rev-parse --show-toplevel [43ms]
2024-11-02 16:22:59.844 [info] > git rev-parse --show-toplevel [5ms]
2024-11-02 16:22:59.909 [info] > git rev-parse --show-toplevel [1ms]
2024-11-02 16:23:00.212 [info] > git rev-parse --show-toplevel [250ms]
2024-11-02 16:23:00.265 [info] > git rev-parse --git-dir --git-common-dir [28ms]
2024-11-02 16:23:00.286 [info] [Model][openRepository] Opened repository: /home/aarifah/ardupilot
2024-11-02 16:23:00.597 [info] > git rev-parse --show-toplevel [124ms]
2024-11-02 16:23:00.598 [info] > git config --get commit.template [216ms]
2024-11-02 16:23:00.706 [info] > git rev-parse --git-dir --git-common-dir [13ms]
2024-11-02 16:23:00.731 [info] [Model][openRepository] Opened repository: /home/aarifah/ardupilot_gazebo
2024-11-02 16:23:00.865 [info] > git rev-parse --show-toplevel [40ms]
2024-11-02 16:23:00.868 [info] > git config --get commit.template [67ms]
2024-11-02 16:23:01.044 [info] > git for-each-ref --format=%(refname)%00%(upstream:short)%00%(objectname)%00%(upstream:track)%00%(upstream:remotename)%00%(upstream:remoteref) refs/heads/master refs/remotes/master [22ms]
2024-11-02 16:23:01.045 [info] > git rev-parse --show-toplevel [138ms]
2024-11-02 16:23:01.073 [warning] [Git][revParse] Unable to read file: ENOENT: no such file or directory, open '/home/aarifah/ardupilot_gazebo/.git/refs/remotes/origin/master'
2024-11-02 16:23:01.140 [info] > git rev-parse --show-toplevel [60ms]
2024-11-02 16:23:01.193 [info] [Model][doInitialScan] Initial repository scan completed - repositories (3), closed repositories (0), parent repositories (0), unsafe repositories (0)
2024-11-02 16:23:01.340 [info] > git rev-parse refs/remotes/origin/master [267ms]
2024-11-02 16:23:01.396 [info] > git show --textconv :.gazebo/models/field/model.sdf [146ms]
2024-11-02 16:23:01.396 [info] > git show --textconv :.gazebo/models/bookshelf/model-1_2.sdf [127ms]
2024-11-02 16:23:01.396 [info] > git for-each-ref --sort -committerdate --format %(refname) %(objectname) %(*objectname) [20ms]
2024-11-02 16:23:01.432 [info] > git check-ignore -v -z --stdin [323ms]
2024-11-02 16:23:01.500 [info] > git ls-files --stage -- /home/aarifah/.gazebo/models/bookshelf/model-1_2.sdf [176ms]
2024-11-02 16:23:01.518 [info] > git cat-file -s 704842a066683ea845ee93c67e6863fa7dfebf15 [3ms]
2024-11-02 16:23:01.792 [info] > git ls-files --stage -- /home/aarifah/.gazebo/models/field/model.sdf [491ms]
2024-11-02 16:23:03.262 [info] > git status -z -uall [1910ms]
2024-11-02 16:23:03.458 [info] > git for-each-ref --format=%(refname)%00%(upstream:short)%00%(objectname)%00%(upstream:track)%00%(upstream:remotename)%00%(upstream:remoteref) refs/heads/master refs/remotes/master [66ms]
2024-11-02 16:23:03.496 [info] > git config --get commit.template [47ms]
2024-11-02 16:23:03.535 [info] > git config --local branch.master.vscode-merge-base [56ms]
2024-11-02 16:23:03.902 [info] > git for-each-ref --format=%(refname)%00%(upstream:short)%00%(objectname)%00%(upstream:track)%00%(upstream:remotename)%00%(upstream:remoteref) refs/heads/master refs/remotes/master [221ms]
2024-11-02 16:23:03.949 [info] > git for-each-ref --format %(refname) %(objectname) %(*objectname) refs/tags [3235ms]
2024-11-02 16:23:03.987 [info] > git for-each-ref --format=%(refname)%00%(upstream:short)%00%(objectname)%00%(upstream:track)%00%(upstream:remotename)%00%(upstream:remoteref) refs/heads/origin/master refs/remotes/origin/master [432ms]
2024-11-02 16:23:04.167 [warning] [Git][revParse] Unable to read file: ENOENT: no such file or directory, open '/home/aarifah/ardupilot_gazebo/.git/refs/remotes/origin/master'
2024-11-02 16:23:04.171 [info] > git merge-base refs/heads/master refs/remotes/origin/master [153ms]
2024-11-02 16:23:04.221 [info] > git for-each-ref --sort -committerdate --format %(refname) %(objectname) %(*objectname) [199ms]
2024-11-02 16:23:05.651 [info] > git diff --name-status -z --diff-filter=ADMR a28cab40f939a42d4845390ed5ace6d36618385c...refs/remotes/origin/master [1470ms]
2024-11-02 16:23:05.653 [info] > git rev-parse refs/remotes/origin/master [1486ms]
2024-11-02 16:23:05.772 [info] > git for-each-ref --sort -committerdate --format %(refname) %(objectname) %(*objectname) [56ms]
2024-11-02 16:23:06.031 [info] > git status -z -uall [353ms]
2024-11-02 16:23:14.240 [info] > git status -z -uall [10274ms]
2024-11-02 16:23:14.282 [info] > git config --get commit.template [10ms]
2024-11-02 16:23:14.307 [info] > git for-each-ref --format %(refname) %(objectname) %(*objectname) refs/tags [24ms]
2024-11-02 16:23:14.353 [info] > git for-each-ref --sort -committerdate --format %(refname) %(objectname) %(*objectname) [33ms]
2024-11-02 16:23:14.753 [info] > git rev-parse --show-toplevel [2ms]
2024-11-02 16:23:14.767 [info] > git rev-parse --git-dir --git-common-dir [4ms]
2024-11-02 16:23:14.780 [info] [Model][openRepository] Opened repository: /home/aarifah/ardupilot/modules/uavcan
2024-11-02 16:23:14.798 [info] > git rev-parse --show-toplevel [2ms]
2024-11-02 16:23:14.799 [info] > git config --get commit.template [11ms]
2024-11-02 16:23:14.812 [info] > git rev-parse --git-dir --git-common-dir [8ms]
2024-11-02 16:23:14.819 [info] [Model][openRepository] Opened repository: /home/aarifah/ardupilot/modules/waf
2024-11-02 16:23:14.870 [info] > git rev-parse --show-toplevel [33ms]
2024-11-02 16:23:14.871 [info] > git config --get commit.template [47ms]
2024-11-02 16:23:14.872 [info] > git for-each-ref --format %(refname) %(objectname) %(*objectname) refs/tags [61ms]
2024-11-02 16:23:14.965 [info] > git rev-parse --git-dir --git-common-dir [44ms]
2024-11-02 16:23:14.980 [info] [Model][openRepository] Opened repository: /home/aarifah/ardupilot/modules/gbenchmark
2024-11-02 16:23:14.984 [info] > git for-each-ref --sort -committerdate --format %(refname) %(objectname) %(*objectname) [86ms]
2024-11-02 16:23:15.002 [info] > git status -z -uall [112ms]
2024-11-02 16:23:15.019 [info] > git rev-parse --show-toplevel [25ms]
2024-11-02 16:23:15.020 [info] > git config --get commit.template [31ms]
2024-11-02 16:23:15.033 [info] > git config --get commit.template [15ms]
2024-11-02 16:23:15.043 [info] > git rev-parse --git-dir --git-common-dir [10ms]
2024-11-02 16:23:15.054 [info] [Model][openRepository] Opened repository: /home/aarifah/ardupilot/modules/mavlink
2024-11-02 16:23:15.106 [info] > git for-each-ref --format %(refname) %(objectname) %(*objectname) refs/tags [150ms]
2024-11-02 16:23:15.168 [info] > git rev-parse --show-toplevel [73ms]
2024-11-02 16:23:15.169 [info] > git config --get commit.template [84ms]
2024-11-02 16:23:15.169 [info] > git for-each-ref --format %(refname) %(objectname) %(*objectname) refs/tags [92ms]
2024-11-02 16:23:15.186 [info] > git for-each-ref --format %(refname) %(objectname) %(*objectname) refs/tags [149ms]
2024-11-02 16:23:15.249 [info] > git status -z -uall [139ms]
2024-11-02 16:23:15.249 [info] > git status -z -uall [69ms]
2024-11-02 16:23:15.249 [info] > git status -z -uall [53ms]
2024-11-02 16:23:15.250 [info] > git for-each-ref --sort -committerdate --format %(refname) %(objectname) %(*objectname) [64ms]
2024-11-02 16:23:15.252 [info] > git for-each-ref --sort -committerdate --format %(refname) %(objectname) %(*objectname) [116ms]
2024-11-02 16:23:15.288 [info] > git rev-parse --git-dir --git-common-dir [43ms]
2024-11-02 16:23:15.298 [info] [Model][openRepository] Opened repository: /home/aarifah/ardupilot/modules/gtest
2024-11-02 16:23:15.305 [info] > git for-each-ref --sort -committerdate --format %(refname) %(objectname) %(*objectname) [102ms]
2024-11-02 16:23:15.361 [info] > git for-each-ref --format %(refname) %(objectname) %(*objectname) refs/tags [76ms]
2024-11-02 16:23:15.426 [info] > git config --get commit.template [69ms]
2024-11-02 16:23:15.426 [info] > git rev-parse --show-toplevel [85ms]
2024-11-02 16:23:15.428 [info] > git config --get commit.template [93ms]
2024-11-02 16:23:15.428 [info] > git config --get commit.template [105ms]
2024-11-02 16:23:15.554 [info] > git status -z -uall [171ms]
2024-11-02 16:23:15.555 [info] > git rev-parse --git-dir --git-common-dir [87ms]
2024-11-02 16:23:15.605 [info] [Model][openRepository] Opened repository: /home/aarifah/ardupilot/modules/ChibiOS
2024-11-02 16:23:15.606 [info] > git for-each-ref --format %(refname) %(objectname) %(*objectname) refs/tags [155ms]
2024-11-02 16:23:15.631 [info] > git for-each-ref --sort -committerdate --format %(refname) %(objectname) %(*objectname) [229ms]
2024-11-02 16:23:15.687 [info] > git check-ignore -v -z --stdin [167ms]
2024-11-02 16:23:15.688 [info] > git status -z -uall [72ms]
2024-11-02 16:23:15.689 [info] > git for-each-ref --sort -committerdate --format %(refname) %(objectname) %(*objectname) [64ms]
2024-11-02 16:23:15.690 [info] > git for-each-ref --format %(refname) %(objectname) %(*objectname) refs/tags [146ms]
2024-11-02 16:23:15.740 [info] > git for-each-ref --format %(refname) %(objectname) %(*objectname) refs/tags [206ms]
2024-11-02 16:23:15.944 [info] > git status -z -uall [237ms]
2024-11-02 16:23:15.944 [info] > git status -z -uall [130ms]
2024-11-02 16:23:15.945 [info] > git for-each-ref --sort -committerdate --format %(refname) %(objectname) %(*objectname) [204ms]
2024-11-02 16:23:15.950 [info] > git config --get commit.template [274ms]
2024-11-02 16:23:15.950 [info] > git rev-parse --show-toplevel [280ms]
2024-11-02 16:23:15.950 [info] > git config --get commit.template [293ms]
2024-11-02 16:23:15.999 [info] > git for-each-ref --sort -committerdate --format %(refname) %(objectname) %(*objectname) [165ms]
2024-11-02 16:23:16.048 [info] > git rev-parse --git-dir --git-common-dir [50ms]
2024-11-02 16:23:16.053 [info] [Model][openRepository] Opened repository: /home/aarifah/ardupilot/modules/libcanard
2024-11-02 16:23:16.070 [info] > git config --get commit.template [40ms]
2024-11-02 16:23:16.070 [info] > git for-each-ref --format %(refname) %(objectname) %(*objectname) refs/tags [50ms]
2024-11-02 16:23:16.084 [info] > git for-each-ref --format %(refname) %(objectname) %(*objectname) refs/tags [71ms]
2024-11-02 16:23:16.193 [info] > git status -z -uall [119ms]
2024-11-02 16:23:16.194 [info] > git for-each-ref --sort -committerdate --format %(refname) %(objectname) %(*objectname) [109ms]
2024-11-02 16:23:16.195 [info] > git config --get commit.template [127ms]
2024-11-02 16:23:16.269 [info] > git status -z -uall [17761ms]
2024-11-02 16:23:16.269 [info] > git for-each-ref --format %(refname) %(objectname) %(*objectname) refs/tags [35ms]
2024-11-02 16:23:16.318 [info] > git rev-parse --show-toplevel [102ms]
2024-11-02 16:23:16.573 [info] > git status -z -uall [289ms]
2024-11-02 16:23:16.574 [info] > git for-each-ref --format=%(refname)%00%(upstream:short)%00%(objectname)%00%(upstream:track)%00%(upstream:remotename)%00%(upstream:remoteref) refs/heads/field refs/remotes/field [219ms]
2024-11-02 16:23:16.603 [info] > git for-each-ref --sort -committerdate --format %(refname) %(objectname) %(*objectname) [286ms]
2024-11-02 16:23:16.607 [info] > git for-each-ref --format %(refname) %(objectname) %(*objectname) refs/tags [342ms]
2024-11-02 16:23:16.638 [info] > git for-each-ref --sort -committerdate --format %(refname) %(objectname) %(*objectname) [486ms]
2024-11-02 16:23:16.726 [info] > git status -z -uall [115ms]
2024-11-02 16:23:16.726 [info] > git for-each-ref --sort -committerdate --format %(refname) %(objectname) %(*objectname) [89ms]
2024-11-02 16:23:16.739 [info] > git config --local branch.field.vscode-merge-base [137ms]
2024-11-02 16:23:16.739 [warning] [Git][config] git config failed: Failed to execute git
2024-11-02 16:23:16.746 [info] > git config --get commit.template [188ms]
2024-11-02 16:23:16.747 [info] > git rev-parse --git-dir --git-common-dir [205ms]
2024-11-02 16:23:16.773 [info] [Model][openRepository] Opened repository: /home/aarifah/ardupilot/modules/uavcan/dsdl
2024-11-02 16:23:16.940 [info] > git check-ignore -v -z --stdin [238ms]
2024-11-02 16:23:16.943 [info] > git reflog field --grep-reflog=branch: Created from *. [197ms]
2024-11-02 16:23:17.004 [info] > git rev-parse --show-toplevel [71ms]
2024-11-02 16:23:17.004 [info] > git config --get commit.template [75ms]
2024-11-02 16:23:17.005 [info] > git config --get commit.template [89ms]
2024-11-02 16:23:17.007 [info] > git for-each-ref --format=%(refname)%00%(upstream:short)%00%(objectname)%00%(upstream:track)%00%(upstream:remotename)%00%(upstream:remoteref) refs/heads/field refs/remotes/field [33ms]
2024-11-02 16:23:17.083 [info] > git reflog HEAD --grep-reflog=checkout: moving from .* to field [126ms]
2024-11-02 16:23:17.137 [info] > git status -z -uall [2824ms]
2024-11-02 16:23:17.137 [info] > git for-each-ref --format=%(refname)%00%(upstream:short)%00%(objectname)%00%(upstream:track)%00%(upstream:remotename)%00%(upstream:remoteref) refs/heads/master refs/remotes/master [38ms]
2024-11-02 16:23:17.155 [info] > git for-each-ref --sort -committerdate --format %(refname) %(objectname) %(*objectname) [72ms]
2024-11-02 16:23:17.179 [info] > git for-each-ref --format=%(refname)%00%(upstream:short)%00%(objectname)%00%(upstream:track)%00%(upstream:remotename)%00%(upstream:remoteref) refs/remotes/origin/master [25ms]
2024-11-02 16:23:17.205 [info] > git for-each-ref --format %(refname) %(objectname) %(*objectname) refs/tags [72ms]
2024-11-02 16:23:17.216 [info] > git for-each-ref --format %(refname) %(objectname) %(*objectname) refs/tags [94ms]
2024-11-02 16:23:17.247 [info] > git rev-parse --git-dir --git-common-dir [135ms]
2024-11-02 16:23:17.274 [info] [Model][openRepository] Opened repository: /home/aarifah/ardupilot/modules/uavcan/libuavcan/dsdl_compiler/pyuavcan
2024-11-02 16:23:17.313 [info] > git status -z -uall [105ms]
2024-11-02 16:23:17.313 [info] > git status -z -uall [80ms]
2024-11-02 16:23:17.314 [info] > git for-each-ref --sort -committerdate --format %(refname) %(objectname) %(*objectname) [68ms]
2024-11-02 16:23:17.323 [info] > git for-each-ref --sort -committerdate --format %(refname) %(objectname) %(*objectname) [108ms]
2024-11-02 16:23:17.352 [info] > git config --local branch.field.vscode-merge-base origin/master [148ms]
2024-11-02 16:23:17.433 [info] > git status -z -uall [384ms] (cancelled)
2024-11-02 16:23:17.433 [info] > git rev-parse --show-toplevel [132ms]
2024-11-02 16:23:17.434 [info] > git config --get commit.template [141ms]
2024-11-02 16:23:17.454 [info] > git config --get commit.template [37ms]
2024-11-02 16:23:17.454 [info] > git config --get commit.template [53ms]
2024-11-02 16:23:17.455 [info] > git for-each-ref --format=%(refname)%00%(upstream:short)%00%(objectname)%00%(upstream:track)%00%(upstream:remotename)%00%(upstream:remoteref) refs/heads/field refs/remotes/field [87ms]
2024-11-02 16:23:17.476 [info] > git rev-parse --git-dir --git-common-dir [35ms]
2024-11-02 16:23:17.488 [info] [Model][openRepository] Opened repository: /home/aarifah/ardupilot/modules/mavlink/pymavlink
2024-11-02 16:23:17.523 [info] > git config --local branch.field.vscode-merge-base [60ms]
2024-11-02 16:23:17.600 [info] > git for-each-ref --format=%(refname)%00%(upstream:short)%00%(objectname)%00%(upstream:track)%00%(upstream:remotename)%00%(upstream:remoteref) refs/heads/origin/master refs/remotes/origin/master [67ms]
2024-11-02 16:23:17.601 [info] > git for-each-ref --format=%(refname)%00%(upstream:short)%00%(objectname)%00%(upstream:track)%00%(upstream:remotename)%00%(upstream:remoteref) refs/heads/field refs/remotes/field [79ms]
2024-11-02 16:23:17.624 [info] > git for-each-ref --format %(refname) %(objectname) %(*objectname) refs/tags [124ms]
2024-11-02 16:23:17.664 [info] > git for-each-ref --format %(refname) %(objectname) %(*objectname) refs/tags [189ms]
2024-11-02 16:23:17.705 [info] > git check-ignore -v -z --stdin [148ms]
2024-11-02 16:23:17.706 [info] > git status -z -uall [69ms]
2024-11-02 16:23:17.706 [info] > git status -z -uall [37ms]
2024-11-02 16:23:17.707 [info] > git for-each-ref --sort -committerdate --format %(refname) %(objectname) %(*objectname) [44ms]
2024-11-02 16:23:17.709 [info] > git for-each-ref --sort -committerdate --format %(refname) %(objectname) %(*objectname) [85ms]
2024-11-02 16:23:17.710 [info] > git config --get commit.template [142ms]
2024-11-02 16:23:17.716 [info] > git for-each-ref --sort -committerdate --format %(refname) %(objectname) %(*objectname) [29ms]
2024-11-02 16:23:17.815 [info] > git for-each-ref --format %(refname) %(objectname) %(*objectname) refs/tags [59ms]
2024-11-02 16:23:17.841 [info] > git config --get commit.template [47ms]
2024-11-02 16:23:17.865 [info] > git for-each-ref --format %(refname) %(objectname) %(*objectname) refs/tags [14ms]
2024-11-02 16:23:17.883 [info] > git for-each-ref --sort -committerdate --format %(refname) %(objectname) %(*objectname) [42ms]
2024-11-02 16:23:17.887 [info] > git status -z -uall [59ms]
2024-11-02 16:23:17.913 [info] > git status -z -uall [41ms]
2024-11-02 16:23:17.914 [info] > git for-each-ref --sort -committerdate --format %(refname) %(objectname) %(*objectname) [32ms]
2024-11-02 16:23:17.948 [info] > git config --get commit.template [37ms]
2024-11-02 16:23:17.953 [info] > git for-each-ref --format %(refname) %(objectname) %(*objectname) refs/tags [20ms]
2024-11-02 16:23:18.000 [info] > git for-each-ref --sort -committerdate --format %(refname) %(objectname) %(*objectname) [14ms]
2024-11-02 16:23:18.020 [info] > git status -z -uall [60ms]
2024-11-02 16:23:18.291 [info] > git check-ignore -v -z --stdin [82ms]
2024-11-02 16:23:18.424 [info] > git rev-parse --show-toplevel [5ms]
2024-11-02 16:23:18.432 [info] > git rev-parse --git-dir --git-common-dir [3ms]
2024-11-02 16:23:18.437 [info] [Model][openRepository] Opened repository: /home/aarifah/ardupilot/modules/libcanard/drivers/avr/avr-can-lib
2024-11-02 16:23:18.486 [info] > git config --get commit.template [16ms]
2024-11-02 16:23:18.527 [info] > git rev-parse --show-toplevel [43ms]
2024-11-02 16:23:18.551 [info] > git status -z -uall [2447ms]
2024-11-02 16:23:18.551 [info] > git rev-parse --git-dir --git-common-dir [7ms]
2024-11-02 16:23:18.563 [info] [Model][openRepository] Opened repository: /home/aarifah/ardupilot/modules/libcanard/dsdl_compiler/pyuavcan
2024-11-02 16:23:18.569 [info] > git for-each-ref --format %(refname) %(objectname) %(*objectname) refs/tags [43ms]
2024-11-02 16:23:18.639 [info] > git status -z -uall [66ms]
2024-11-02 16:23:18.642 [info] > git config --get commit.template [21ms]
2024-11-02 16:23:18.642 [info] > git rev-parse --show-toplevel [33ms]
2024-11-02 16:23:18.651 [info] > git config --get commit.template [52ms]
2024-11-02 16:23:18.661 [info] > git for-each-ref --sort -committerdate --format %(refname) %(objectname) %(*objectname) [68ms]
2024-11-02 16:23:18.735 [info] > git config --get commit.template [42ms]
2024-11-02 16:23:18.735 [info] > git rev-parse --git-dir --git-common-dir [58ms]
2024-11-02 16:23:18.740 [info] [Model][openRepository] Opened repository: /home/aarifah/ardupilot/modules/uavcan/libuavcan/dsdl_compiler/pyuavcan/dsdl
2024-11-02 16:23:18.752 [info] > git for-each-ref --format %(refname) %(objectname) %(*objectname) refs/tags [19ms]
2024-11-02 16:23:18.833 [info] > git for-each-ref --format %(refname) %(objectname) %(*objectname) refs/tags [117ms]
2024-11-02 16:23:18.883 [info] > git for-each-ref --sort -committerdate --format %(refname) %(objectname) %(*objectname) [51ms]
2024-11-02 16:23:18.884 [info] > git config --get commit.template [134ms]
2024-11-02 16:23:18.886 [info] > git for-each-ref --format %(refname) %(objectname) %(*objectname) refs/tags [10ms]
2024-11-02 16:23:18.906 [info] > git for-each-ref --sort -committerdate --format %(refname) %(objectname) %(*objectname) [37ms]
2024-11-02 16:23:18.924 [info] > git status -z -uall [59ms]
2024-11-02 16:23:18.924 [info] > git status -z -uall [32ms]
2024-11-02 16:23:18.924 [info] > git for-each-ref --sort -committerdate --format %(refname) %(objectname) %(*objectname) [18ms]
2024-11-02 16:23:18.930 [info] > git for-each-ref --format %(refname) %(objectname) %(*objectname) refs/tags [13ms]
2024-11-02 16:23:19.160 [info] > git status -z -uall [224ms]
2024-11-02 16:23:19.160 [info] > git for-each-ref --sort -committerdate --format %(refname) %(objectname) %(*objectname) [214ms]
2024-11-02 16:23:19.225 [info] > git config --get commit.template [68ms]
2024-11-02 16:23:19.233 [info] > git check-ignore -v -z --stdin [99ms]
2024-11-02 16:23:19.244 [info] > git config --get commit.template [19ms]
2024-11-02 16:23:19.266 [info] > git for-each-ref --format %(refname) %(objectname) %(*objectname) refs/tags [24ms]
2024-11-02 16:23:19.302 [info] > git for-each-ref --format %(refname) %(objectname) %(*objectname) refs/tags [38ms]
2024-11-02 16:23:19.366 [info] > git status -z -uall [82ms]
2024-11-02 16:23:19.366 [info] > git status -z -uall [44ms]
2024-11-02 16:23:19.367 [info] > git for-each-ref --sort -committerdate --format %(refname) %(objectname) %(*objectname) [66ms]
2024-11-02 16:23:19.383 [info] > git for-each-ref --sort -committerdate --format %(refname) %(objectname) %(*objectname) [21ms]
2024-11-02 16:23:19.875 [info] > git rev-parse --show-toplevel [2ms]
2024-11-02 16:23:19.884 [info] > git rev-parse --git-dir --git-common-dir [5ms]
2024-11-02 16:23:19.892 [info] [Model][openRepository] Opened repository: /home/aarifah/ardupilot/modules/libcanard/dsdl_compiler/pyuavcan/uavcan/dsdl_files
2024-11-02 16:23:19.940 [info] > git config --get commit.template [33ms]
2024-11-02 16:23:19.943 [info] > git for-each-ref --format %(refname) %(objectname) %(*objectname) refs/tags [4ms]
2024-11-02 16:23:19.986 [info] > git status -z -uall [31ms]
2024-11-02 16:23:20.000 [info] > git for-each-ref --sort -committerdate --format %(refname) %(objectname) %(*objectname) [26ms]
2024-11-02 16:23:20.025 [info] > git config --get commit.template [13ms]
2024-11-02 16:23:20.028 [info] > git for-each-ref --format %(refname) %(objectname) %(*objectname) refs/tags [4ms]
2024-11-02 16:23:20.054 [info] > git status -z -uall [18ms]
2024-11-02 16:23:20.056 [info] > git for-each-ref --sort -committerdate --format %(refname) %(objectname) %(*objectname) [5ms]
2024-11-02 16:23:20.541 [info] > git check-ignore -v -z --stdin [57ms]
2024-11-02 16:23:20.686 [info] > git status -z -uall [1884ms]
2024-11-02 16:23:20.742 [info] > git status -z -uall [3137ms]
2024-11-02 16:31:41.597 [info] > git config --get commit.template [2ms]
2024-11-02 16:31:41.611 [info] > git for-each-ref --format=%(refname)%00%(upstream:short)%00%(objectname)%00%(upstream:track)%00%(upstream:remotename)%00%(upstream:remoteref) refs/heads/field refs/remotes/field [4ms]
2024-11-02 16:31:41.630 [info] > git for-each-ref --sort -committerdate --format %(refname) %(objectname) %(*objectname) [3ms]
2024-11-02 16:31:43.580 [info] > git status -z -uall [1959ms]
2024-11-02 16:32:24.528 [info] > git config --get commit.template [9ms]
2024-11-02 16:32:24.536 [info] > git for-each-ref --format=%(refname)%00%(upstream:short)%00%(objectname)%00%(upstream:track)%00%(upstream:remotename)%00%(upstream:remoteref) refs/heads/field refs/remotes/field [10ms]
2024-11-02 16:32:24.560 [info] > git for-each-ref --sort -committerdate --format %(refname) %(objectname) %(*objectname) [4ms]
2024-11-02 16:32:26.729 [info] > git status -z -uall [2186ms]
2024-11-02 18:26:11.759 [info] > git config --get commit.template [4ms]
2024-11-02 18:26:11.776 [info] > git for-each-ref --format=%(refname)%00%(upstream:short)%00%(objectname)%00%(upstream:track)%00%(upstream:remotename)%00%(upstream:remoteref) refs/heads/field refs/remotes/field [4ms]
2024-11-02 18:26:11.794 [info] > git for-each-ref --sort -committerdate --format %(refname) %(objectname) %(*objectname) [3ms]
2024-11-02 18:26:14.620 [info] > git status -z -uall [2838ms]
2024-11-02 18:26:19.642 [info] > git config --get commit.template [7ms]
2024-11-02 18:26:19.653 [info] > git for-each-ref --format=%(refname)%00%(upstream:short)%00%(objectname)%00%(upstream:track)%00%(upstream:remotename)%00%(upstream:remoteref) refs/heads/field refs/remotes/field [4ms]
2024-11-02 18:26:19.671 [info] > git for-each-ref --sort -committerdate --format %(refname) %(objectname) %(*objectname) [3ms]
2024-11-02 18:26:21.705 [info] > git check-ignore -v -z --stdin [63ms]
2024-11-02 18:26:21.706 [info] > git check-ignore -v -z --stdin [55ms]
2024-11-02 18:26:21.707 [info] > git check-ignore -v -z --stdin [5ms]
2024-11-02 18:26:21.839 [info] > git status -z -uall [2178ms]
2024-11-02 18:26:23.422 [info] > git check-ignore -v -z --stdin [19ms]
2024-11-02 18:26:23.970 [info] > git check-ignore -v -z --stdin [36ms]
2024-11-02 18:26:26.219 [info] > git check-ignore -v -z --stdin [10ms]
2024-11-02 18:26:26.877 [info] > git config --get commit.template [19ms]
2024-11-02 18:26:26.884 [info] > git for-each-ref --format=%(refname)%00%(upstream:short)%00%(objectname)%00%(upstream:track)%00%(upstream:remotename)%00%(upstream:remoteref) refs/heads/field refs/remotes/field [9ms]
2024-11-02 18:26:26.941 [info] > git for-each-ref --sort -committerdate --format %(refname) %(objectname) %(*objectname) [8ms]
2024-11-02 18:26:29.135 [info] > git status -z -uall [2240ms]
2024-11-02 18:26:30.164 [info] > git check-ignore -v -z --stdin [48ms]
2024-11-02 18:26:34.168 [info] > git config --get commit.template [12ms]
2024-11-02 18:26:34.181 [info] > git for-each-ref --format=%(refname)%00%(upstream:short)%00%(objectname)%00%(upstream:track)%00%(upstream:remotename)%00%(upstream:remoteref) refs/heads/field refs/remotes/field [19ms]
2024-11-02 18:26:34.212 [info] > git for-each-ref --sort -committerdate --format %(refname) %(objectname) %(*objectname) [3ms]
2024-11-02 18:26:36.037 [info] > git status -z -uall [1841ms]
2024-11-02 19:19:51.363 [info] > git config --get commit.template [184ms]
2024-11-02 19:19:51.390 [info] > git for-each-ref --format=%(refname)%00%(upstream:short)%00%(objectname)%00%(upstream:track)%00%(upstream:remotename)%00%(upstream:remoteref) refs/heads/field refs/remotes/field [131ms]
2024-11-02 19:19:51.483 [info] > git for-each-ref --sort -committerdate --format %(refname) %(objectname) %(*objectname) [68ms]
2024-11-02 19:19:59.602 [info] > git status -z -uall [8200ms]
2024-11-03 23:10:35.829 [info] > git config --get commit.template [79ms]
2024-11-03 23:10:35.861 [info] > git for-each-ref --format=%(refname)%00%(upstream:short)%00%(objectname)%00%(upstream:track)%00%(upstream:remotename)%00%(upstream:remoteref) refs/heads/field refs/remotes/field [79ms]
2024-11-03 23:10:35.923 [info] > git for-each-ref --sort -committerdate --format %(refname) %(objectname) %(*objectname) [34ms]
2024-11-03 23:11:09.966 [info] > git status -z -uall [34095ms]
