2024-11-02 16:22:40.683 [info] Extension host with pid 19111 started
2024-11-02 16:22:40.684 [error] Error: EEXIST: file already exists, open '/home/aarifah/.vscode-server/data/User/workspaceStorage/54d1a6299d63f10e1d1076e21a5dd078/vscode.lock'
2024-11-02 16:22:40.813 [info] Lock '/home/aarifah/.vscode-server/data/User/workspaceStorage/54d1a6299d63f10e1d1076e21a5dd078/vscode.lock': Could not acquire lock, checking if the file is stale.
2024-11-02 16:22:40.890 [info] ExtensionService#_doActivateExtension vscode.emmet, startup: false, activationEvent: 'onLanguage'
2024-11-02 16:22:41.228 [info] Lock '/home/aarifah/.vscode-server/data/User/workspaceStorage/54d1a6299d63f10e1d1076e21a5dd078/vscode.lock': The pid 2305 appears to be gone.
2024-11-02 16:22:41.228 [info] Lock '/home/aarifah/.vscode-server/data/User/workspaceStorage/54d1a6299d63f10e1d1076e21a5dd078/vscode.lock': Deleting a stale lock.
2024-11-02 16:22:41.316 [info] Lock '/home/aarifah/.vscode-server/data/User/workspaceStorage/54d1a6299d63f10e1d1076e21a5dd078/vscode.lock': Lock acquired.
2024-11-02 16:22:41.454 [info] ExtensionService#_doActivateExtension vscode.git-base, startup: true, activationEvent: '*', root cause: vscode.git
2024-11-02 16:22:41.528 [info] ExtensionService#_doActivateExtension vscode.git, startup: true, activationEvent: '*'
2024-11-02 16:22:41.529 [info] ExtensionService#_doActivateExtension vscode.github, startup: true, activationEvent: '*'
2024-11-02 16:22:52.541 [info] ExtensionService#_doActivateExtension vscode.debug-auto-launch, startup: false, activationEvent: 'onStartupFinished'
2024-11-02 16:22:52.560 [info] ExtensionService#_doActivateExtension vscode.merge-conflict, startup: false, activationEvent: 'onStartupFinished'
2024-11-02 16:22:56.737 [info] Eager extensions activated
2024-11-02 19:06:11.639 [error] Error: read ECONNRESET
	at TCP.onStreamRead (node:internal/stream_base_commons:218:20)
2024-11-02 19:31:48.129 [info] ExtensionService#_doActivateExtension vscode.tunnel-forwarding, startup: false, activationEvent: 'onTunnel'
2024-11-02 21:06:00.629 [error] Error: read ECONNRESET
	at TCP.onStreamRead (node:internal/stream_base_commons:218:20)
2024-11-04 14:07:17.715 [info] Extension host terminating: renderer disconnected for too long (1)
2024-11-04 14:07:17.831 [info] Lock '/home/aarifah/.vscode-server/data/User/workspaceStorage/54d1a6299d63f10e1d1076e21a5dd078/vscode.lock': Marking the lockfile as scheduled to be released in 6000 ms.
2024-11-04 14:07:19.867 [error] Canceled: Canceled
	at new tT (file:///home/aarifah/.vscode-server/bin/912bb683695358a54ae0c670461738984cbb5b95/out/vs/workbench/api/node/extensionHostProcess.js:31:151066)
	at py.U (file:///home/aarifah/.vscode-server/bin/912bb683695358a54ae0c670461738984cbb5b95/out/vs/workbench/api/node/extensionHostProcess.js:31:155676)
	at s.<computed>.n.charCodeAt.s.<computed> (file:///home/aarifah/.vscode-server/bin/912bb683695358a54ae0c670461738984cbb5b95/out/vs/workbench/api/node/extensionHostProcess.js:31:153170)
	at Y0.g (file:///home/aarifah/.vscode-server/bin/912bb683695358a54ae0c670461738984cbb5b95/out/vs/workbench/api/node/extensionHostProcess.js:114:32313)
	at Y0.executeCommand (file:///home/aarifah/.vscode-server/bin/912bb683695358a54ae0c670461738984cbb5b95/out/vs/workbench/api/node/extensionHostProcess.js:114:31817)
	at r.registerCommand.description (file:///home/aarifah/.vscode-server/bin/912bb683695358a54ae0c670461738984cbb5b95/out/vs/workbench/api/node/extensionHostProcess.js:114:31147)
	at Y0.h (file:///home/aarifah/.vscode-server/bin/912bb683695358a54ae0c670461738984cbb5b95/out/vs/workbench/api/node/extensionHostProcess.js:114:32833)
	at Y0.g (file:///home/aarifah/.vscode-server/bin/912bb683695358a54ae0c670461738984cbb5b95/out/vs/workbench/api/node/extensionHostProcess.js:114:31910)
	at Y0.executeCommand (file:///home/aarifah/.vscode-server/bin/912bb683695358a54ae0c670461738984cbb5b95/out/vs/workbench/api/node/extensionHostProcess.js:114:31817)
	at Object.executeCommand (file:///home/aarifah/.vscode-server/bin/912bb683695358a54ae0c670461738984cbb5b95/out/vs/workbench/api/node/extensionHostProcess.js:156:37246)
	at mh.O [as value] (/home/aarifah/.vscode-server/bin/912bb683695358a54ae0c670461738984cbb5b95/extensions/git/dist/main.js:2:961845)
	at P.B (file:///home/aarifah/.vscode-server/bin/912bb683695358a54ae0c670461738984cbb5b95/out/vs/workbench/api/node/extensionHostProcess.js:29:746)
	at P.C (file:///home/aarifah/.vscode-server/bin/912bb683695358a54ae0c670461738984cbb5b95/out/vs/workbench/api/node/extensionHostProcess.js:29:816)
	at P.fire (file:///home/aarifah/.vscode-server/bin/912bb683695358a54ae0c670461738984cbb5b95/out/vs/workbench/api/node/extensionHostProcess.js:29:1033)
	at Object.p [as dispose] (/home/aarifah/.vscode-server/bin/912bb683695358a54ae0c670461738984cbb5b95/extensions/git/dist/main.js:2:983333)
	at /home/aarifah/.vscode-server/bin/912bb683695358a54ae0c670461738984cbb5b95/extensions/git/dist/main.js:2:989455
	at Array.forEach (<anonymous>)
	at b.dispose (/home/aarifah/.vscode-server/bin/912bb683695358a54ae0c670461738984cbb5b95/extensions/git/dist/main.js:2:989441)
	at V1.<anonymous> (file:///home/aarifah/.vscode-server/bin/912bb683695358a54ae0c670461738984cbb5b95/out/vs/workbench/api/node/extensionHostProcess.js:108:19994)
	at V1.dispose (file:///home/aarifah/.vscode-server/bin/912bb683695358a54ae0c670461738984cbb5b95/out/vs/workbench/api/node/extensionHostProcess.js:108:20090)
	at V1.<anonymous> (/home/aarifah/.vscode-server/bin/912bb683695358a54ae0c670461738984cbb5b95/extensions/git/dist/main.js:2:964255)
	at V1.dispose (file:///home/aarifah/.vscode-server/bin/912bb683695358a54ae0c670461738984cbb5b95/out/vs/workbench/api/node/extensionHostProcess.js:108:20090)
	at ci (file:///home/aarifah/.vscode-server/bin/912bb683695358a54ae0c670461738984cbb5b95/out/vs/workbench/api/node/extensionHostProcess.js:24:699)
	at file:///home/aarifah/.vscode-server/bin/912bb683695358a54ae0c670461738984cbb5b95/out/vs/workbench/api/node/extensionHostProcess.js:118:14992
	at file:///home/aarifah/.vscode-server/bin/912bb683695358a54ae0c670461738984cbb5b95/out/vs/workbench/api/node/extensionHostProcess.js:24:1009
	at Object.dispose (file:///home/aarifah/.vscode-server/bin/912bb683695358a54ae0c670461738984cbb5b95/out/vs/workbench/api/node/extensionHostProcess.js:7:2146)
	at _z.eb (file:///home/aarifah/.vscode-server/bin/912bb683695358a54ae0c670461738984cbb5b95/out/vs/workbench/api/node/extensionHostProcess.js:118:11919)
	at file:///home/aarifah/.vscode-server/bin/912bb683695358a54ae0c670461738984cbb5b95/out/vs/workbench/api/node/extensionHostProcess.js:118:9874
	at Array.map (<anonymous>)
	at _z.$ (file:///home/aarifah/.vscode-server/bin/912bb683695358a54ae0c670461738984cbb5b95/out/vs/workbench/api/node/extensionHostProcess.js:118:9862)
	at _z.terminate (file:///home/aarifah/.vscode-server/bin/912bb683695358a54ae0c670461738984cbb5b95/out/vs/workbench/api/node/extensionHostProcess.js:118:10105)
	at xC.terminate (file:///home/aarifah/.vscode-server/bin/912bb683695358a54ae0c670461738984cbb5b95/out/vs/workbench/api/node/extensionHostProcess.js:119:1424)
	at Zi (file:///home/aarifah/.vscode-server/bin/912bb683695358a54ae0c670461738984cbb5b95/out/vs/workbench/api/node/extensionHostProcess.js:174:15063)
	at c5.a (file:///home/aarifah/.vscode-server/bin/912bb683695358a54ae0c670461738984cbb5b95/out/vs/workbench/api/node/extensionHostProcess.js:174:11915)
	at c5.h (file:///home/aarifah/.vscode-server/bin/912bb683695358a54ae0c670461738984cbb5b95/out/vs/workbench/api/node/extensionHostProcess.js:30:75682)
	at listOnTimeout (node:internal/timers:581:17)
	at process.processTimers (node:internal/timers:519:7) setContext undefined
2024-11-04 14:07:19.875 [error] Canceled: Canceled
	at new tT (file:///home/aarifah/.vscode-server/bin/912bb683695358a54ae0c670461738984cbb5b95/out/vs/workbench/api/node/extensionHostProcess.js:31:151066)
	at py.U (file:///home/aarifah/.vscode-server/bin/912bb683695358a54ae0c670461738984cbb5b95/out/vs/workbench/api/node/extensionHostProcess.js:31:155676)
	at s.<computed>.n.charCodeAt.s.<computed> (file:///home/aarifah/.vscode-server/bin/912bb683695358a54ae0c670461738984cbb5b95/out/vs/workbench/api/node/extensionHostProcess.js:31:153170)
	at Y0.g (file:///home/aarifah/.vscode-server/bin/912bb683695358a54ae0c670461738984cbb5b95/out/vs/workbench/api/node/extensionHostProcess.js:114:32313)
	at Y0.executeCommand (file:///home/aarifah/.vscode-server/bin/912bb683695358a54ae0c670461738984cbb5b95/out/vs/workbench/api/node/extensionHostProcess.js:114:31817)
	at r.registerCommand.description (file:///home/aarifah/.vscode-server/bin/912bb683695358a54ae0c670461738984cbb5b95/out/vs/workbench/api/node/extensionHostProcess.js:114:31147)
	at Y0.h (file:///home/aarifah/.vscode-server/bin/912bb683695358a54ae0c670461738984cbb5b95/out/vs/workbench/api/node/extensionHostProcess.js:114:32833)
	at Y0.g (file:///home/aarifah/.vscode-server/bin/912bb683695358a54ae0c670461738984cbb5b95/out/vs/workbench/api/node/extensionHostProcess.js:114:31910)
	at Y0.executeCommand (file:///home/aarifah/.vscode-server/bin/912bb683695358a54ae0c670461738984cbb5b95/out/vs/workbench/api/node/extensionHostProcess.js:114:31817)
	at Object.executeCommand (file:///home/aarifah/.vscode-server/bin/912bb683695358a54ae0c670461738984cbb5b95/out/vs/workbench/api/node/extensionHostProcess.js:156:37246)
	at mh.O [as value] (/home/aarifah/.vscode-server/bin/912bb683695358a54ae0c670461738984cbb5b95/extensions/git/dist/main.js:2:961845)
	at P.B (file:///home/aarifah/.vscode-server/bin/912bb683695358a54ae0c670461738984cbb5b95/out/vs/workbench/api/node/extensionHostProcess.js:29:746)
	at P.C (file:///home/aarifah/.vscode-server/bin/912bb683695358a54ae0c670461738984cbb5b95/out/vs/workbench/api/node/extensionHostProcess.js:29:816)
	at P.fire (file:///home/aarifah/.vscode-server/bin/912bb683695358a54ae0c670461738984cbb5b95/out/vs/workbench/api/node/extensionHostProcess.js:29:1033)
	at Object.p [as dispose] (/home/aarifah/.vscode-server/bin/912bb683695358a54ae0c670461738984cbb5b95/extensions/git/dist/main.js:2:983333)
	at /home/aarifah/.vscode-server/bin/912bb683695358a54ae0c670461738984cbb5b95/extensions/git/dist/main.js:2:989455
	at Array.forEach (<anonymous>)
	at b.dispose (/home/aarifah/.vscode-server/bin/912bb683695358a54ae0c670461738984cbb5b95/extensions/git/dist/main.js:2:989441)
	at V1.<anonymous> (file:///home/aarifah/.vscode-server/bin/912bb683695358a54ae0c670461738984cbb5b95/out/vs/workbench/api/node/extensionHostProcess.js:108:19994)
	at V1.dispose (file:///home/aarifah/.vscode-server/bin/912bb683695358a54ae0c670461738984cbb5b95/out/vs/workbench/api/node/extensionHostProcess.js:108:20090)
	at V1.<anonymous> (/home/aarifah/.vscode-server/bin/912bb683695358a54ae0c670461738984cbb5b95/extensions/git/dist/main.js:2:964255)
	at V1.dispose (file:///home/aarifah/.vscode-server/bin/912bb683695358a54ae0c670461738984cbb5b95/out/vs/workbench/api/node/extensionHostProcess.js:108:20090)
	at ci (file:///home/aarifah/.vscode-server/bin/912bb683695358a54ae0c670461738984cbb5b95/out/vs/workbench/api/node/extensionHostProcess.js:24:699)
	at file:///home/aarifah/.vscode-server/bin/912bb683695358a54ae0c670461738984cbb5b95/out/vs/workbench/api/node/extensionHostProcess.js:118:14992
	at file:///home/aarifah/.vscode-server/bin/912bb683695358a54ae0c670461738984cbb5b95/out/vs/workbench/api/node/extensionHostProcess.js:24:1009
	at Object.dispose (file:///home/aarifah/.vscode-server/bin/912bb683695358a54ae0c670461738984cbb5b95/out/vs/workbench/api/node/extensionHostProcess.js:7:2146)
	at _z.eb (file:///home/aarifah/.vscode-server/bin/912bb683695358a54ae0c670461738984cbb5b95/out/vs/workbench/api/node/extensionHostProcess.js:118:11919)
	at file:///home/aarifah/.vscode-server/bin/912bb683695358a54ae0c670461738984cbb5b95/out/vs/workbench/api/node/extensionHostProcess.js:118:9874
	at Array.map (<anonymous>)
	at _z.$ (file:///home/aarifah/.vscode-server/bin/912bb683695358a54ae0c670461738984cbb5b95/out/vs/workbench/api/node/extensionHostProcess.js:118:9862)
	at _z.terminate (file:///home/aarifah/.vscode-server/bin/912bb683695358a54ae0c670461738984cbb5b95/out/vs/workbench/api/node/extensionHostProcess.js:118:10105)
	at xC.terminate (file:///home/aarifah/.vscode-server/bin/912bb683695358a54ae0c670461738984cbb5b95/out/vs/workbench/api/node/extensionHostProcess.js:119:1424)
	at Zi (file:///home/aarifah/.vscode-server/bin/912bb683695358a54ae0c670461738984cbb5b95/out/vs/workbench/api/node/extensionHostProcess.js:174:15063)
	at c5.a (file:///home/aarifah/.vscode-server/bin/912bb683695358a54ae0c670461738984cbb5b95/out/vs/workbench/api/node/extensionHostProcess.js:174:11915)
	at c5.h (file:///home/aarifah/.vscode-server/bin/912bb683695358a54ae0c670461738984cbb5b95/out/vs/workbench/api/node/extensionHostProcess.js:30:75682)
	at listOnTimeout (node:internal/timers:581:17)
	at process.processTimers (node:internal/timers:519:7) setContext undefined
2024-11-04 14:07:19.876 [error] Canceled: Canceled
	at new tT (file:///home/aarifah/.vscode-server/bin/912bb683695358a54ae0c670461738984cbb5b95/out/vs/workbench/api/node/extensionHostProcess.js:31:151066)
	at py.U (file:///home/aarifah/.vscode-server/bin/912bb683695358a54ae0c670461738984cbb5b95/out/vs/workbench/api/node/extensionHostProcess.js:31:155676)
	at s.<computed>.n.charCodeAt.s.<computed> (file:///home/aarifah/.vscode-server/bin/912bb683695358a54ae0c670461738984cbb5b95/out/vs/workbench/api/node/extensionHostProcess.js:31:153170)
	at Y0.g (file:///home/aarifah/.vscode-server/bin/912bb683695358a54ae0c670461738984cbb5b95/out/vs/workbench/api/node/extensionHostProcess.js:114:32313)
	at Y0.executeCommand (file:///home/aarifah/.vscode-server/bin/912bb683695358a54ae0c670461738984cbb5b95/out/vs/workbench/api/node/extensionHostProcess.js:114:31817)
	at r.registerCommand.description (file:///home/aarifah/.vscode-server/bin/912bb683695358a54ae0c670461738984cbb5b95/out/vs/workbench/api/node/extensionHostProcess.js:114:31147)
	at Y0.h (file:///home/aarifah/.vscode-server/bin/912bb683695358a54ae0c670461738984cbb5b95/out/vs/workbench/api/node/extensionHostProcess.js:114:32833)
	at Y0.g (file:///home/aarifah/.vscode-server/bin/912bb683695358a54ae0c670461738984cbb5b95/out/vs/workbench/api/node/extensionHostProcess.js:114:31910)
	at Y0.executeCommand (file:///home/aarifah/.vscode-server/bin/912bb683695358a54ae0c670461738984cbb5b95/out/vs/workbench/api/node/extensionHostProcess.js:114:31817)
	at Object.executeCommand (file:///home/aarifah/.vscode-server/bin/912bb683695358a54ae0c670461738984cbb5b95/out/vs/workbench/api/node/extensionHostProcess.js:156:37246)
	at mh.O [as value] (/home/aarifah/.vscode-server/bin/912bb683695358a54ae0c670461738984cbb5b95/extensions/git/dist/main.js:2:961845)
	at P.B (file:///home/aarifah/.vscode-server/bin/912bb683695358a54ae0c670461738984cbb5b95/out/vs/workbench/api/node/extensionHostProcess.js:29:746)
	at P.C (file:///home/aarifah/.vscode-server/bin/912bb683695358a54ae0c670461738984cbb5b95/out/vs/workbench/api/node/extensionHostProcess.js:29:816)
	at P.fire (file:///home/aarifah/.vscode-server/bin/912bb683695358a54ae0c670461738984cbb5b95/out/vs/workbench/api/node/extensionHostProcess.js:29:1033)
	at Object.p [as dispose] (/home/aarifah/.vscode-server/bin/912bb683695358a54ae0c670461738984cbb5b95/extensions/git/dist/main.js:2:983333)
	at /home/aarifah/.vscode-server/bin/912bb683695358a54ae0c670461738984cbb5b95/extensions/git/dist/main.js:2:989455
	at Array.forEach (<anonymous>)
	at b.dispose (/home/aarifah/.vscode-server/bin/912bb683695358a54ae0c670461738984cbb5b95/extensions/git/dist/main.js:2:989441)
	at V1.<anonymous> (file:///home/aarifah/.vscode-server/bin/912bb683695358a54ae0c670461738984cbb5b95/out/vs/workbench/api/node/extensionHostProcess.js:108:19994)
	at V1.dispose (file:///home/aarifah/.vscode-server/bin/912bb683695358a54ae0c670461738984cbb5b95/out/vs/workbench/api/node/extensionHostProcess.js:108:20090)
	at V1.<anonymous> (/home/aarifah/.vscode-server/bin/912bb683695358a54ae0c670461738984cbb5b95/extensions/git/dist/main.js:2:964255)
	at V1.dispose (file:///home/aarifah/.vscode-server/bin/912bb683695358a54ae0c670461738984cbb5b95/out/vs/workbench/api/node/extensionHostProcess.js:108:20090)
	at ci (file:///home/aarifah/.vscode-server/bin/912bb683695358a54ae0c670461738984cbb5b95/out/vs/workbench/api/node/extensionHostProcess.js:24:699)
	at file:///home/aarifah/.vscode-server/bin/912bb683695358a54ae0c670461738984cbb5b95/out/vs/workbench/api/node/extensionHostProcess.js:118:14992
	at file:///home/aarifah/.vscode-server/bin/912bb683695358a54ae0c670461738984cbb5b95/out/vs/workbench/api/node/extensionHostProcess.js:24:1009
	at Object.dispose (file:///home/aarifah/.vscode-server/bin/912bb683695358a54ae0c670461738984cbb5b95/out/vs/workbench/api/node/extensionHostProcess.js:7:2146)
	at _z.eb (file:///home/aarifah/.vscode-server/bin/912bb683695358a54ae0c670461738984cbb5b95/out/vs/workbench/api/node/extensionHostProcess.js:118:11919)
	at file:///home/aarifah/.vscode-server/bin/912bb683695358a54ae0c670461738984cbb5b95/out/vs/workbench/api/node/extensionHostProcess.js:118:9874
	at Array.map (<anonymous>)
	at _z.$ (file:///home/aarifah/.vscode-server/bin/912bb683695358a54ae0c670461738984cbb5b95/out/vs/workbench/api/node/extensionHostProcess.js:118:9862)
	at _z.terminate (file:///home/aarifah/.vscode-server/bin/912bb683695358a54ae0c670461738984cbb5b95/out/vs/workbench/api/node/extensionHostProcess.js:118:10105)
	at xC.terminate (file:///home/aarifah/.vscode-server/bin/912bb683695358a54ae0c670461738984cbb5b95/out/vs/workbench/api/node/extensionHostProcess.js:119:1424)
	at Zi (file:///home/aarifah/.vscode-server/bin/912bb683695358a54ae0c670461738984cbb5b95/out/vs/workbench/api/node/extensionHostProcess.js:174:15063)
	at c5.a (file:///home/aarifah/.vscode-server/bin/912bb683695358a54ae0c670461738984cbb5b95/out/vs/workbench/api/node/extensionHostProcess.js:174:11915)
	at c5.h (file:///home/aarifah/.vscode-server/bin/912bb683695358a54ae0c670461738984cbb5b95/out/vs/workbench/api/node/extensionHostProcess.js:30:75682)
	at listOnTimeout (node:internal/timers:581:17)
	at process.processTimers (node:internal/timers:519:7) setContext undefined
2024-11-04 14:07:19.877 [error] Canceled: Canceled
	at new tT (file:///home/aarifah/.vscode-server/bin/912bb683695358a54ae0c670461738984cbb5b95/out/vs/workbench/api/node/extensionHostProcess.js:31:151066)
	at py.U (file:///home/aarifah/.vscode-server/bin/912bb683695358a54ae0c670461738984cbb5b95/out/vs/workbench/api/node/extensionHostProcess.js:31:155676)
	at s.<computed>.n.charCodeAt.s.<computed> (file:///home/aarifah/.vscode-server/bin/912bb683695358a54ae0c670461738984cbb5b95/out/vs/workbench/api/node/extensionHostProcess.js:31:153170)
	at Y0.g (file:///home/aarifah/.vscode-server/bin/912bb683695358a54ae0c670461738984cbb5b95/out/vs/workbench/api/node/extensionHostProcess.js:114:32313)
	at Y0.executeCommand (file:///home/aarifah/.vscode-server/bin/912bb683695358a54ae0c670461738984cbb5b95/out/vs/workbench/api/node/extensionHostProcess.js:114:31817)
	at r.registerCommand.description (file:///home/aarifah/.vscode-server/bin/912bb683695358a54ae0c670461738984cbb5b95/out/vs/workbench/api/node/extensionHostProcess.js:114:31147)
	at Y0.h (file:///home/aarifah/.vscode-server/bin/912bb683695358a54ae0c670461738984cbb5b95/out/vs/workbench/api/node/extensionHostProcess.js:114:32833)
	at Y0.g (file:///home/aarifah/.vscode-server/bin/912bb683695358a54ae0c670461738984cbb5b95/out/vs/workbench/api/node/extensionHostProcess.js:114:31910)
	at Y0.executeCommand (file:///home/aarifah/.vscode-server/bin/912bb683695358a54ae0c670461738984cbb5b95/out/vs/workbench/api/node/extensionHostProcess.js:114:31817)
	at Object.executeCommand (file:///home/aarifah/.vscode-server/bin/912bb683695358a54ae0c670461738984cbb5b95/out/vs/workbench/api/node/extensionHostProcess.js:156:37246)
	at mh.O [as value] (/home/aarifah/.vscode-server/bin/912bb683695358a54ae0c670461738984cbb5b95/extensions/git/dist/main.js:2:961845)
	at P.B (file:///home/aarifah/.vscode-server/bin/912bb683695358a54ae0c670461738984cbb5b95/out/vs/workbench/api/node/extensionHostProcess.js:29:746)
	at P.C (file:///home/aarifah/.vscode-server/bin/912bb683695358a54ae0c670461738984cbb5b95/out/vs/workbench/api/node/extensionHostProcess.js:29:816)
	at P.fire (file:///home/aarifah/.vscode-server/bin/912bb683695358a54ae0c670461738984cbb5b95/out/vs/workbench/api/node/extensionHostProcess.js:29:1033)
	at Object.p [as dispose] (/home/aarifah/.vscode-server/bin/912bb683695358a54ae0c670461738984cbb5b95/extensions/git/dist/main.js:2:983333)
	at /home/aarifah/.vscode-server/bin/912bb683695358a54ae0c670461738984cbb5b95/extensions/git/dist/main.js:2:989455
	at Array.forEach (<anonymous>)
	at b.dispose (/home/aarifah/.vscode-server/bin/912bb683695358a54ae0c670461738984cbb5b95/extensions/git/dist/main.js:2:989441)
	at V1.<anonymous> (file:///home/aarifah/.vscode-server/bin/912bb683695358a54ae0c670461738984cbb5b95/out/vs/workbench/api/node/extensionHostProcess.js:108:19994)
	at V1.dispose (file:///home/aarifah/.vscode-server/bin/912bb683695358a54ae0c670461738984cbb5b95/out/vs/workbench/api/node/extensionHostProcess.js:108:20090)
	at V1.<anonymous> (/home/aarifah/.vscode-server/bin/912bb683695358a54ae0c670461738984cbb5b95/extensions/git/dist/main.js:2:964255)
	at V1.dispose (file:///home/aarifah/.vscode-server/bin/912bb683695358a54ae0c670461738984cbb5b95/out/vs/workbench/api/node/extensionHostProcess.js:108:20090)
	at ci (file:///home/aarifah/.vscode-server/bin/912bb683695358a54ae0c670461738984cbb5b95/out/vs/workbench/api/node/extensionHostProcess.js:24:699)
	at file:///home/aarifah/.vscode-server/bin/912bb683695358a54ae0c670461738984cbb5b95/out/vs/workbench/api/node/extensionHostProcess.js:118:14992
	at file:///home/aarifah/.vscode-server/bin/912bb683695358a54ae0c670461738984cbb5b95/out/vs/workbench/api/node/extensionHostProcess.js:24:1009
	at Object.dispose (file:///home/aarifah/.vscode-server/bin/912bb683695358a54ae0c670461738984cbb5b95/out/vs/workbench/api/node/extensionHostProcess.js:7:2146)
	at _z.eb (file:///home/aarifah/.vscode-server/bin/912bb683695358a54ae0c670461738984cbb5b95/out/vs/workbench/api/node/extensionHostProcess.js:118:11919)
	at file:///home/aarifah/.vscode-server/bin/912bb683695358a54ae0c670461738984cbb5b95/out/vs/workbench/api/node/extensionHostProcess.js:118:9874
	at Array.map (<anonymous>)
	at _z.$ (file:///home/aarifah/.vscode-server/bin/912bb683695358a54ae0c670461738984cbb5b95/out/vs/workbench/api/node/extensionHostProcess.js:118:9862)
	at _z.terminate (file:///home/aarifah/.vscode-server/bin/912bb683695358a54ae0c670461738984cbb5b95/out/vs/workbench/api/node/extensionHostProcess.js:118:10105)
	at xC.terminate (file:///home/aarifah/.vscode-server/bin/912bb683695358a54ae0c670461738984cbb5b95/out/vs/workbench/api/node/extensionHostProcess.js:119:1424)
	at Zi (file:///home/aarifah/.vscode-server/bin/912bb683695358a54ae0c670461738984cbb5b95/out/vs/workbench/api/node/extensionHostProcess.js:174:15063)
	at c5.a (file:///home/aarifah/.vscode-server/bin/912bb683695358a54ae0c670461738984cbb5b95/out/vs/workbench/api/node/extensionHostProcess.js:174:11915)
	at c5.h (file:///home/aarifah/.vscode-server/bin/912bb683695358a54ae0c670461738984cbb5b95/out/vs/workbench/api/node/extensionHostProcess.js:30:75682)
	at listOnTimeout (node:internal/timers:581:17)
	at process.processTimers (node:internal/timers:519:7) setContext undefined
2024-11-04 14:07:19.879 [error] Canceled: Canceled
	at new tT (file:///home/aarifah/.vscode-server/bin/912bb683695358a54ae0c670461738984cbb5b95/out/vs/workbench/api/node/extensionHostProcess.js:31:151066)
	at py.U (file:///home/aarifah/.vscode-server/bin/912bb683695358a54ae0c670461738984cbb5b95/out/vs/workbench/api/node/extensionHostProcess.js:31:155676)
	at s.<computed>.n.charCodeAt.s.<computed> (file:///home/aarifah/.vscode-server/bin/912bb683695358a54ae0c670461738984cbb5b95/out/vs/workbench/api/node/extensionHostProcess.js:31:153170)
	at Y0.g (file:///home/aarifah/.vscode-server/bin/912bb683695358a54ae0c670461738984cbb5b95/out/vs/workbench/api/node/extensionHostProcess.js:114:32313)
	at Y0.executeCommand (file:///home/aarifah/.vscode-server/bin/912bb683695358a54ae0c670461738984cbb5b95/out/vs/workbench/api/node/extensionHostProcess.js:114:31817)
	at r.registerCommand.description (file:///home/aarifah/.vscode-server/bin/912bb683695358a54ae0c670461738984cbb5b95/out/vs/workbench/api/node/extensionHostProcess.js:114:31147)
	at Y0.h (file:///home/aarifah/.vscode-server/bin/912bb683695358a54ae0c670461738984cbb5b95/out/vs/workbench/api/node/extensionHostProcess.js:114:32833)
	at Y0.g (file:///home/aarifah/.vscode-server/bin/912bb683695358a54ae0c670461738984cbb5b95/out/vs/workbench/api/node/extensionHostProcess.js:114:31910)
	at Y0.executeCommand (file:///home/aarifah/.vscode-server/bin/912bb683695358a54ae0c670461738984cbb5b95/out/vs/workbench/api/node/extensionHostProcess.js:114:31817)
	at Object.executeCommand (file:///home/aarifah/.vscode-server/bin/912bb683695358a54ae0c670461738984cbb5b95/out/vs/workbench/api/node/extensionHostProcess.js:156:37246)
	at mh.O [as value] (/home/aarifah/.vscode-server/bin/912bb683695358a54ae0c670461738984cbb5b95/extensions/git/dist/main.js:2:961845)
	at P.B (file:///home/aarifah/.vscode-server/bin/912bb683695358a54ae0c670461738984cbb5b95/out/vs/workbench/api/node/extensionHostProcess.js:29:746)
	at P.C (file:///home/aarifah/.vscode-server/bin/912bb683695358a54ae0c670461738984cbb5b95/out/vs/workbench/api/node/extensionHostProcess.js:29:816)
	at P.fire (file:///home/aarifah/.vscode-server/bin/912bb683695358a54ae0c670461738984cbb5b95/out/vs/workbench/api/node/extensionHostProcess.js:29:1033)
	at Object.p [as dispose] (/home/aarifah/.vscode-server/bin/912bb683695358a54ae0c670461738984cbb5b95/extensions/git/dist/main.js:2:983333)
	at /home/aarifah/.vscode-server/bin/912bb683695358a54ae0c670461738984cbb5b95/extensions/git/dist/main.js:2:989455
	at Array.forEach (<anonymous>)
	at b.dispose (/home/aarifah/.vscode-server/bin/912bb683695358a54ae0c670461738984cbb5b95/extensions/git/dist/main.js:2:989441)
	at V1.<anonymous> (file:///home/aarifah/.vscode-server/bin/912bb683695358a54ae0c670461738984cbb5b95/out/vs/workbench/api/node/extensionHostProcess.js:108:19994)
	at V1.dispose (file:///home/aarifah/.vscode-server/bin/912bb683695358a54ae0c670461738984cbb5b95/out/vs/workbench/api/node/extensionHostProcess.js:108:20090)
	at V1.<anonymous> (/home/aarifah/.vscode-server/bin/912bb683695358a54ae0c670461738984cbb5b95/extensions/git/dist/main.js:2:964255)
	at V1.dispose (file:///home/aarifah/.vscode-server/bin/912bb683695358a54ae0c670461738984cbb5b95/out/vs/workbench/api/node/extensionHostProcess.js:108:20090)
	at ci (file:///home/aarifah/.vscode-server/bin/912bb683695358a54ae0c670461738984cbb5b95/out/vs/workbench/api/node/extensionHostProcess.js:24:699)
	at file:///home/aarifah/.vscode-server/bin/912bb683695358a54ae0c670461738984cbb5b95/out/vs/workbench/api/node/extensionHostProcess.js:118:14992
	at file:///home/aarifah/.vscode-server/bin/912bb683695358a54ae0c670461738984cbb5b95/out/vs/workbench/api/node/extensionHostProcess.js:24:1009
	at Object.dispose (file:///home/aarifah/.vscode-server/bin/912bb683695358a54ae0c670461738984cbb5b95/out/vs/workbench/api/node/extensionHostProcess.js:7:2146)
	at _z.eb (file:///home/aarifah/.vscode-server/bin/912bb683695358a54ae0c670461738984cbb5b95/out/vs/workbench/api/node/extensionHostProcess.js:118:11919)
	at file:///home/aarifah/.vscode-server/bin/912bb683695358a54ae0c670461738984cbb5b95/out/vs/workbench/api/node/extensionHostProcess.js:118:9874
	at Array.map (<anonymous>)
	at _z.$ (file:///home/aarifah/.vscode-server/bin/912bb683695358a54ae0c670461738984cbb5b95/out/vs/workbench/api/node/extensionHostProcess.js:118:9862)
	at _z.terminate (file:///home/aarifah/.vscode-server/bin/912bb683695358a54ae0c670461738984cbb5b95/out/vs/workbench/api/node/extensionHostProcess.js:118:10105)
	at xC.terminate (file:///home/aarifah/.vscode-server/bin/912bb683695358a54ae0c670461738984cbb5b95/out/vs/workbench/api/node/extensionHostProcess.js:119:1424)
	at Zi (file:///home/aarifah/.vscode-server/bin/912bb683695358a54ae0c670461738984cbb5b95/out/vs/workbench/api/node/extensionHostProcess.js:174:15063)
	at c5.a (file:///home/aarifah/.vscode-server/bin/912bb683695358a54ae0c670461738984cbb5b95/out/vs/workbench/api/node/extensionHostProcess.js:174:11915)
	at c5.h (file:///home/aarifah/.vscode-server/bin/912bb683695358a54ae0c670461738984cbb5b95/out/vs/workbench/api/node/extensionHostProcess.js:30:75682)
	at listOnTimeout (node:internal/timers:581:17)
	at process.processTimers (node:internal/timers:519:7) setContext undefined
2024-11-04 14:07:19.880 [error] Canceled: Canceled
	at new tT (file:///home/aarifah/.vscode-server/bin/912bb683695358a54ae0c670461738984cbb5b95/out/vs/workbench/api/node/extensionHostProcess.js:31:151066)
	at py.U (file:///home/aarifah/.vscode-server/bin/912bb683695358a54ae0c670461738984cbb5b95/out/vs/workbench/api/node/extensionHostProcess.js:31:155676)
	at s.<computed>.n.charCodeAt.s.<computed> (file:///home/aarifah/.vscode-server/bin/912bb683695358a54ae0c670461738984cbb5b95/out/vs/workbench/api/node/extensionHostProcess.js:31:153170)
	at Y0.g (file:///home/aarifah/.vscode-server/bin/912bb683695358a54ae0c670461738984cbb5b95/out/vs/workbench/api/node/extensionHostProcess.js:114:32313)
	at Y0.executeCommand (file:///home/aarifah/.vscode-server/bin/912bb683695358a54ae0c670461738984cbb5b95/out/vs/workbench/api/node/extensionHostProcess.js:114:31817)
	at r.registerCommand.description (file:///home/aarifah/.vscode-server/bin/912bb683695358a54ae0c670461738984cbb5b95/out/vs/workbench/api/node/extensionHostProcess.js:114:31147)
	at Y0.h (file:///home/aarifah/.vscode-server/bin/912bb683695358a54ae0c670461738984cbb5b95/out/vs/workbench/api/node/extensionHostProcess.js:114:32833)
	at Y0.g (file:///home/aarifah/.vscode-server/bin/912bb683695358a54ae0c670461738984cbb5b95/out/vs/workbench/api/node/extensionHostProcess.js:114:31910)
	at Y0.executeCommand (file:///home/aarifah/.vscode-server/bin/912bb683695358a54ae0c670461738984cbb5b95/out/vs/workbench/api/node/extensionHostProcess.js:114:31817)
	at Object.executeCommand (file:///home/aarifah/.vscode-server/bin/912bb683695358a54ae0c670461738984cbb5b95/out/vs/workbench/api/node/extensionHostProcess.js:156:37246)
	at mh.O [as value] (/home/aarifah/.vscode-server/bin/912bb683695358a54ae0c670461738984cbb5b95/extensions/git/dist/main.js:2:961845)
	at P.B (file:///home/aarifah/.vscode-server/bin/912bb683695358a54ae0c670461738984cbb5b95/out/vs/workbench/api/node/extensionHostProcess.js:29:746)
	at P.C (file:///home/aarifah/.vscode-server/bin/912bb683695358a54ae0c670461738984cbb5b95/out/vs/workbench/api/node/extensionHostProcess.js:29:816)
	at P.fire (file:///home/aarifah/.vscode-server/bin/912bb683695358a54ae0c670461738984cbb5b95/out/vs/workbench/api/node/extensionHostProcess.js:29:1033)
	at Object.p [as dispose] (/home/aarifah/.vscode-server/bin/912bb683695358a54ae0c670461738984cbb5b95/extensions/git/dist/main.js:2:983333)
	at /home/aarifah/.vscode-server/bin/912bb683695358a54ae0c670461738984cbb5b95/extensions/git/dist/main.js:2:989455
	at Array.forEach (<anonymous>)
	at b.dispose (/home/aarifah/.vscode-server/bin/912bb683695358a54ae0c670461738984cbb5b95/extensions/git/dist/main.js:2:989441)
	at V1.<anonymous> (file:///home/aarifah/.vscode-server/bin/912bb683695358a54ae0c670461738984cbb5b95/out/vs/workbench/api/node/extensionHostProcess.js:108:19994)
	at V1.dispose (file:///home/aarifah/.vscode-server/bin/912bb683695358a54ae0c670461738984cbb5b95/out/vs/workbench/api/node/extensionHostProcess.js:108:20090)
	at V1.<anonymous> (/home/aarifah/.vscode-server/bin/912bb683695358a54ae0c670461738984cbb5b95/extensions/git/dist/main.js:2:964255)
	at V1.dispose (file:///home/aarifah/.vscode-server/bin/912bb683695358a54ae0c670461738984cbb5b95/out/vs/workbench/api/node/extensionHostProcess.js:108:20090)
	at ci (file:///home/aarifah/.vscode-server/bin/912bb683695358a54ae0c670461738984cbb5b95/out/vs/workbench/api/node/extensionHostProcess.js:24:699)
	at file:///home/aarifah/.vscode-server/bin/912bb683695358a54ae0c670461738984cbb5b95/out/vs/workbench/api/node/extensionHostProcess.js:118:14992
	at file:///home/aarifah/.vscode-server/bin/912bb683695358a54ae0c670461738984cbb5b95/out/vs/workbench/api/node/extensionHostProcess.js:24:1009
	at Object.dispose (file:///home/aarifah/.vscode-server/bin/912bb683695358a54ae0c670461738984cbb5b95/out/vs/workbench/api/node/extensionHostProcess.js:7:2146)
	at _z.eb (file:///home/aarifah/.vscode-server/bin/912bb683695358a54ae0c670461738984cbb5b95/out/vs/workbench/api/node/extensionHostProcess.js:118:11919)
	at file:///home/aarifah/.vscode-server/bin/912bb683695358a54ae0c670461738984cbb5b95/out/vs/workbench/api/node/extensionHostProcess.js:118:9874
	at Array.map (<anonymous>)
	at _z.$ (file:///home/aarifah/.vscode-server/bin/912bb683695358a54ae0c670461738984cbb5b95/out/vs/workbench/api/node/extensionHostProcess.js:118:9862)
	at _z.terminate (file:///home/aarifah/.vscode-server/bin/912bb683695358a54ae0c670461738984cbb5b95/out/vs/workbench/api/node/extensionHostProcess.js:118:10105)
	at xC.terminate (file:///home/aarifah/.vscode-server/bin/912bb683695358a54ae0c670461738984cbb5b95/out/vs/workbench/api/node/extensionHostProcess.js:119:1424)
	at Zi (file:///home/aarifah/.vscode-server/bin/912bb683695358a54ae0c670461738984cbb5b95/out/vs/workbench/api/node/extensionHostProcess.js:174:15063)
	at c5.a (file:///home/aarifah/.vscode-server/bin/912bb683695358a54ae0c670461738984cbb5b95/out/vs/workbench/api/node/extensionHostProcess.js:174:11915)
	at c5.h (file:///home/aarifah/.vscode-server/bin/912bb683695358a54ae0c670461738984cbb5b95/out/vs/workbench/api/node/extensionHostProcess.js:30:75682)
	at listOnTimeout (node:internal/timers:581:17)
	at process.processTimers (node:internal/timers:519:7) setContext undefined
2024-11-04 14:07:19.881 [error] Canceled: Canceled
	at new tT (file:///home/aarifah/.vscode-server/bin/912bb683695358a54ae0c670461738984cbb5b95/out/vs/workbench/api/node/extensionHostProcess.js:31:151066)
	at py.U (file:///home/aarifah/.vscode-server/bin/912bb683695358a54ae0c670461738984cbb5b95/out/vs/workbench/api/node/extensionHostProcess.js:31:155676)
	at s.<computed>.n.charCodeAt.s.<computed> (file:///home/aarifah/.vscode-server/bin/912bb683695358a54ae0c670461738984cbb5b95/out/vs/workbench/api/node/extensionHostProcess.js:31:153170)
	at Y0.g (file:///home/aarifah/.vscode-server/bin/912bb683695358a54ae0c670461738984cbb5b95/out/vs/workbench/api/node/extensionHostProcess.js:114:32313)
	at Y0.executeCommand (file:///home/aarifah/.vscode-server/bin/912bb683695358a54ae0c670461738984cbb5b95/out/vs/workbench/api/node/extensionHostProcess.js:114:31817)
	at r.registerCommand.description (file:///home/aarifah/.vscode-server/bin/912bb683695358a54ae0c670461738984cbb5b95/out/vs/workbench/api/node/extensionHostProcess.js:114:31147)
	at Y0.h (file:///home/aarifah/.vscode-server/bin/912bb683695358a54ae0c670461738984cbb5b95/out/vs/workbench/api/node/extensionHostProcess.js:114:32833)
	at Y0.g (file:///home/aarifah/.vscode-server/bin/912bb683695358a54ae0c670461738984cbb5b95/out/vs/workbench/api/node/extensionHostProcess.js:114:31910)
	at Y0.executeCommand (file:///home/aarifah/.vscode-server/bin/912bb683695358a54ae0c670461738984cbb5b95/out/vs/workbench/api/node/extensionHostProcess.js:114:31817)
	at Object.executeCommand (file:///home/aarifah/.vscode-server/bin/912bb683695358a54ae0c670461738984cbb5b95/out/vs/workbench/api/node/extensionHostProcess.js:156:37246)
	at mh.O [as value] (/home/aarifah/.vscode-server/bin/912bb683695358a54ae0c670461738984cbb5b95/extensions/git/dist/main.js:2:961845)
	at P.B (file:///home/aarifah/.vscode-server/bin/912bb683695358a54ae0c670461738984cbb5b95/out/vs/workbench/api/node/extensionHostProcess.js:29:746)
	at P.C (file:///home/aarifah/.vscode-server/bin/912bb683695358a54ae0c670461738984cbb5b95/out/vs/workbench/api/node/extensionHostProcess.js:29:816)
	at P.fire (file:///home/aarifah/.vscode-server/bin/912bb683695358a54ae0c670461738984cbb5b95/out/vs/workbench/api/node/extensionHostProcess.js:29:1033)
	at Object.p [as dispose] (/home/aarifah/.vscode-server/bin/912bb683695358a54ae0c670461738984cbb5b95/extensions/git/dist/main.js:2:983333)
	at /home/aarifah/.vscode-server/bin/912bb683695358a54ae0c670461738984cbb5b95/extensions/git/dist/main.js:2:989455
	at Array.forEach (<anonymous>)
	at b.dispose (/home/aarifah/.vscode-server/bin/912bb683695358a54ae0c670461738984cbb5b95/extensions/git/dist/main.js:2:989441)
	at V1.<anonymous> (file:///home/aarifah/.vscode-server/bin/912bb683695358a54ae0c670461738984cbb5b95/out/vs/workbench/api/node/extensionHostProcess.js:108:19994)
	at V1.dispose (file:///home/aarifah/.vscode-server/bin/912bb683695358a54ae0c670461738984cbb5b95/out/vs/workbench/api/node/extensionHostProcess.js:108:20090)
	at V1.<anonymous> (/home/aarifah/.vscode-server/bin/912bb683695358a54ae0c670461738984cbb5b95/extensions/git/dist/main.js:2:964255)
	at V1.dispose (file:///home/aarifah/.vscode-server/bin/912bb683695358a54ae0c670461738984cbb5b95/out/vs/workbench/api/node/extensionHostProcess.js:108:20090)
	at ci (file:///home/aarifah/.vscode-server/bin/912bb683695358a54ae0c670461738984cbb5b95/out/vs/workbench/api/node/extensionHostProcess.js:24:699)
	at file:///home/aarifah/.vscode-server/bin/912bb683695358a54ae0c670461738984cbb5b95/out/vs/workbench/api/node/extensionHostProcess.js:118:14992
	at file:///home/aarifah/.vscode-server/bin/912bb683695358a54ae0c670461738984cbb5b95/out/vs/workbench/api/node/extensionHostProcess.js:24:1009
	at Object.dispose (file:///home/aarifah/.vscode-server/bin/912bb683695358a54ae0c670461738984cbb5b95/out/vs/workbench/api/node/extensionHostProcess.js:7:2146)
	at _z.eb (file:///home/aarifah/.vscode-server/bin/912bb683695358a54ae0c670461738984cbb5b95/out/vs/workbench/api/node/extensionHostProcess.js:118:11919)
	at file:///home/aarifah/.vscode-server/bin/912bb683695358a54ae0c670461738984cbb5b95/out/vs/workbench/api/node/extensionHostProcess.js:118:9874
	at Array.map (<anonymous>)
	at _z.$ (file:///home/aarifah/.vscode-server/bin/912bb683695358a54ae0c670461738984cbb5b95/out/vs/workbench/api/node/extensionHostProcess.js:118:9862)
	at _z.terminate (file:///home/aarifah/.vscode-server/bin/912bb683695358a54ae0c670461738984cbb5b95/out/vs/workbench/api/node/extensionHostProcess.js:118:10105)
	at xC.terminate (file:///home/aarifah/.vscode-server/bin/912bb683695358a54ae0c670461738984cbb5b95/out/vs/workbench/api/node/extensionHostProcess.js:119:1424)
	at Zi (file:///home/aarifah/.vscode-server/bin/912bb683695358a54ae0c670461738984cbb5b95/out/vs/workbench/api/node/extensionHostProcess.js:174:15063)
	at c5.a (file:///home/aarifah/.vscode-server/bin/912bb683695358a54ae0c670461738984cbb5b95/out/vs/workbench/api/node/extensionHostProcess.js:174:11915)
	at c5.h (file:///home/aarifah/.vscode-server/bin/912bb683695358a54ae0c670461738984cbb5b95/out/vs/workbench/api/node/extensionHostProcess.js:30:75682)
	at listOnTimeout (node:internal/timers:581:17)
	at process.processTimers (node:internal/timers:519:7) setContext undefined
2024-11-04 14:07:19.882 [error] Canceled: Canceled
	at new tT (file:///home/aarifah/.vscode-server/bin/912bb683695358a54ae0c670461738984cbb5b95/out/vs/workbench/api/node/extensionHostProcess.js:31:151066)
	at py.U (file:///home/aarifah/.vscode-server/bin/912bb683695358a54ae0c670461738984cbb5b95/out/vs/workbench/api/node/extensionHostProcess.js:31:155676)
	at s.<computed>.n.charCodeAt.s.<computed> (file:///home/aarifah/.vscode-server/bin/912bb683695358a54ae0c670461738984cbb5b95/out/vs/workbench/api/node/extensionHostProcess.js:31:153170)
	at Y0.g (file:///home/aarifah/.vscode-server/bin/912bb683695358a54ae0c670461738984cbb5b95/out/vs/workbench/api/node/extensionHostProcess.js:114:32313)
	at Y0.executeCommand (file:///home/aarifah/.vscode-server/bin/912bb683695358a54ae0c670461738984cbb5b95/out/vs/workbench/api/node/extensionHostProcess.js:114:31817)
	at r.registerCommand.description (file:///home/aarifah/.vscode-server/bin/912bb683695358a54ae0c670461738984cbb5b95/out/vs/workbench/api/node/extensionHostProcess.js:114:31147)
	at Y0.h (file:///home/aarifah/.vscode-server/bin/912bb683695358a54ae0c670461738984cbb5b95/out/vs/workbench/api/node/extensionHostProcess.js:114:32833)
	at Y0.g (file:///home/aarifah/.vscode-server/bin/912bb683695358a54ae0c670461738984cbb5b95/out/vs/workbench/api/node/extensionHostProcess.js:114:31910)
	at Y0.executeCommand (file:///home/aarifah/.vscode-server/bin/912bb683695358a54ae0c670461738984cbb5b95/out/vs/workbench/api/node/extensionHostProcess.js:114:31817)
	at Object.executeCommand (file:///home/aarifah/.vscode-server/bin/912bb683695358a54ae0c670461738984cbb5b95/out/vs/workbench/api/node/extensionHostProcess.js:156:37246)
	at mh.O [as value] (/home/aarifah/.vscode-server/bin/912bb683695358a54ae0c670461738984cbb5b95/extensions/git/dist/main.js:2:961845)
	at P.B (file:///home/aarifah/.vscode-server/bin/912bb683695358a54ae0c670461738984cbb5b95/out/vs/workbench/api/node/extensionHostProcess.js:29:746)
	at P.C (file:///home/aarifah/.vscode-server/bin/912bb683695358a54ae0c670461738984cbb5b95/out/vs/workbench/api/node/extensionHostProcess.js:29:816)
	at P.fire (file:///home/aarifah/.vscode-server/bin/912bb683695358a54ae0c670461738984cbb5b95/out/vs/workbench/api/node/extensionHostProcess.js:29:1033)
	at Object.p [as dispose] (/home/aarifah/.vscode-server/bin/912bb683695358a54ae0c670461738984cbb5b95/extensions/git/dist/main.js:2:983333)
	at /home/aarifah/.vscode-server/bin/912bb683695358a54ae0c670461738984cbb5b95/extensions/git/dist/main.js:2:989455
	at Array.forEach (<anonymous>)
	at b.dispose (/home/aarifah/.vscode-server/bin/912bb683695358a54ae0c670461738984cbb5b95/extensions/git/dist/main.js:2:989441)
	at V1.<anonymous> (file:///home/aarifah/.vscode-server/bin/912bb683695358a54ae0c670461738984cbb5b95/out/vs/workbench/api/node/extensionHostProcess.js:108:19994)
	at V1.dispose (file:///home/aarifah/.vscode-server/bin/912bb683695358a54ae0c670461738984cbb5b95/out/vs/workbench/api/node/extensionHostProcess.js:108:20090)
	at V1.<anonymous> (/home/aarifah/.vscode-server/bin/912bb683695358a54ae0c670461738984cbb5b95/extensions/git/dist/main.js:2:964255)
	at V1.dispose (file:///home/aarifah/.vscode-server/bin/912bb683695358a54ae0c670461738984cbb5b95/out/vs/workbench/api/node/extensionHostProcess.js:108:20090)
	at ci (file:///home/aarifah/.vscode-server/bin/912bb683695358a54ae0c670461738984cbb5b95/out/vs/workbench/api/node/extensionHostProcess.js:24:699)
	at file:///home/aarifah/.vscode-server/bin/912bb683695358a54ae0c670461738984cbb5b95/out/vs/workbench/api/node/extensionHostProcess.js:118:14992
	at file:///home/aarifah/.vscode-server/bin/912bb683695358a54ae0c670461738984cbb5b95/out/vs/workbench/api/node/extensionHostProcess.js:24:1009
	at Object.dispose (file:///home/aarifah/.vscode-server/bin/912bb683695358a54ae0c670461738984cbb5b95/out/vs/workbench/api/node/extensionHostProcess.js:7:2146)
	at _z.eb (file:///home/aarifah/.vscode-server/bin/912bb683695358a54ae0c670461738984cbb5b95/out/vs/workbench/api/node/extensionHostProcess.js:118:11919)
	at file:///home/aarifah/.vscode-server/bin/912bb683695358a54ae0c670461738984cbb5b95/out/vs/workbench/api/node/extensionHostProcess.js:118:9874
	at Array.map (<anonymous>)
	at _z.$ (file:///home/aarifah/.vscode-server/bin/912bb683695358a54ae0c670461738984cbb5b95/out/vs/workbench/api/node/extensionHostProcess.js:118:9862)
	at _z.terminate (file:///home/aarifah/.vscode-server/bin/912bb683695358a54ae0c670461738984cbb5b95/out/vs/workbench/api/node/extensionHostProcess.js:118:10105)
	at xC.terminate (file:///home/aarifah/.vscode-server/bin/912bb683695358a54ae0c670461738984cbb5b95/out/vs/workbench/api/node/extensionHostProcess.js:119:1424)
	at Zi (file:///home/aarifah/.vscode-server/bin/912bb683695358a54ae0c670461738984cbb5b95/out/vs/workbench/api/node/extensionHostProcess.js:174:15063)
	at c5.a (file:///home/aarifah/.vscode-server/bin/912bb683695358a54ae0c670461738984cbb5b95/out/vs/workbench/api/node/extensionHostProcess.js:174:11915)
	at c5.h (file:///home/aarifah/.vscode-server/bin/912bb683695358a54ae0c670461738984cbb5b95/out/vs/workbench/api/node/extensionHostProcess.js:30:75682)
	at listOnTimeout (node:internal/timers:581:17)
	at process.processTimers (node:internal/timers:519:7) setContext undefined
2024-11-04 14:07:19.883 [error] Canceled: Canceled
	at new tT (file:///home/aarifah/.vscode-server/bin/912bb683695358a54ae0c670461738984cbb5b95/out/vs/workbench/api/node/extensionHostProcess.js:31:151066)
	at py.U (file:///home/aarifah/.vscode-server/bin/912bb683695358a54ae0c670461738984cbb5b95/out/vs/workbench/api/node/extensionHostProcess.js:31:155676)
	at s.<computed>.n.charCodeAt.s.<computed> (file:///home/aarifah/.vscode-server/bin/912bb683695358a54ae0c670461738984cbb5b95/out/vs/workbench/api/node/extensionHostProcess.js:31:153170)
	at Y0.g (file:///home/aarifah/.vscode-server/bin/912bb683695358a54ae0c670461738984cbb5b95/out/vs/workbench/api/node/extensionHostProcess.js:114:32313)
	at Y0.executeCommand (file:///home/aarifah/.vscode-server/bin/912bb683695358a54ae0c670461738984cbb5b95/out/vs/workbench/api/node/extensionHostProcess.js:114:31817)
	at r.registerCommand.description (file:///home/aarifah/.vscode-server/bin/912bb683695358a54ae0c670461738984cbb5b95/out/vs/workbench/api/node/extensionHostProcess.js:114:31147)
	at Y0.h (file:///home/aarifah/.vscode-server/bin/912bb683695358a54ae0c670461738984cbb5b95/out/vs/workbench/api/node/extensionHostProcess.js:114:32833)
	at Y0.g (file:///home/aarifah/.vscode-server/bin/912bb683695358a54ae0c670461738984cbb5b95/out/vs/workbench/api/node/extensionHostProcess.js:114:31910)
	at Y0.executeCommand (file:///home/aarifah/.vscode-server/bin/912bb683695358a54ae0c670461738984cbb5b95/out/vs/workbench/api/node/extensionHostProcess.js:114:31817)
	at Object.executeCommand (file:///home/aarifah/.vscode-server/bin/912bb683695358a54ae0c670461738984cbb5b95/out/vs/workbench/api/node/extensionHostProcess.js:156:37246)
	at mh.O [as value] (/home/aarifah/.vscode-server/bin/912bb683695358a54ae0c670461738984cbb5b95/extensions/git/dist/main.js:2:961845)
	at P.B (file:///home/aarifah/.vscode-server/bin/912bb683695358a54ae0c670461738984cbb5b95/out/vs/workbench/api/node/extensionHostProcess.js:29:746)
	at P.C (file:///home/aarifah/.vscode-server/bin/912bb683695358a54ae0c670461738984cbb5b95/out/vs/workbench/api/node/extensionHostProcess.js:29:816)
	at P.fire (file:///home/aarifah/.vscode-server/bin/912bb683695358a54ae0c670461738984cbb5b95/out/vs/workbench/api/node/extensionHostProcess.js:29:1033)
	at Object.p [as dispose] (/home/aarifah/.vscode-server/bin/912bb683695358a54ae0c670461738984cbb5b95/extensions/git/dist/main.js:2:983333)
	at /home/aarifah/.vscode-server/bin/912bb683695358a54ae0c670461738984cbb5b95/extensions/git/dist/main.js:2:989455
	at Array.forEach (<anonymous>)
	at b.dispose (/home/aarifah/.vscode-server/bin/912bb683695358a54ae0c670461738984cbb5b95/extensions/git/dist/main.js:2:989441)
	at V1.<anonymous> (file:///home/aarifah/.vscode-server/bin/912bb683695358a54ae0c670461738984cbb5b95/out/vs/workbench/api/node/extensionHostProcess.js:108:19994)
	at V1.dispose (file:///home/aarifah/.vscode-server/bin/912bb683695358a54ae0c670461738984cbb5b95/out/vs/workbench/api/node/extensionHostProcess.js:108:20090)
	at V1.<anonymous> (/home/aarifah/.vscode-server/bin/912bb683695358a54ae0c670461738984cbb5b95/extensions/git/dist/main.js:2:964255)
	at V1.dispose (file:///home/aarifah/.vscode-server/bin/912bb683695358a54ae0c670461738984cbb5b95/out/vs/workbench/api/node/extensionHostProcess.js:108:20090)
	at ci (file:///home/aarifah/.vscode-server/bin/912bb683695358a54ae0c670461738984cbb5b95/out/vs/workbench/api/node/extensionHostProcess.js:24:699)
	at file:///home/aarifah/.vscode-server/bin/912bb683695358a54ae0c670461738984cbb5b95/out/vs/workbench/api/node/extensionHostProcess.js:118:14992
	at file:///home/aarifah/.vscode-server/bin/912bb683695358a54ae0c670461738984cbb5b95/out/vs/workbench/api/node/extensionHostProcess.js:24:1009
	at Object.dispose (file:///home/aarifah/.vscode-server/bin/912bb683695358a54ae0c670461738984cbb5b95/out/vs/workbench/api/node/extensionHostProcess.js:7:2146)
	at _z.eb (file:///home/aarifah/.vscode-server/bin/912bb683695358a54ae0c670461738984cbb5b95/out/vs/workbench/api/node/extensionHostProcess.js:118:11919)
	at file:///home/aarifah/.vscode-server/bin/912bb683695358a54ae0c670461738984cbb5b95/out/vs/workbench/api/node/extensionHostProcess.js:118:9874
	at Array.map (<anonymous>)
	at _z.$ (file:///home/aarifah/.vscode-server/bin/912bb683695358a54ae0c670461738984cbb5b95/out/vs/workbench/api/node/extensionHostProcess.js:118:9862)
	at _z.terminate (file:///home/aarifah/.vscode-server/bin/912bb683695358a54ae0c670461738984cbb5b95/out/vs/workbench/api/node/extensionHostProcess.js:118:10105)
	at xC.terminate (file:///home/aarifah/.vscode-server/bin/912bb683695358a54ae0c670461738984cbb5b95/out/vs/workbench/api/node/extensionHostProcess.js:119:1424)
	at Zi (file:///home/aarifah/.vscode-server/bin/912bb683695358a54ae0c670461738984cbb5b95/out/vs/workbench/api/node/extensionHostProcess.js:174:15063)
	at c5.a (file:///home/aarifah/.vscode-server/bin/912bb683695358a54ae0c670461738984cbb5b95/out/vs/workbench/api/node/extensionHostProcess.js:174:11915)
	at c5.h (file:///home/aarifah/.vscode-server/bin/912bb683695358a54ae0c670461738984cbb5b95/out/vs/workbench/api/node/extensionHostProcess.js:30:75682)
	at listOnTimeout (node:internal/timers:581:17)
	at process.processTimers (node:internal/timers:519:7) setContext undefined
2024-11-04 14:07:19.884 [error] Canceled: Canceled
	at new tT (file:///home/aarifah/.vscode-server/bin/912bb683695358a54ae0c670461738984cbb5b95/out/vs/workbench/api/node/extensionHostProcess.js:31:151066)
	at py.U (file:///home/aarifah/.vscode-server/bin/912bb683695358a54ae0c670461738984cbb5b95/out/vs/workbench/api/node/extensionHostProcess.js:31:155676)
	at s.<computed>.n.charCodeAt.s.<computed> (file:///home/aarifah/.vscode-server/bin/912bb683695358a54ae0c670461738984cbb5b95/out/vs/workbench/api/node/extensionHostProcess.js:31:153170)
	at Y0.g (file:///home/aarifah/.vscode-server/bin/912bb683695358a54ae0c670461738984cbb5b95/out/vs/workbench/api/node/extensionHostProcess.js:114:32313)
	at Y0.executeCommand (file:///home/aarifah/.vscode-server/bin/912bb683695358a54ae0c670461738984cbb5b95/out/vs/workbench/api/node/extensionHostProcess.js:114:31817)
	at r.registerCommand.description (file:///home/aarifah/.vscode-server/bin/912bb683695358a54ae0c670461738984cbb5b95/out/vs/workbench/api/node/extensionHostProcess.js:114:31147)
	at Y0.h (file:///home/aarifah/.vscode-server/bin/912bb683695358a54ae0c670461738984cbb5b95/out/vs/workbench/api/node/extensionHostProcess.js:114:32833)
	at Y0.g (file:///home/aarifah/.vscode-server/bin/912bb683695358a54ae0c670461738984cbb5b95/out/vs/workbench/api/node/extensionHostProcess.js:114:31910)
	at Y0.executeCommand (file:///home/aarifah/.vscode-server/bin/912bb683695358a54ae0c670461738984cbb5b95/out/vs/workbench/api/node/extensionHostProcess.js:114:31817)
	at Object.executeCommand (file:///home/aarifah/.vscode-server/bin/912bb683695358a54ae0c670461738984cbb5b95/out/vs/workbench/api/node/extensionHostProcess.js:156:37246)
	at mh.O [as value] (/home/aarifah/.vscode-server/bin/912bb683695358a54ae0c670461738984cbb5b95/extensions/git/dist/main.js:2:961845)
	at P.B (file:///home/aarifah/.vscode-server/bin/912bb683695358a54ae0c670461738984cbb5b95/out/vs/workbench/api/node/extensionHostProcess.js:29:746)
	at P.C (file:///home/aarifah/.vscode-server/bin/912bb683695358a54ae0c670461738984cbb5b95/out/vs/workbench/api/node/extensionHostProcess.js:29:816)
	at P.fire (file:///home/aarifah/.vscode-server/bin/912bb683695358a54ae0c670461738984cbb5b95/out/vs/workbench/api/node/extensionHostProcess.js:29:1033)
	at Object.p [as dispose] (/home/aarifah/.vscode-server/bin/912bb683695358a54ae0c670461738984cbb5b95/extensions/git/dist/main.js:2:983333)
	at /home/aarifah/.vscode-server/bin/912bb683695358a54ae0c670461738984cbb5b95/extensions/git/dist/main.js:2:989455
	at Array.forEach (<anonymous>)
	at b.dispose (/home/aarifah/.vscode-server/bin/912bb683695358a54ae0c670461738984cbb5b95/extensions/git/dist/main.js:2:989441)
	at V1.<anonymous> (file:///home/aarifah/.vscode-server/bin/912bb683695358a54ae0c670461738984cbb5b95/out/vs/workbench/api/node/extensionHostProcess.js:108:19994)
	at V1.dispose (file:///home/aarifah/.vscode-server/bin/912bb683695358a54ae0c670461738984cbb5b95/out/vs/workbench/api/node/extensionHostProcess.js:108:20090)
	at V1.<anonymous> (/home/aarifah/.vscode-server/bin/912bb683695358a54ae0c670461738984cbb5b95/extensions/git/dist/main.js:2:964255)
	at V1.dispose (file:///home/aarifah/.vscode-server/bin/912bb683695358a54ae0c670461738984cbb5b95/out/vs/workbench/api/node/extensionHostProcess.js:108:20090)
	at ci (file:///home/aarifah/.vscode-server/bin/912bb683695358a54ae0c670461738984cbb5b95/out/vs/workbench/api/node/extensionHostProcess.js:24:699)
	at file:///home/aarifah/.vscode-server/bin/912bb683695358a54ae0c670461738984cbb5b95/out/vs/workbench/api/node/extensionHostProcess.js:118:14992
	at file:///home/aarifah/.vscode-server/bin/912bb683695358a54ae0c670461738984cbb5b95/out/vs/workbench/api/node/extensionHostProcess.js:24:1009
	at Object.dispose (file:///home/aarifah/.vscode-server/bin/912bb683695358a54ae0c670461738984cbb5b95/out/vs/workbench/api/node/extensionHostProcess.js:7:2146)
	at _z.eb (file:///home/aarifah/.vscode-server/bin/912bb683695358a54ae0c670461738984cbb5b95/out/vs/workbench/api/node/extensionHostProcess.js:118:11919)
	at file:///home/aarifah/.vscode-server/bin/912bb683695358a54ae0c670461738984cbb5b95/out/vs/workbench/api/node/extensionHostProcess.js:118:9874
	at Array.map (<anonymous>)
	at _z.$ (file:///home/aarifah/.vscode-server/bin/912bb683695358a54ae0c670461738984cbb5b95/out/vs/workbench/api/node/extensionHostProcess.js:118:9862)
	at _z.terminate (file:///home/aarifah/.vscode-server/bin/912bb683695358a54ae0c670461738984cbb5b95/out/vs/workbench/api/node/extensionHostProcess.js:118:10105)
	at xC.terminate (file:///home/aarifah/.vscode-server/bin/912bb683695358a54ae0c670461738984cbb5b95/out/vs/workbench/api/node/extensionHostProcess.js:119:1424)
	at Zi (file:///home/aarifah/.vscode-server/bin/912bb683695358a54ae0c670461738984cbb5b95/out/vs/workbench/api/node/extensionHostProcess.js:174:15063)
	at c5.a (file:///home/aarifah/.vscode-server/bin/912bb683695358a54ae0c670461738984cbb5b95/out/vs/workbench/api/node/extensionHostProcess.js:174:11915)
	at c5.h (file:///home/aarifah/.vscode-server/bin/912bb683695358a54ae0c670461738984cbb5b95/out/vs/workbench/api/node/extensionHostProcess.js:30:75682)
	at listOnTimeout (node:internal/timers:581:17)
	at process.processTimers (node:internal/timers:519:7) setContext undefined
2024-11-04 14:07:19.886 [error] Canceled: Canceled
	at new tT (file:///home/aarifah/.vscode-server/bin/912bb683695358a54ae0c670461738984cbb5b95/out/vs/workbench/api/node/extensionHostProcess.js:31:151066)
	at py.U (file:///home/aarifah/.vscode-server/bin/912bb683695358a54ae0c670461738984cbb5b95/out/vs/workbench/api/node/extensionHostProcess.js:31:155676)
	at s.<computed>.n.charCodeAt.s.<computed> (file:///home/aarifah/.vscode-server/bin/912bb683695358a54ae0c670461738984cbb5b95/out/vs/workbench/api/node/extensionHostProcess.js:31:153170)
	at Y0.g (file:///home/aarifah/.vscode-server/bin/912bb683695358a54ae0c670461738984cbb5b95/out/vs/workbench/api/node/extensionHostProcess.js:114:32313)
	at Y0.executeCommand (file:///home/aarifah/.vscode-server/bin/912bb683695358a54ae0c670461738984cbb5b95/out/vs/workbench/api/node/extensionHostProcess.js:114:31817)
	at r.registerCommand.description (file:///home/aarifah/.vscode-server/bin/912bb683695358a54ae0c670461738984cbb5b95/out/vs/workbench/api/node/extensionHostProcess.js:114:31147)
	at Y0.h (file:///home/aarifah/.vscode-server/bin/912bb683695358a54ae0c670461738984cbb5b95/out/vs/workbench/api/node/extensionHostProcess.js:114:32833)
	at Y0.g (file:///home/aarifah/.vscode-server/bin/912bb683695358a54ae0c670461738984cbb5b95/out/vs/workbench/api/node/extensionHostProcess.js:114:31910)
	at Y0.executeCommand (file:///home/aarifah/.vscode-server/bin/912bb683695358a54ae0c670461738984cbb5b95/out/vs/workbench/api/node/extensionHostProcess.js:114:31817)
	at Object.executeCommand (file:///home/aarifah/.vscode-server/bin/912bb683695358a54ae0c670461738984cbb5b95/out/vs/workbench/api/node/extensionHostProcess.js:156:37246)
	at mh.O [as value] (/home/aarifah/.vscode-server/bin/912bb683695358a54ae0c670461738984cbb5b95/extensions/git/dist/main.js:2:961845)
	at P.B (file:///home/aarifah/.vscode-server/bin/912bb683695358a54ae0c670461738984cbb5b95/out/vs/workbench/api/node/extensionHostProcess.js:29:746)
	at P.C (file:///home/aarifah/.vscode-server/bin/912bb683695358a54ae0c670461738984cbb5b95/out/vs/workbench/api/node/extensionHostProcess.js:29:816)
	at P.fire (file:///home/aarifah/.vscode-server/bin/912bb683695358a54ae0c670461738984cbb5b95/out/vs/workbench/api/node/extensionHostProcess.js:29:1033)
	at Object.p [as dispose] (/home/aarifah/.vscode-server/bin/912bb683695358a54ae0c670461738984cbb5b95/extensions/git/dist/main.js:2:983333)
	at /home/aarifah/.vscode-server/bin/912bb683695358a54ae0c670461738984cbb5b95/extensions/git/dist/main.js:2:989455
	at Array.forEach (<anonymous>)
	at b.dispose (/home/aarifah/.vscode-server/bin/912bb683695358a54ae0c670461738984cbb5b95/extensions/git/dist/main.js:2:989441)
	at V1.<anonymous> (file:///home/aarifah/.vscode-server/bin/912bb683695358a54ae0c670461738984cbb5b95/out/vs/workbench/api/node/extensionHostProcess.js:108:19994)
	at V1.dispose (file:///home/aarifah/.vscode-server/bin/912bb683695358a54ae0c670461738984cbb5b95/out/vs/workbench/api/node/extensionHostProcess.js:108:20090)
	at V1.<anonymous> (/home/aarifah/.vscode-server/bin/912bb683695358a54ae0c670461738984cbb5b95/extensions/git/dist/main.js:2:964255)
	at V1.dispose (file:///home/aarifah/.vscode-server/bin/912bb683695358a54ae0c670461738984cbb5b95/out/vs/workbench/api/node/extensionHostProcess.js:108:20090)
	at ci (file:///home/aarifah/.vscode-server/bin/912bb683695358a54ae0c670461738984cbb5b95/out/vs/workbench/api/node/extensionHostProcess.js:24:699)
	at file:///home/aarifah/.vscode-server/bin/912bb683695358a54ae0c670461738984cbb5b95/out/vs/workbench/api/node/extensionHostProcess.js:118:14992
	at file:///home/aarifah/.vscode-server/bin/912bb683695358a54ae0c670461738984cbb5b95/out/vs/workbench/api/node/extensionHostProcess.js:24:1009
	at Object.dispose (file:///home/aarifah/.vscode-server/bin/912bb683695358a54ae0c670461738984cbb5b95/out/vs/workbench/api/node/extensionHostProcess.js:7:2146)
	at _z.eb (file:///home/aarifah/.vscode-server/bin/912bb683695358a54ae0c670461738984cbb5b95/out/vs/workbench/api/node/extensionHostProcess.js:118:11919)
	at file:///home/aarifah/.vscode-server/bin/912bb683695358a54ae0c670461738984cbb5b95/out/vs/workbench/api/node/extensionHostProcess.js:118:9874
	at Array.map (<anonymous>)
	at _z.$ (file:///home/aarifah/.vscode-server/bin/912bb683695358a54ae0c670461738984cbb5b95/out/vs/workbench/api/node/extensionHostProcess.js:118:9862)
	at _z.terminate (file:///home/aarifah/.vscode-server/bin/912bb683695358a54ae0c670461738984cbb5b95/out/vs/workbench/api/node/extensionHostProcess.js:118:10105)
	at xC.terminate (file:///home/aarifah/.vscode-server/bin/912bb683695358a54ae0c670461738984cbb5b95/out/vs/workbench/api/node/extensionHostProcess.js:119:1424)
	at Zi (file:///home/aarifah/.vscode-server/bin/912bb683695358a54ae0c670461738984cbb5b95/out/vs/workbench/api/node/extensionHostProcess.js:174:15063)
	at c5.a (file:///home/aarifah/.vscode-server/bin/912bb683695358a54ae0c670461738984cbb5b95/out/vs/workbench/api/node/extensionHostProcess.js:174:11915)
	at c5.h (file:///home/aarifah/.vscode-server/bin/912bb683695358a54ae0c670461738984cbb5b95/out/vs/workbench/api/node/extensionHostProcess.js:30:75682)
	at listOnTimeout (node:internal/timers:581:17)
	at process.processTimers (node:internal/timers:519:7) setContext undefined
2024-11-04 14:07:19.889 [error] Canceled: Canceled
	at new tT (file:///home/aarifah/.vscode-server/bin/912bb683695358a54ae0c670461738984cbb5b95/out/vs/workbench/api/node/extensionHostProcess.js:31:151066)
	at py.U (file:///home/aarifah/.vscode-server/bin/912bb683695358a54ae0c670461738984cbb5b95/out/vs/workbench/api/node/extensionHostProcess.js:31:155676)
	at s.<computed>.n.charCodeAt.s.<computed> (file:///home/aarifah/.vscode-server/bin/912bb683695358a54ae0c670461738984cbb5b95/out/vs/workbench/api/node/extensionHostProcess.js:31:153170)
	at Y0.g (file:///home/aarifah/.vscode-server/bin/912bb683695358a54ae0c670461738984cbb5b95/out/vs/workbench/api/node/extensionHostProcess.js:114:32313)
	at Y0.executeCommand (file:///home/aarifah/.vscode-server/bin/912bb683695358a54ae0c670461738984cbb5b95/out/vs/workbench/api/node/extensionHostProcess.js:114:31817)
	at r.registerCommand.description (file:///home/aarifah/.vscode-server/bin/912bb683695358a54ae0c670461738984cbb5b95/out/vs/workbench/api/node/extensionHostProcess.js:114:31147)
	at Y0.h (file:///home/aarifah/.vscode-server/bin/912bb683695358a54ae0c670461738984cbb5b95/out/vs/workbench/api/node/extensionHostProcess.js:114:32833)
	at Y0.g (file:///home/aarifah/.vscode-server/bin/912bb683695358a54ae0c670461738984cbb5b95/out/vs/workbench/api/node/extensionHostProcess.js:114:31910)
	at Y0.executeCommand (file:///home/aarifah/.vscode-server/bin/912bb683695358a54ae0c670461738984cbb5b95/out/vs/workbench/api/node/extensionHostProcess.js:114:31817)
	at Object.executeCommand (file:///home/aarifah/.vscode-server/bin/912bb683695358a54ae0c670461738984cbb5b95/out/vs/workbench/api/node/extensionHostProcess.js:156:37246)
	at mh.O [as value] (/home/aarifah/.vscode-server/bin/912bb683695358a54ae0c670461738984cbb5b95/extensions/git/dist/main.js:2:961845)
	at P.B (file:///home/aarifah/.vscode-server/bin/912bb683695358a54ae0c670461738984cbb5b95/out/vs/workbench/api/node/extensionHostProcess.js:29:746)
	at P.C (file:///home/aarifah/.vscode-server/bin/912bb683695358a54ae0c670461738984cbb5b95/out/vs/workbench/api/node/extensionHostProcess.js:29:816)
	at P.fire (file:///home/aarifah/.vscode-server/bin/912bb683695358a54ae0c670461738984cbb5b95/out/vs/workbench/api/node/extensionHostProcess.js:29:1033)
	at Object.p [as dispose] (/home/aarifah/.vscode-server/bin/912bb683695358a54ae0c670461738984cbb5b95/extensions/git/dist/main.js:2:983333)
	at /home/aarifah/.vscode-server/bin/912bb683695358a54ae0c670461738984cbb5b95/extensions/git/dist/main.js:2:989455
	at Array.forEach (<anonymous>)
	at b.dispose (/home/aarifah/.vscode-server/bin/912bb683695358a54ae0c670461738984cbb5b95/extensions/git/dist/main.js:2:989441)
	at V1.<anonymous> (file:///home/aarifah/.vscode-server/bin/912bb683695358a54ae0c670461738984cbb5b95/out/vs/workbench/api/node/extensionHostProcess.js:108:19994)
	at V1.dispose (file:///home/aarifah/.vscode-server/bin/912bb683695358a54ae0c670461738984cbb5b95/out/vs/workbench/api/node/extensionHostProcess.js:108:20090)
	at V1.<anonymous> (/home/aarifah/.vscode-server/bin/912bb683695358a54ae0c670461738984cbb5b95/extensions/git/dist/main.js:2:964255)
	at V1.dispose (file:///home/aarifah/.vscode-server/bin/912bb683695358a54ae0c670461738984cbb5b95/out/vs/workbench/api/node/extensionHostProcess.js:108:20090)
	at ci (file:///home/aarifah/.vscode-server/bin/912bb683695358a54ae0c670461738984cbb5b95/out/vs/workbench/api/node/extensionHostProcess.js:24:699)
	at file:///home/aarifah/.vscode-server/bin/912bb683695358a54ae0c670461738984cbb5b95/out/vs/workbench/api/node/extensionHostProcess.js:118:14992
	at file:///home/aarifah/.vscode-server/bin/912bb683695358a54ae0c670461738984cbb5b95/out/vs/workbench/api/node/extensionHostProcess.js:24:1009
	at Object.dispose (file:///home/aarifah/.vscode-server/bin/912bb683695358a54ae0c670461738984cbb5b95/out/vs/workbench/api/node/extensionHostProcess.js:7:2146)
	at _z.eb (file:///home/aarifah/.vscode-server/bin/912bb683695358a54ae0c670461738984cbb5b95/out/vs/workbench/api/node/extensionHostProcess.js:118:11919)
	at file:///home/aarifah/.vscode-server/bin/912bb683695358a54ae0c670461738984cbb5b95/out/vs/workbench/api/node/extensionHostProcess.js:118:9874
	at Array.map (<anonymous>)
	at _z.$ (file:///home/aarifah/.vscode-server/bin/912bb683695358a54ae0c670461738984cbb5b95/out/vs/workbench/api/node/extensionHostProcess.js:118:9862)
	at _z.terminate (file:///home/aarifah/.vscode-server/bin/912bb683695358a54ae0c670461738984cbb5b95/out/vs/workbench/api/node/extensionHostProcess.js:118:10105)
	at xC.terminate (file:///home/aarifah/.vscode-server/bin/912bb683695358a54ae0c670461738984cbb5b95/out/vs/workbench/api/node/extensionHostProcess.js:119:1424)
	at Zi (file:///home/aarifah/.vscode-server/bin/912bb683695358a54ae0c670461738984cbb5b95/out/vs/workbench/api/node/extensionHostProcess.js:174:15063)
	at c5.a (file:///home/aarifah/.vscode-server/bin/912bb683695358a54ae0c670461738984cbb5b95/out/vs/workbench/api/node/extensionHostProcess.js:174:11915)
	at c5.h (file:///home/aarifah/.vscode-server/bin/912bb683695358a54ae0c670461738984cbb5b95/out/vs/workbench/api/node/extensionHostProcess.js:30:75682)
	at listOnTimeout (node:internal/timers:581:17)
	at process.processTimers (node:internal/timers:519:7) setContext undefined
2024-11-04 14:07:19.892 [error] Canceled: Canceled
	at new tT (file:///home/aarifah/.vscode-server/bin/912bb683695358a54ae0c670461738984cbb5b95/out/vs/workbench/api/node/extensionHostProcess.js:31:151066)
	at py.U (file:///home/aarifah/.vscode-server/bin/912bb683695358a54ae0c670461738984cbb5b95/out/vs/workbench/api/node/extensionHostProcess.js:31:155676)
	at s.<computed>.n.charCodeAt.s.<computed> (file:///home/aarifah/.vscode-server/bin/912bb683695358a54ae0c670461738984cbb5b95/out/vs/workbench/api/node/extensionHostProcess.js:31:153170)
	at Y0.g (file:///home/aarifah/.vscode-server/bin/912bb683695358a54ae0c670461738984cbb5b95/out/vs/workbench/api/node/extensionHostProcess.js:114:32313)
	at Y0.executeCommand (file:///home/aarifah/.vscode-server/bin/912bb683695358a54ae0c670461738984cbb5b95/out/vs/workbench/api/node/extensionHostProcess.js:114:31817)
	at r.registerCommand.description (file:///home/aarifah/.vscode-server/bin/912bb683695358a54ae0c670461738984cbb5b95/out/vs/workbench/api/node/extensionHostProcess.js:114:31147)
	at Y0.h (file:///home/aarifah/.vscode-server/bin/912bb683695358a54ae0c670461738984cbb5b95/out/vs/workbench/api/node/extensionHostProcess.js:114:32833)
	at Y0.g (file:///home/aarifah/.vscode-server/bin/912bb683695358a54ae0c670461738984cbb5b95/out/vs/workbench/api/node/extensionHostProcess.js:114:31910)
	at Y0.executeCommand (file:///home/aarifah/.vscode-server/bin/912bb683695358a54ae0c670461738984cbb5b95/out/vs/workbench/api/node/extensionHostProcess.js:114:31817)
	at Object.executeCommand (file:///home/aarifah/.vscode-server/bin/912bb683695358a54ae0c670461738984cbb5b95/out/vs/workbench/api/node/extensionHostProcess.js:156:37246)
	at mh.O [as value] (/home/aarifah/.vscode-server/bin/912bb683695358a54ae0c670461738984cbb5b95/extensions/git/dist/main.js:2:961845)
	at P.B (file:///home/aarifah/.vscode-server/bin/912bb683695358a54ae0c670461738984cbb5b95/out/vs/workbench/api/node/extensionHostProcess.js:29:746)
	at P.C (file:///home/aarifah/.vscode-server/bin/912bb683695358a54ae0c670461738984cbb5b95/out/vs/workbench/api/node/extensionHostProcess.js:29:816)
	at P.fire (file:///home/aarifah/.vscode-server/bin/912bb683695358a54ae0c670461738984cbb5b95/out/vs/workbench/api/node/extensionHostProcess.js:29:1033)
	at Object.p [as dispose] (/home/aarifah/.vscode-server/bin/912bb683695358a54ae0c670461738984cbb5b95/extensions/git/dist/main.js:2:983333)
	at /home/aarifah/.vscode-server/bin/912bb683695358a54ae0c670461738984cbb5b95/extensions/git/dist/main.js:2:989455
	at Array.forEach (<anonymous>)
	at b.dispose (/home/aarifah/.vscode-server/bin/912bb683695358a54ae0c670461738984cbb5b95/extensions/git/dist/main.js:2:989441)
	at V1.<anonymous> (file:///home/aarifah/.vscode-server/bin/912bb683695358a54ae0c670461738984cbb5b95/out/vs/workbench/api/node/extensionHostProcess.js:108:19994)
	at V1.dispose (file:///home/aarifah/.vscode-server/bin/912bb683695358a54ae0c670461738984cbb5b95/out/vs/workbench/api/node/extensionHostProcess.js:108:20090)
	at V1.<anonymous> (/home/aarifah/.vscode-server/bin/912bb683695358a54ae0c670461738984cbb5b95/extensions/git/dist/main.js:2:964255)
	at V1.dispose (file:///home/aarifah/.vscode-server/bin/912bb683695358a54ae0c670461738984cbb5b95/out/vs/workbench/api/node/extensionHostProcess.js:108:20090)
	at ci (file:///home/aarifah/.vscode-server/bin/912bb683695358a54ae0c670461738984cbb5b95/out/vs/workbench/api/node/extensionHostProcess.js:24:699)
	at file:///home/aarifah/.vscode-server/bin/912bb683695358a54ae0c670461738984cbb5b95/out/vs/workbench/api/node/extensionHostProcess.js:118:14992
	at file:///home/aarifah/.vscode-server/bin/912bb683695358a54ae0c670461738984cbb5b95/out/vs/workbench/api/node/extensionHostProcess.js:24:1009
	at Object.dispose (file:///home/aarifah/.vscode-server/bin/912bb683695358a54ae0c670461738984cbb5b95/out/vs/workbench/api/node/extensionHostProcess.js:7:2146)
	at _z.eb (file:///home/aarifah/.vscode-server/bin/912bb683695358a54ae0c670461738984cbb5b95/out/vs/workbench/api/node/extensionHostProcess.js:118:11919)
	at file:///home/aarifah/.vscode-server/bin/912bb683695358a54ae0c670461738984cbb5b95/out/vs/workbench/api/node/extensionHostProcess.js:118:9874
	at Array.map (<anonymous>)
	at _z.$ (file:///home/aarifah/.vscode-server/bin/912bb683695358a54ae0c670461738984cbb5b95/out/vs/workbench/api/node/extensionHostProcess.js:118:9862)
	at _z.terminate (file:///home/aarifah/.vscode-server/bin/912bb683695358a54ae0c670461738984cbb5b95/out/vs/workbench/api/node/extensionHostProcess.js:118:10105)
	at xC.terminate (file:///home/aarifah/.vscode-server/bin/912bb683695358a54ae0c670461738984cbb5b95/out/vs/workbench/api/node/extensionHostProcess.js:119:1424)
	at Zi (file:///home/aarifah/.vscode-server/bin/912bb683695358a54ae0c670461738984cbb5b95/out/vs/workbench/api/node/extensionHostProcess.js:174:15063)
	at c5.a (file:///home/aarifah/.vscode-server/bin/912bb683695358a54ae0c670461738984cbb5b95/out/vs/workbench/api/node/extensionHostProcess.js:174:11915)
	at c5.h (file:///home/aarifah/.vscode-server/bin/912bb683695358a54ae0c670461738984cbb5b95/out/vs/workbench/api/node/extensionHostProcess.js:30:75682)
	at listOnTimeout (node:internal/timers:581:17)
	at process.processTimers (node:internal/timers:519:7) setContext undefined
2024-11-04 14:07:19.894 [error] Canceled: Canceled
	at new tT (file:///home/aarifah/.vscode-server/bin/912bb683695358a54ae0c670461738984cbb5b95/out/vs/workbench/api/node/extensionHostProcess.js:31:151066)
	at py.U (file:///home/aarifah/.vscode-server/bin/912bb683695358a54ae0c670461738984cbb5b95/out/vs/workbench/api/node/extensionHostProcess.js:31:155676)
	at s.<computed>.n.charCodeAt.s.<computed> (file:///home/aarifah/.vscode-server/bin/912bb683695358a54ae0c670461738984cbb5b95/out/vs/workbench/api/node/extensionHostProcess.js:31:153170)
	at Y0.g (file:///home/aarifah/.vscode-server/bin/912bb683695358a54ae0c670461738984cbb5b95/out/vs/workbench/api/node/extensionHostProcess.js:114:32313)
	at Y0.executeCommand (file:///home/aarifah/.vscode-server/bin/912bb683695358a54ae0c670461738984cbb5b95/out/vs/workbench/api/node/extensionHostProcess.js:114:31817)
	at r.registerCommand.description (file:///home/aarifah/.vscode-server/bin/912bb683695358a54ae0c670461738984cbb5b95/out/vs/workbench/api/node/extensionHostProcess.js:114:31147)
	at Y0.h (file:///home/aarifah/.vscode-server/bin/912bb683695358a54ae0c670461738984cbb5b95/out/vs/workbench/api/node/extensionHostProcess.js:114:32833)
	at Y0.g (file:///home/aarifah/.vscode-server/bin/912bb683695358a54ae0c670461738984cbb5b95/out/vs/workbench/api/node/extensionHostProcess.js:114:31910)
	at Y0.executeCommand (file:///home/aarifah/.vscode-server/bin/912bb683695358a54ae0c670461738984cbb5b95/out/vs/workbench/api/node/extensionHostProcess.js:114:31817)
	at Object.executeCommand (file:///home/aarifah/.vscode-server/bin/912bb683695358a54ae0c670461738984cbb5b95/out/vs/workbench/api/node/extensionHostProcess.js:156:37246)
	at mh.O [as value] (/home/aarifah/.vscode-server/bin/912bb683695358a54ae0c670461738984cbb5b95/extensions/git/dist/main.js:2:961845)
	at P.B (file:///home/aarifah/.vscode-server/bin/912bb683695358a54ae0c670461738984cbb5b95/out/vs/workbench/api/node/extensionHostProcess.js:29:746)
	at P.C (file:///home/aarifah/.vscode-server/bin/912bb683695358a54ae0c670461738984cbb5b95/out/vs/workbench/api/node/extensionHostProcess.js:29:816)
	at P.fire (file:///home/aarifah/.vscode-server/bin/912bb683695358a54ae0c670461738984cbb5b95/out/vs/workbench/api/node/extensionHostProcess.js:29:1033)
	at Object.p [as dispose] (/home/aarifah/.vscode-server/bin/912bb683695358a54ae0c670461738984cbb5b95/extensions/git/dist/main.js:2:983333)
	at /home/aarifah/.vscode-server/bin/912bb683695358a54ae0c670461738984cbb5b95/extensions/git/dist/main.js:2:989455
	at Array.forEach (<anonymous>)
	at b.dispose (/home/aarifah/.vscode-server/bin/912bb683695358a54ae0c670461738984cbb5b95/extensions/git/dist/main.js:2:989441)
	at V1.<anonymous> (file:///home/aarifah/.vscode-server/bin/912bb683695358a54ae0c670461738984cbb5b95/out/vs/workbench/api/node/extensionHostProcess.js:108:19994)
	at V1.dispose (file:///home/aarifah/.vscode-server/bin/912bb683695358a54ae0c670461738984cbb5b95/out/vs/workbench/api/node/extensionHostProcess.js:108:20090)
	at V1.<anonymous> (/home/aarifah/.vscode-server/bin/912bb683695358a54ae0c670461738984cbb5b95/extensions/git/dist/main.js:2:964255)
	at V1.dispose (file:///home/aarifah/.vscode-server/bin/912bb683695358a54ae0c670461738984cbb5b95/out/vs/workbench/api/node/extensionHostProcess.js:108:20090)
	at ci (file:///home/aarifah/.vscode-server/bin/912bb683695358a54ae0c670461738984cbb5b95/out/vs/workbench/api/node/extensionHostProcess.js:24:699)
	at file:///home/aarifah/.vscode-server/bin/912bb683695358a54ae0c670461738984cbb5b95/out/vs/workbench/api/node/extensionHostProcess.js:118:14992
	at file:///home/aarifah/.vscode-server/bin/912bb683695358a54ae0c670461738984cbb5b95/out/vs/workbench/api/node/extensionHostProcess.js:24:1009
	at Object.dispose (file:///home/aarifah/.vscode-server/bin/912bb683695358a54ae0c670461738984cbb5b95/out/vs/workbench/api/node/extensionHostProcess.js:7:2146)
	at _z.eb (file:///home/aarifah/.vscode-server/bin/912bb683695358a54ae0c670461738984cbb5b95/out/vs/workbench/api/node/extensionHostProcess.js:118:11919)
	at file:///home/aarifah/.vscode-server/bin/912bb683695358a54ae0c670461738984cbb5b95/out/vs/workbench/api/node/extensionHostProcess.js:118:9874
	at Array.map (<anonymous>)
	at _z.$ (file:///home/aarifah/.vscode-server/bin/912bb683695358a54ae0c670461738984cbb5b95/out/vs/workbench/api/node/extensionHostProcess.js:118:9862)
	at _z.terminate (file:///home/aarifah/.vscode-server/bin/912bb683695358a54ae0c670461738984cbb5b95/out/vs/workbench/api/node/extensionHostProcess.js:118:10105)
	at xC.terminate (file:///home/aarifah/.vscode-server/bin/912bb683695358a54ae0c670461738984cbb5b95/out/vs/workbench/api/node/extensionHostProcess.js:119:1424)
	at Zi (file:///home/aarifah/.vscode-server/bin/912bb683695358a54ae0c670461738984cbb5b95/out/vs/workbench/api/node/extensionHostProcess.js:174:15063)
	at c5.a (file:///home/aarifah/.vscode-server/bin/912bb683695358a54ae0c670461738984cbb5b95/out/vs/workbench/api/node/extensionHostProcess.js:174:11915)
	at c5.h (file:///home/aarifah/.vscode-server/bin/912bb683695358a54ae0c670461738984cbb5b95/out/vs/workbench/api/node/extensionHostProcess.js:30:75682)
	at listOnTimeout (node:internal/timers:581:17)
	at process.processTimers (node:internal/timers:519:7) setContext undefined
2024-11-04 14:07:19.896 [error] Canceled: Canceled
	at new tT (file:///home/aarifah/.vscode-server/bin/912bb683695358a54ae0c670461738984cbb5b95/out/vs/workbench/api/node/extensionHostProcess.js:31:151066)
	at py.U (file:///home/aarifah/.vscode-server/bin/912bb683695358a54ae0c670461738984cbb5b95/out/vs/workbench/api/node/extensionHostProcess.js:31:155676)
	at s.<computed>.n.charCodeAt.s.<computed> (file:///home/aarifah/.vscode-server/bin/912bb683695358a54ae0c670461738984cbb5b95/out/vs/workbench/api/node/extensionHostProcess.js:31:153170)
	at Y0.g (file:///home/aarifah/.vscode-server/bin/912bb683695358a54ae0c670461738984cbb5b95/out/vs/workbench/api/node/extensionHostProcess.js:114:32313)
	at Y0.executeCommand (file:///home/aarifah/.vscode-server/bin/912bb683695358a54ae0c670461738984cbb5b95/out/vs/workbench/api/node/extensionHostProcess.js:114:31817)
	at r.registerCommand.description (file:///home/aarifah/.vscode-server/bin/912bb683695358a54ae0c670461738984cbb5b95/out/vs/workbench/api/node/extensionHostProcess.js:114:31147)
	at Y0.h (file:///home/aarifah/.vscode-server/bin/912bb683695358a54ae0c670461738984cbb5b95/out/vs/workbench/api/node/extensionHostProcess.js:114:32833)
	at Y0.g (file:///home/aarifah/.vscode-server/bin/912bb683695358a54ae0c670461738984cbb5b95/out/vs/workbench/api/node/extensionHostProcess.js:114:31910)
	at Y0.executeCommand (file:///home/aarifah/.vscode-server/bin/912bb683695358a54ae0c670461738984cbb5b95/out/vs/workbench/api/node/extensionHostProcess.js:114:31817)
	at Object.executeCommand (file:///home/aarifah/.vscode-server/bin/912bb683695358a54ae0c670461738984cbb5b95/out/vs/workbench/api/node/extensionHostProcess.js:156:37246)
	at mh.O [as value] (/home/aarifah/.vscode-server/bin/912bb683695358a54ae0c670461738984cbb5b95/extensions/git/dist/main.js:2:961845)
	at P.B (file:///home/aarifah/.vscode-server/bin/912bb683695358a54ae0c670461738984cbb5b95/out/vs/workbench/api/node/extensionHostProcess.js:29:746)
	at P.C (file:///home/aarifah/.vscode-server/bin/912bb683695358a54ae0c670461738984cbb5b95/out/vs/workbench/api/node/extensionHostProcess.js:29:816)
	at P.fire (file:///home/aarifah/.vscode-server/bin/912bb683695358a54ae0c670461738984cbb5b95/out/vs/workbench/api/node/extensionHostProcess.js:29:1033)
	at Object.p [as dispose] (/home/aarifah/.vscode-server/bin/912bb683695358a54ae0c670461738984cbb5b95/extensions/git/dist/main.js:2:983333)
	at /home/aarifah/.vscode-server/bin/912bb683695358a54ae0c670461738984cbb5b95/extensions/git/dist/main.js:2:989455
	at Array.forEach (<anonymous>)
	at b.dispose (/home/aarifah/.vscode-server/bin/912bb683695358a54ae0c670461738984cbb5b95/extensions/git/dist/main.js:2:989441)
	at V1.<anonymous> (file:///home/aarifah/.vscode-server/bin/912bb683695358a54ae0c670461738984cbb5b95/out/vs/workbench/api/node/extensionHostProcess.js:108:19994)
	at V1.dispose (file:///home/aarifah/.vscode-server/bin/912bb683695358a54ae0c670461738984cbb5b95/out/vs/workbench/api/node/extensionHostProcess.js:108:20090)
	at V1.<anonymous> (/home/aarifah/.vscode-server/bin/912bb683695358a54ae0c670461738984cbb5b95/extensions/git/dist/main.js:2:964255)
	at V1.dispose (file:///home/aarifah/.vscode-server/bin/912bb683695358a54ae0c670461738984cbb5b95/out/vs/workbench/api/node/extensionHostProcess.js:108:20090)
	at ci (file:///home/aarifah/.vscode-server/bin/912bb683695358a54ae0c670461738984cbb5b95/out/vs/workbench/api/node/extensionHostProcess.js:24:699)
	at file:///home/aarifah/.vscode-server/bin/912bb683695358a54ae0c670461738984cbb5b95/out/vs/workbench/api/node/extensionHostProcess.js:118:14992
	at file:///home/aarifah/.vscode-server/bin/912bb683695358a54ae0c670461738984cbb5b95/out/vs/workbench/api/node/extensionHostProcess.js:24:1009
	at Object.dispose (file:///home/aarifah/.vscode-server/bin/912bb683695358a54ae0c670461738984cbb5b95/out/vs/workbench/api/node/extensionHostProcess.js:7:2146)
	at _z.eb (file:///home/aarifah/.vscode-server/bin/912bb683695358a54ae0c670461738984cbb5b95/out/vs/workbench/api/node/extensionHostProcess.js:118:11919)
	at file:///home/aarifah/.vscode-server/bin/912bb683695358a54ae0c670461738984cbb5b95/out/vs/workbench/api/node/extensionHostProcess.js:118:9874
	at Array.map (<anonymous>)
	at _z.$ (file:///home/aarifah/.vscode-server/bin/912bb683695358a54ae0c670461738984cbb5b95/out/vs/workbench/api/node/extensionHostProcess.js:118:9862)
	at _z.terminate (file:///home/aarifah/.vscode-server/bin/912bb683695358a54ae0c670461738984cbb5b95/out/vs/workbench/api/node/extensionHostProcess.js:118:10105)
	at xC.terminate (file:///home/aarifah/.vscode-server/bin/912bb683695358a54ae0c670461738984cbb5b95/out/vs/workbench/api/node/extensionHostProcess.js:119:1424)
	at Zi (file:///home/aarifah/.vscode-server/bin/912bb683695358a54ae0c670461738984cbb5b95/out/vs/workbench/api/node/extensionHostProcess.js:174:15063)
	at c5.a (file:///home/aarifah/.vscode-server/bin/912bb683695358a54ae0c670461738984cbb5b95/out/vs/workbench/api/node/extensionHostProcess.js:174:11915)
	at c5.h (file:///home/aarifah/.vscode-server/bin/912bb683695358a54ae0c670461738984cbb5b95/out/vs/workbench/api/node/extensionHostProcess.js:30:75682)
	at listOnTimeout (node:internal/timers:581:17)
	at process.processTimers (node:internal/timers:519:7) setContext undefined
2024-11-04 14:07:19.897 [error] Canceled: Canceled
	at new tT (file:///home/aarifah/.vscode-server/bin/912bb683695358a54ae0c670461738984cbb5b95/out/vs/workbench/api/node/extensionHostProcess.js:31:151066)
	at py.U (file:///home/aarifah/.vscode-server/bin/912bb683695358a54ae0c670461738984cbb5b95/out/vs/workbench/api/node/extensionHostProcess.js:31:155676)
	at s.<computed>.n.charCodeAt.s.<computed> (file:///home/aarifah/.vscode-server/bin/912bb683695358a54ae0c670461738984cbb5b95/out/vs/workbench/api/node/extensionHostProcess.js:31:153170)
	at Y0.g (file:///home/aarifah/.vscode-server/bin/912bb683695358a54ae0c670461738984cbb5b95/out/vs/workbench/api/node/extensionHostProcess.js:114:32313)
	at Y0.executeCommand (file:///home/aarifah/.vscode-server/bin/912bb683695358a54ae0c670461738984cbb5b95/out/vs/workbench/api/node/extensionHostProcess.js:114:31817)
	at r.registerCommand.description (file:///home/aarifah/.vscode-server/bin/912bb683695358a54ae0c670461738984cbb5b95/out/vs/workbench/api/node/extensionHostProcess.js:114:31147)
	at Y0.h (file:///home/aarifah/.vscode-server/bin/912bb683695358a54ae0c670461738984cbb5b95/out/vs/workbench/api/node/extensionHostProcess.js:114:32833)
	at Y0.g (file:///home/aarifah/.vscode-server/bin/912bb683695358a54ae0c670461738984cbb5b95/out/vs/workbench/api/node/extensionHostProcess.js:114:31910)
	at Y0.executeCommand (file:///home/aarifah/.vscode-server/bin/912bb683695358a54ae0c670461738984cbb5b95/out/vs/workbench/api/node/extensionHostProcess.js:114:31817)
	at Object.executeCommand (file:///home/aarifah/.vscode-server/bin/912bb683695358a54ae0c670461738984cbb5b95/out/vs/workbench/api/node/extensionHostProcess.js:156:37246)
	at mh.O [as value] (/home/aarifah/.vscode-server/bin/912bb683695358a54ae0c670461738984cbb5b95/extensions/git/dist/main.js:2:961845)
	at P.B (file:///home/aarifah/.vscode-server/bin/912bb683695358a54ae0c670461738984cbb5b95/out/vs/workbench/api/node/extensionHostProcess.js:29:746)
	at P.C (file:///home/aarifah/.vscode-server/bin/912bb683695358a54ae0c670461738984cbb5b95/out/vs/workbench/api/node/extensionHostProcess.js:29:816)
	at P.fire (file:///home/aarifah/.vscode-server/bin/912bb683695358a54ae0c670461738984cbb5b95/out/vs/workbench/api/node/extensionHostProcess.js:29:1033)
	at Object.p [as dispose] (/home/aarifah/.vscode-server/bin/912bb683695358a54ae0c670461738984cbb5b95/extensions/git/dist/main.js:2:983333)
	at /home/aarifah/.vscode-server/bin/912bb683695358a54ae0c670461738984cbb5b95/extensions/git/dist/main.js:2:989455
	at Array.forEach (<anonymous>)
	at b.dispose (/home/aarifah/.vscode-server/bin/912bb683695358a54ae0c670461738984cbb5b95/extensions/git/dist/main.js:2:989441)
	at V1.<anonymous> (file:///home/aarifah/.vscode-server/bin/912bb683695358a54ae0c670461738984cbb5b95/out/vs/workbench/api/node/extensionHostProcess.js:108:19994)
	at V1.dispose (file:///home/aarifah/.vscode-server/bin/912bb683695358a54ae0c670461738984cbb5b95/out/vs/workbench/api/node/extensionHostProcess.js:108:20090)
	at V1.<anonymous> (/home/aarifah/.vscode-server/bin/912bb683695358a54ae0c670461738984cbb5b95/extensions/git/dist/main.js:2:964255)
	at V1.dispose (file:///home/aarifah/.vscode-server/bin/912bb683695358a54ae0c670461738984cbb5b95/out/vs/workbench/api/node/extensionHostProcess.js:108:20090)
	at ci (file:///home/aarifah/.vscode-server/bin/912bb683695358a54ae0c670461738984cbb5b95/out/vs/workbench/api/node/extensionHostProcess.js:24:699)
	at file:///home/aarifah/.vscode-server/bin/912bb683695358a54ae0c670461738984cbb5b95/out/vs/workbench/api/node/extensionHostProcess.js:118:14992
	at file:///home/aarifah/.vscode-server/bin/912bb683695358a54ae0c670461738984cbb5b95/out/vs/workbench/api/node/extensionHostProcess.js:24:1009
	at Object.dispose (file:///home/aarifah/.vscode-server/bin/912bb683695358a54ae0c670461738984cbb5b95/out/vs/workbench/api/node/extensionHostProcess.js:7:2146)
	at _z.eb (file:///home/aarifah/.vscode-server/bin/912bb683695358a54ae0c670461738984cbb5b95/out/vs/workbench/api/node/extensionHostProcess.js:118:11919)
	at file:///home/aarifah/.vscode-server/bin/912bb683695358a54ae0c670461738984cbb5b95/out/vs/workbench/api/node/extensionHostProcess.js:118:9874
	at Array.map (<anonymous>)
	at _z.$ (file:///home/aarifah/.vscode-server/bin/912bb683695358a54ae0c670461738984cbb5b95/out/vs/workbench/api/node/extensionHostProcess.js:118:9862)
	at _z.terminate (file:///home/aarifah/.vscode-server/bin/912bb683695358a54ae0c670461738984cbb5b95/out/vs/workbench/api/node/extensionHostProcess.js:118:10105)
	at xC.terminate (file:///home/aarifah/.vscode-server/bin/912bb683695358a54ae0c670461738984cbb5b95/out/vs/workbench/api/node/extensionHostProcess.js:119:1424)
	at Zi (file:///home/aarifah/.vscode-server/bin/912bb683695358a54ae0c670461738984cbb5b95/out/vs/workbench/api/node/extensionHostProcess.js:174:15063)
	at c5.a (file:///home/aarifah/.vscode-server/bin/912bb683695358a54ae0c670461738984cbb5b95/out/vs/workbench/api/node/extensionHostProcess.js:174:11915)
	at c5.h (file:///home/aarifah/.vscode-server/bin/912bb683695358a54ae0c670461738984cbb5b95/out/vs/workbench/api/node/extensionHostProcess.js:30:75682)
	at listOnTimeout (node:internal/timers:581:17)
	at process.processTimers (node:internal/timers:519:7) setContext undefined
2024-11-04 14:07:19.898 [error] Canceled: Canceled
	at new tT (file:///home/aarifah/.vscode-server/bin/912bb683695358a54ae0c670461738984cbb5b95/out/vs/workbench/api/node/extensionHostProcess.js:31:151066)
	at py.U (file:///home/aarifah/.vscode-server/bin/912bb683695358a54ae0c670461738984cbb5b95/out/vs/workbench/api/node/extensionHostProcess.js:31:155676)
	at s.<computed>.n.charCodeAt.s.<computed> (file:///home/aarifah/.vscode-server/bin/912bb683695358a54ae0c670461738984cbb5b95/out/vs/workbench/api/node/extensionHostProcess.js:31:153170)
	at Y0.g (file:///home/aarifah/.vscode-server/bin/912bb683695358a54ae0c670461738984cbb5b95/out/vs/workbench/api/node/extensionHostProcess.js:114:32313)
	at Y0.executeCommand (file:///home/aarifah/.vscode-server/bin/912bb683695358a54ae0c670461738984cbb5b95/out/vs/workbench/api/node/extensionHostProcess.js:114:31817)
	at r.registerCommand.description (file:///home/aarifah/.vscode-server/bin/912bb683695358a54ae0c670461738984cbb5b95/out/vs/workbench/api/node/extensionHostProcess.js:114:31147)
	at Y0.h (file:///home/aarifah/.vscode-server/bin/912bb683695358a54ae0c670461738984cbb5b95/out/vs/workbench/api/node/extensionHostProcess.js:114:32833)
	at Y0.g (file:///home/aarifah/.vscode-server/bin/912bb683695358a54ae0c670461738984cbb5b95/out/vs/workbench/api/node/extensionHostProcess.js:114:31910)
	at Y0.executeCommand (file:///home/aarifah/.vscode-server/bin/912bb683695358a54ae0c670461738984cbb5b95/out/vs/workbench/api/node/extensionHostProcess.js:114:31817)
	at Object.executeCommand (file:///home/aarifah/.vscode-server/bin/912bb683695358a54ae0c670461738984cbb5b95/out/vs/workbench/api/node/extensionHostProcess.js:156:37246)
	at mh.O [as value] (/home/aarifah/.vscode-server/bin/912bb683695358a54ae0c670461738984cbb5b95/extensions/git/dist/main.js:2:961845)
	at P.B (file:///home/aarifah/.vscode-server/bin/912bb683695358a54ae0c670461738984cbb5b95/out/vs/workbench/api/node/extensionHostProcess.js:29:746)
	at P.C (file:///home/aarifah/.vscode-server/bin/912bb683695358a54ae0c670461738984cbb5b95/out/vs/workbench/api/node/extensionHostProcess.js:29:816)
	at P.fire (file:///home/aarifah/.vscode-server/bin/912bb683695358a54ae0c670461738984cbb5b95/out/vs/workbench/api/node/extensionHostProcess.js:29:1033)
	at Object.p [as dispose] (/home/aarifah/.vscode-server/bin/912bb683695358a54ae0c670461738984cbb5b95/extensions/git/dist/main.js:2:983333)
	at /home/aarifah/.vscode-server/bin/912bb683695358a54ae0c670461738984cbb5b95/extensions/git/dist/main.js:2:989455
	at Array.forEach (<anonymous>)
	at b.dispose (/home/aarifah/.vscode-server/bin/912bb683695358a54ae0c670461738984cbb5b95/extensions/git/dist/main.js:2:989441)
	at V1.<anonymous> (file:///home/aarifah/.vscode-server/bin/912bb683695358a54ae0c670461738984cbb5b95/out/vs/workbench/api/node/extensionHostProcess.js:108:19994)
	at V1.dispose (file:///home/aarifah/.vscode-server/bin/912bb683695358a54ae0c670461738984cbb5b95/out/vs/workbench/api/node/extensionHostProcess.js:108:20090)
	at V1.<anonymous> (/home/aarifah/.vscode-server/bin/912bb683695358a54ae0c670461738984cbb5b95/extensions/git/dist/main.js:2:964255)
	at V1.dispose (file:///home/aarifah/.vscode-server/bin/912bb683695358a54ae0c670461738984cbb5b95/out/vs/workbench/api/node/extensionHostProcess.js:108:20090)
	at ci (file:///home/aarifah/.vscode-server/bin/912bb683695358a54ae0c670461738984cbb5b95/out/vs/workbench/api/node/extensionHostProcess.js:24:699)
	at file:///home/aarifah/.vscode-server/bin/912bb683695358a54ae0c670461738984cbb5b95/out/vs/workbench/api/node/extensionHostProcess.js:118:14992
	at file:///home/aarifah/.vscode-server/bin/912bb683695358a54ae0c670461738984cbb5b95/out/vs/workbench/api/node/extensionHostProcess.js:24:1009
	at Object.dispose (file:///home/aarifah/.vscode-server/bin/912bb683695358a54ae0c670461738984cbb5b95/out/vs/workbench/api/node/extensionHostProcess.js:7:2146)
	at _z.eb (file:///home/aarifah/.vscode-server/bin/912bb683695358a54ae0c670461738984cbb5b95/out/vs/workbench/api/node/extensionHostProcess.js:118:11919)
	at file:///home/aarifah/.vscode-server/bin/912bb683695358a54ae0c670461738984cbb5b95/out/vs/workbench/api/node/extensionHostProcess.js:118:9874
	at Array.map (<anonymous>)
	at _z.$ (file:///home/aarifah/.vscode-server/bin/912bb683695358a54ae0c670461738984cbb5b95/out/vs/workbench/api/node/extensionHostProcess.js:118:9862)
	at _z.terminate (file:///home/aarifah/.vscode-server/bin/912bb683695358a54ae0c670461738984cbb5b95/out/vs/workbench/api/node/extensionHostProcess.js:118:10105)
	at xC.terminate (file:///home/aarifah/.vscode-server/bin/912bb683695358a54ae0c670461738984cbb5b95/out/vs/workbench/api/node/extensionHostProcess.js:119:1424)
	at Zi (file:///home/aarifah/.vscode-server/bin/912bb683695358a54ae0c670461738984cbb5b95/out/vs/workbench/api/node/extensionHostProcess.js:174:15063)
	at c5.a (file:///home/aarifah/.vscode-server/bin/912bb683695358a54ae0c670461738984cbb5b95/out/vs/workbench/api/node/extensionHostProcess.js:174:11915)
	at c5.h (file:///home/aarifah/.vscode-server/bin/912bb683695358a54ae0c670461738984cbb5b95/out/vs/workbench/api/node/extensionHostProcess.js:30:75682)
	at listOnTimeout (node:internal/timers:581:17)
	at process.processTimers (node:internal/timers:519:7) setContext undefined
2024-11-04 14:07:19.942 [error] Canceled: Canceled
	at new tT (file:///home/aarifah/.vscode-server/bin/912bb683695358a54ae0c670461738984cbb5b95/out/vs/workbench/api/node/extensionHostProcess.js:31:151066)
	at py.U (file:///home/aarifah/.vscode-server/bin/912bb683695358a54ae0c670461738984cbb5b95/out/vs/workbench/api/node/extensionHostProcess.js:31:155676)
	at s.<computed>.n.charCodeAt.s.<computed> (file:///home/aarifah/.vscode-server/bin/912bb683695358a54ae0c670461738984cbb5b95/out/vs/workbench/api/node/extensionHostProcess.js:31:153170)
	at Y0.g (file:///home/aarifah/.vscode-server/bin/912bb683695358a54ae0c670461738984cbb5b95/out/vs/workbench/api/node/extensionHostProcess.js:114:32313)
	at Y0.executeCommand (file:///home/aarifah/.vscode-server/bin/912bb683695358a54ae0c670461738984cbb5b95/out/vs/workbench/api/node/extensionHostProcess.js:114:31817)
	at r.registerCommand.description (file:///home/aarifah/.vscode-server/bin/912bb683695358a54ae0c670461738984cbb5b95/out/vs/workbench/api/node/extensionHostProcess.js:114:31147)
	at Y0.h (file:///home/aarifah/.vscode-server/bin/912bb683695358a54ae0c670461738984cbb5b95/out/vs/workbench/api/node/extensionHostProcess.js:114:32833)
	at Y0.g (file:///home/aarifah/.vscode-server/bin/912bb683695358a54ae0c670461738984cbb5b95/out/vs/workbench/api/node/extensionHostProcess.js:114:31910)
	at Y0.executeCommand (file:///home/aarifah/.vscode-server/bin/912bb683695358a54ae0c670461738984cbb5b95/out/vs/workbench/api/node/extensionHostProcess.js:114:31817)
	at Object.executeCommand (file:///home/aarifah/.vscode-server/bin/912bb683695358a54ae0c670461738984cbb5b95/out/vs/workbench/api/node/extensionHostProcess.js:156:37246)
	at set hasGitHubRepositories [as hasGitHubRepositories] (/home/aarifah/.vscode-server/bin/912bb683695358a54ae0c670461738984cbb5b95/extensions/github/dist/extension.js:2:328633)
	at /home/aarifah/.vscode-server/bin/912bb683695358a54ae0c670461738984cbb5b95/extensions/github/dist/extension.js:2:329592
	at mh.value (/home/aarifah/.vscode-server/bin/912bb683695358a54ae0c670461738984cbb5b95/extensions/git/dist/main.js:2:1073936)
	at P.B (file:///home/aarifah/.vscode-server/bin/912bb683695358a54ae0c670461738984cbb5b95/out/vs/workbench/api/node/extensionHostProcess.js:29:746)
	at P.C (file:///home/aarifah/.vscode-server/bin/912bb683695358a54ae0c670461738984cbb5b95/out/vs/workbench/api/node/extensionHostProcess.js:29:816)
	at P.fire (file:///home/aarifah/.vscode-server/bin/912bb683695358a54ae0c670461738984cbb5b95/out/vs/workbench/api/node/extensionHostProcess.js:29:1033)
	at Object.p [as dispose] (/home/aarifah/.vscode-server/bin/912bb683695358a54ae0c670461738984cbb5b95/extensions/git/dist/main.js:2:983333)
	at /home/aarifah/.vscode-server/bin/912bb683695358a54ae0c670461738984cbb5b95/extensions/git/dist/main.js:2:989455
	at Array.forEach (<anonymous>)
	at b.dispose (/home/aarifah/.vscode-server/bin/912bb683695358a54ae0c670461738984cbb5b95/extensions/git/dist/main.js:2:989441)
	at V1.<anonymous> (file:///home/aarifah/.vscode-server/bin/912bb683695358a54ae0c670461738984cbb5b95/out/vs/workbench/api/node/extensionHostProcess.js:108:19994)
	at V1.dispose (file:///home/aarifah/.vscode-server/bin/912bb683695358a54ae0c670461738984cbb5b95/out/vs/workbench/api/node/extensionHostProcess.js:108:20090)
	at V1.<anonymous> (/home/aarifah/.vscode-server/bin/912bb683695358a54ae0c670461738984cbb5b95/extensions/git/dist/main.js:2:964255)
	at V1.dispose (file:///home/aarifah/.vscode-server/bin/912bb683695358a54ae0c670461738984cbb5b95/out/vs/workbench/api/node/extensionHostProcess.js:108:20090)
	at ci (file:///home/aarifah/.vscode-server/bin/912bb683695358a54ae0c670461738984cbb5b95/out/vs/workbench/api/node/extensionHostProcess.js:24:699)
	at file:///home/aarifah/.vscode-server/bin/912bb683695358a54ae0c670461738984cbb5b95/out/vs/workbench/api/node/extensionHostProcess.js:118:14992
	at file:///home/aarifah/.vscode-server/bin/912bb683695358a54ae0c670461738984cbb5b95/out/vs/workbench/api/node/extensionHostProcess.js:24:1009
	at Object.dispose (file:///home/aarifah/.vscode-server/bin/912bb683695358a54ae0c670461738984cbb5b95/out/vs/workbench/api/node/extensionHostProcess.js:7:2146)
	at _z.eb (file:///home/aarifah/.vscode-server/bin/912bb683695358a54ae0c670461738984cbb5b95/out/vs/workbench/api/node/extensionHostProcess.js:118:11919)
	at file:///home/aarifah/.vscode-server/bin/912bb683695358a54ae0c670461738984cbb5b95/out/vs/workbench/api/node/extensionHostProcess.js:118:9874
	at Array.map (<anonymous>)
	at _z.$ (file:///home/aarifah/.vscode-server/bin/912bb683695358a54ae0c670461738984cbb5b95/out/vs/workbench/api/node/extensionHostProcess.js:118:9862)
	at _z.terminate (file:///home/aarifah/.vscode-server/bin/912bb683695358a54ae0c670461738984cbb5b95/out/vs/workbench/api/node/extensionHostProcess.js:118:10105)
	at xC.terminate (file:///home/aarifah/.vscode-server/bin/912bb683695358a54ae0c670461738984cbb5b95/out/vs/workbench/api/node/extensionHostProcess.js:119:1424)
	at Zi (file:///home/aarifah/.vscode-server/bin/912bb683695358a54ae0c670461738984cbb5b95/out/vs/workbench/api/node/extensionHostProcess.js:174:15063)
	at c5.a (file:///home/aarifah/.vscode-server/bin/912bb683695358a54ae0c670461738984cbb5b95/out/vs/workbench/api/node/extensionHostProcess.js:174:11915)
	at c5.h (file:///home/aarifah/.vscode-server/bin/912bb683695358a54ae0c670461738984cbb5b95/out/vs/workbench/api/node/extensionHostProcess.js:30:75682)
	at listOnTimeout (node:internal/timers:581:17)
	at process.processTimers (node:internal/timers:519:7) setContext undefined
2024-11-04 14:07:19.943 [info] Extension host with pid 19111 exiting with code 0
