2024-11-11 21:19:04.174 [info] [main] Log level: Info
2024-11-11 21:19:04.174 [info] [main] Validating found git in: "git"
2024-11-11 21:19:04.174 [info] [main] Using git "2.25.1" from "git"
2024-11-11 21:19:04.174 [info] [Model][doInitialScan] Initial repository scan started
2024-11-11 21:19:04.174 [info] > git rev-parse --show-toplevel [363ms]
2024-11-11 21:19:04.201 [info] > git rev-parse --git-dir --git-common-dir [28ms]
2024-11-11 21:19:04.280 [info] [Model][openRepository] Opened repository: /home/aarifah
2024-11-11 21:19:04.371 [info] > git config --get commit.template [44ms]
2024-11-11 21:19:04.490 [info] > git rev-parse --show-toplevel [134ms]
2024-11-11 21:19:04.533 [info] > git for-each-ref --format=%(refname)%00%(upstream:short)%00%(objectname)%00%(upstream:track)%00%(upstream:remotename)%00%(upstream:remoteref) refs/heads/field refs/remotes/field [90ms]
2024-11-11 21:19:04.725 [info] > git rev-parse --git-dir --git-common-dir [202ms]
2024-11-11 21:19:04.752 [info] [Model][openRepository] Opened repository: /home/aarifah/ardupilot_gazebo
2024-11-11 21:19:04.951 [info] > git config --get commit.template [95ms]
2024-11-11 21:19:04.960 [info] > git for-each-ref --sort -committerdate --format %(refname) %(objectname) %(*objectname) [255ms]
2024-11-11 21:19:04.963 [info] > git rev-parse --show-toplevel [67ms]
2024-11-11 21:19:05.115 [info] > git rev-parse --show-toplevel [42ms]
2024-11-11 21:19:05.116 [info] > git for-each-ref --format=%(refname)%00%(upstream:short)%00%(objectname)%00%(upstream:track)%00%(upstream:remotename)%00%(upstream:remoteref) refs/heads/master refs/remotes/master [91ms]
2024-11-11 21:19:05.162 [warning] [Git][revParse] Unable to read file: ENOENT: no such file or directory, open '/home/aarifah/ardupilot_gazebo/.git/refs/remotes/origin/master'
2024-11-11 21:19:05.163 [info] > git rev-parse --show-toplevel [20ms]
2024-11-11 21:19:05.193 [info] > git rev-parse refs/remotes/origin/master [32ms]
2024-11-11 21:19:05.251 [info] > git rev-parse --show-toplevel [60ms]
2024-11-11 21:19:05.323 [info] > git rev-parse --show-toplevel [6ms]
2024-11-11 21:19:05.324 [info] > git for-each-ref --sort -committerdate --format %(refname) %(objectname) %(*objectname) [78ms]
2024-11-11 21:19:05.408 [info] > git rev-parse --show-toplevel [34ms]
2024-11-11 21:19:06.035 [info] > git rev-parse --show-toplevel [576ms]
2024-11-11 21:19:06.165 [info] > git check-ignore -v -z --stdin [222ms]
2024-11-11 21:19:06.383 [info] > git check-ignore -v -z --stdin [350ms]
2024-11-11 21:19:06.390 [info] > git rev-parse --show-toplevel [227ms]
2024-11-11 21:19:06.456 [info] > git rev-parse --show-toplevel [46ms]
2024-11-11 21:19:06.493 [info] > git rev-parse --show-toplevel [2ms]
2024-11-11 21:19:06.564 [info] > git rev-parse --show-toplevel [3ms]
2024-11-11 21:19:06.610 [info] > git rev-parse --show-toplevel [16ms]
2024-11-11 21:19:06.627 [info] > git rev-parse --show-toplevel [2ms]
2024-11-11 21:19:06.659 [info] > git rev-parse --show-toplevel [16ms]
2024-11-11 21:19:07.215 [info] > git rev-parse --show-toplevel [541ms]
2024-11-11 21:19:08.697 [info] > git rev-parse --git-dir --git-common-dir [47ms]
2024-11-11 21:19:08.745 [info] [Model][openRepository] Opened repository: /home/aarifah/ardupilot
2024-11-11 21:19:08.845 [info] > git rev-parse --show-toplevel [18ms]
2024-11-11 21:19:08.982 [info] > git config --get commit.template [168ms]
2024-11-11 21:19:08.992 [info] > git rev-parse --show-toplevel [42ms]
2024-11-11 21:19:09.040 [info] > git rev-parse --show-toplevel [2ms]
2024-11-11 21:19:09.053 [info] [Model][doInitialScan] Initial repository scan completed - repositories (3), closed repositories (0), parent repositories (0), unsafe repositories (0)
2024-11-11 21:19:09.200 [info] > git show --textconv :worlds/capstone.world [110ms]
2024-11-11 21:19:09.201 [info] > git show --textconv :worlds/iris_arducopter_runway.world [47ms]
2024-11-11 21:19:09.202 [info] > git ls-files --stage -- /home/aarifah/ardupilot_gazebo/worlds/iris_arducopter_runway.world [26ms]
2024-11-11 21:19:09.208 [info] > git ls-files --stage -- /home/aarifah/ardupilot_gazebo/worlds/capstone.world [37ms]
2024-11-11 21:19:09.240 [info] > git cat-file -s f3269a3e0b50d18f99fbadf15a0f258c614b3a7e [33ms]
2024-11-11 21:19:09.317 [info] > git status -z -uall [4093ms]
2024-11-11 21:19:10.814 [info] > git check-ignore -v -z --stdin [90ms]
2024-11-11 21:19:10.816 [info] > git check-ignore -v -z --stdin [75ms]
2024-11-11 21:19:10.817 [info] > git for-each-ref --format=%(refname)%00%(upstream:short)%00%(objectname)%00%(upstream:track)%00%(upstream:remotename)%00%(upstream:remoteref) refs/heads/master refs/remotes/master [1449ms]
2024-11-11 21:19:10.875 [info] > git check-ignore -v -z --stdin [127ms]
2024-11-11 21:19:10.877 [info] > git config --local branch.master.vscode-merge-base [10ms]
2024-11-11 21:19:10.929 [info] > git config --get commit.template [134ms]
2024-11-11 21:19:11.924 [info] > git for-each-ref --format=%(refname)%00%(upstream:short)%00%(objectname)%00%(upstream:track)%00%(upstream:remotename)%00%(upstream:remoteref) refs/heads/origin/master refs/remotes/origin/master [995ms]
2024-11-11 21:19:12.134 [info] > git merge-base refs/heads/master refs/remotes/origin/master [180ms]
2024-11-11 21:19:12.181 [info] > git for-each-ref --format %(refname) %(objectname) %(*objectname) refs/tags [3241ms]
2024-11-11 21:19:12.237 [info] > git diff --name-status -z --diff-filter=ADMR a28cab40f939a42d4845390ed5ace6d36618385c...refs/remotes/origin/master [91ms]
2024-11-11 21:19:12.248 [info] > git for-each-ref --format=%(refname)%00%(upstream:short)%00%(objectname)%00%(upstream:track)%00%(upstream:remotename)%00%(upstream:remoteref) refs/heads/master refs/remotes/master [171ms]
2024-11-11 21:19:12.310 [warning] [Git][revParse] Unable to read file: ENOENT: no such file or directory, open '/home/aarifah/ardupilot_gazebo/.git/refs/remotes/origin/master'
2024-11-11 21:19:12.779 [info] > git rev-parse refs/remotes/origin/master [468ms]
2024-11-11 21:19:12.816 [info] > git for-each-ref --sort -committerdate --format %(refname) %(objectname) %(*objectname) [593ms]
2024-11-11 21:19:13.426 [info] > git status -z -uall [640ms]
2024-11-11 21:19:13.504 [info] > git for-each-ref --sort -committerdate --format %(refname) %(objectname) %(*objectname) [703ms]
2024-11-11 21:19:27.976 [info] > git status -z -uall [15779ms]
2024-11-11 21:19:28.028 [info] > git config --get commit.template [4ms]
2024-11-11 21:19:28.057 [info] > git for-each-ref --format %(refname) %(objectname) %(*objectname) refs/tags [21ms]
2024-11-11 21:19:28.122 [info] > git for-each-ref --sort -committerdate --format %(refname) %(objectname) %(*objectname) [11ms]
2024-11-11 21:19:28.488 [info] > git rev-parse --show-toplevel [2ms]
2024-11-11 21:19:28.495 [info] > git rev-parse --git-dir --git-common-dir [2ms]
2024-11-11 21:19:28.545 [info] [Model][openRepository] Opened repository: /home/aarifah/ardupilot/modules/uavcan
2024-11-11 21:19:28.634 [info] > git config --get commit.template [85ms]
2024-11-11 21:19:28.651 [info] > git rev-parse --show-toplevel [22ms]
2024-11-11 21:19:28.721 [info] > git rev-parse --git-dir --git-common-dir [7ms]
2024-11-11 21:19:28.729 [info] [Model][openRepository] Opened repository: /home/aarifah/ardupilot/modules/waf
2024-11-11 21:19:28.743 [info] > git for-each-ref --format %(refname) %(objectname) %(*objectname) refs/tags [96ms]
2024-11-11 21:19:28.789 [info] > git rev-parse --show-toplevel [47ms]
2024-11-11 21:19:28.790 [info] > git config --get commit.template [53ms]
2024-11-11 21:19:28.870 [info] > git status -z -uall [121ms]
2024-11-11 21:19:28.870 [info] > git rev-parse --git-dir --git-common-dir [35ms]
2024-11-11 21:19:28.879 [info] [Model][openRepository] Opened repository: /home/aarifah/ardupilot/modules/gbenchmark
2024-11-11 21:19:28.886 [info] > git for-each-ref --sort -committerdate --format %(refname) %(objectname) %(*objectname) [100ms]
2024-11-11 21:19:28.968 [info] > git config --get commit.template [11ms]
2024-11-11 21:19:28.968 [info] > git rev-parse --show-toplevel [34ms]
2024-11-11 21:19:28.969 [info] > git config --get commit.template [57ms]
2024-11-11 21:19:28.970 [info] > git for-each-ref --format %(refname) %(objectname) %(*objectname) refs/tags [104ms]
2024-11-11 21:19:29.057 [info] > git status -z -uall [74ms]
2024-11-11 21:19:29.058 [info] > git for-each-ref --sort -committerdate --format %(refname) %(objectname) %(*objectname) [59ms]
2024-11-11 21:19:29.079 [info] > git for-each-ref --format %(refname) %(objectname) %(*objectname) refs/tags [28ms]
2024-11-11 21:19:29.112 [info] > git for-each-ref --format %(refname) %(objectname) %(*objectname) refs/tags [71ms]
2024-11-11 21:19:29.130 [info] > git rev-parse --git-dir --git-common-dir [107ms]
2024-11-11 21:19:29.145 [info] [Model][openRepository] Opened repository: /home/aarifah/ardupilot/modules/mavlink
2024-11-11 21:19:29.201 [info] > git status -z -uall [110ms]
2024-11-11 21:19:29.201 [info] > git status -z -uall [83ms]
2024-11-11 21:19:29.202 [info] > git for-each-ref --sort -committerdate --format %(refname) %(objectname) %(*objectname) [72ms]
2024-11-11 21:19:29.229 [info] > git for-each-ref --sort -committerdate --format %(refname) %(objectname) %(*objectname) [118ms]
2024-11-11 21:19:29.245 [info] > git config --get commit.template [168ms]
2024-11-11 21:19:29.409 [info] > git check-ignore -v -z --stdin [158ms]
2024-11-11 21:19:29.415 [info] > git check-ignore -v -z --stdin [135ms]
2024-11-11 21:19:29.415 [info] > git check-ignore -v -z --stdin [55ms]
2024-11-11 21:19:29.416 [info] > git rev-parse --show-toplevel [218ms]
2024-11-11 21:19:29.416 [info] > git config --get commit.template [249ms]
2024-11-11 21:19:29.440 [info] > git config --get commit.template [54ms]
2024-11-11 21:19:29.517 [info] > git rev-parse --git-dir --git-common-dir [80ms]
2024-11-11 21:19:29.523 [info] [Model][openRepository] Opened repository: /home/aarifah/ardupilot/modules/gtest
2024-11-11 21:19:29.529 [info] > git for-each-ref --format %(refname) %(objectname) %(*objectname) refs/tags [99ms]
2024-11-11 21:19:29.824 [info] > git status -z -uall [113ms]
2024-11-11 21:19:29.827 [info] > git for-each-ref --sort -committerdate --format %(refname) %(objectname) %(*objectname) [95ms]
2024-11-11 21:19:29.829 [info] > git for-each-ref --format %(refname) %(objectname) %(*objectname) refs/tags [301ms]
2024-11-11 21:19:29.870 [info] > git status -z -uall [1808ms]
2024-11-11 21:19:29.870 [info] > git status -z -uall [32ms]
2024-11-11 21:19:29.871 [info] > git rev-parse --show-toplevel [66ms]
2024-11-11 21:19:29.871 [info] > git config --get commit.template [97ms]
2024-11-11 21:19:29.909 [info] > git for-each-ref --format %(refname) %(objectname) %(*objectname) refs/tags [394ms]
2024-11-11 21:19:30.003 [info] > git status -z -uall [77ms]
2024-11-11 21:19:30.003 [info] > git check-ignore -v -z --stdin [52ms]
2024-11-11 21:19:30.004 [info] > git check-ignore -v -z --stdin [32ms]
2024-11-11 21:19:30.022 [info] > git for-each-ref --sort -committerdate --format %(refname) %(objectname) %(*objectname) [66ms]
2024-11-11 21:19:30.040 [info] > git for-each-ref --sort -committerdate --format %(refname) %(objectname) %(*objectname) [191ms]
2024-11-11 21:19:30.334 [info] > git check-ignore -v -z --stdin [351ms]
2024-11-11 21:19:30.336 [info] > git rev-parse --git-dir --git-common-dir [336ms]
2024-11-11 21:19:30.343 [info] [Model][openRepository] Opened repository: /home/aarifah/ardupilot/modules/ChibiOS
2024-11-11 21:19:30.358 [info] > git config --get commit.template [37ms]
2024-11-11 21:19:30.375 [info] > git config --get commit.template [17ms]
2024-11-11 21:19:30.381 [info] > git rev-parse --show-toplevel [9ms]
2024-11-11 21:19:30.402 [info] > git for-each-ref --format %(refname) %(objectname) %(*objectname) refs/tags [23ms]
2024-11-11 21:19:30.473 [info] > git status -z -uall [52ms]
2024-11-11 21:19:30.473 [info] > git rev-parse --git-dir --git-common-dir [74ms]
2024-11-11 21:19:30.484 [info] [Model][openRepository] Opened repository: /home/aarifah/ardupilot/modules/libcanard
2024-11-11 21:19:30.625 [info] > git for-each-ref --sort -committerdate --format %(refname) %(objectname) %(*objectname) [200ms]
2024-11-11 21:19:30.655 [info] > git rev-parse --show-toplevel [36ms]
2024-11-11 21:19:30.655 [info] > git config --get commit.template [40ms]
2024-11-11 21:19:30.656 [info] > git for-each-ref --format %(refname) %(objectname) %(*objectname) refs/tags [265ms]
2024-11-11 21:19:30.733 [info] > git for-each-ref --format %(refname) %(objectname) %(*objectname) refs/tags [430ms]
2024-11-11 21:19:30.764 [info] > git rev-parse --git-dir --git-common-dir [40ms]
2024-11-11 21:19:30.790 [info] [Model][openRepository] Opened repository: /home/aarifah/ardupilot/modules/uavcan/dsdl
2024-11-11 21:19:31.364 [info] > git status -z -uall [627ms]
2024-11-11 21:19:31.364 [info] > git for-each-ref --format %(refname) %(objectname) %(*objectname) refs/tags [602ms]
2024-11-11 21:19:31.393 [info] > git for-each-ref --sort -committerdate --format %(refname) %(objectname) %(*objectname) [652ms]
2024-11-11 21:19:31.542 [info] > git rev-parse --show-toplevel [217ms]
2024-11-11 21:19:31.543 [info] > git config --get commit.template [322ms]
2024-11-11 21:19:31.569 [info] > git status -z -uall [201ms]
2024-11-11 21:19:31.569 [info] > git check-ignore -v -z --stdin [110ms]
2024-11-11 21:19:31.571 [info] > git check-ignore -v -z --stdin [80ms]
2024-11-11 21:19:31.571 [info] > git check-ignore -v -z --stdin [76ms]
2024-11-11 21:19:31.573 [info] > git config --get commit.template [43ms]
2024-11-11 21:19:31.573 [info] > git for-each-ref --sort -committerdate --format %(refname) %(objectname) %(*objectname) [180ms]
2024-11-11 21:19:31.638 [info] > git rev-parse --git-dir --git-common-dir [71ms]
2024-11-11 21:19:31.644 [info] [Model][openRepository] Opened repository: /home/aarifah/ardupilot/modules/uavcan/libuavcan/dsdl_compiler/pyuavcan
2024-11-11 21:19:31.694 [info] > git config --get commit.template [68ms]
2024-11-11 21:19:31.695 [info] > git for-each-ref --format %(refname) %(objectname) %(*objectname) refs/tags [86ms]
2024-11-11 21:19:31.728 [info] > git for-each-ref --sort -committerdate --format %(refname) %(objectname) %(*objectname) [1014ms]
2024-11-11 21:19:31.768 [info] > git status -z -uall [51ms]
2024-11-11 21:19:31.769 [info] > git rev-parse --show-toplevel [77ms]
2024-11-11 21:19:31.770 [info] > git config --get commit.template [83ms]
2024-11-11 21:19:31.770 [info] > git for-each-ref --format %(refname) %(objectname) %(*objectname) refs/tags [98ms]
2024-11-11 21:19:31.869 [info] > git status -z -uall [78ms]
2024-11-11 21:19:31.870 [info] > git for-each-ref --sort -committerdate --format %(refname) %(objectname) %(*objectname) [57ms]
2024-11-11 21:19:31.871 [info] > git for-each-ref --sort -committerdate --format %(refname) %(objectname) %(*objectname) [147ms]
2024-11-11 21:19:31.918 [info] > git rev-parse --git-dir --git-common-dir [84ms]
2024-11-11 21:19:31.924 [info] [Model][openRepository] Opened repository: /home/aarifah/ardupilot/modules/mavlink/pymavlink
2024-11-11 21:19:31.929 [info] > git for-each-ref --format %(refname) %(objectname) %(*objectname) refs/tags [100ms]
2024-11-11 21:19:31.999 [info] > git for-each-ref --sort -committerdate --format %(refname) %(objectname) %(*objectname) [56ms]
2024-11-11 21:19:32.000 [info] > git config --get commit.template [85ms]
2024-11-11 21:19:32.005 [info] > git for-each-ref --format %(refname) %(objectname) %(*objectname) refs/tags [98ms]
2024-11-11 21:19:32.037 [info] > git status -z -uall [102ms]
2024-11-11 21:19:32.037 [info] > git config --get commit.template [54ms]
2024-11-11 21:19:32.075 [info] > git status -z -uall [62ms]
2024-11-11 21:19:32.080 [info] > git for-each-ref --format %(refname) %(objectname) %(*objectname) refs/tags [24ms]
2024-11-11 21:19:32.105 [info] > git for-each-ref --sort -committerdate --format %(refname) %(objectname) %(*objectname) [79ms]
2024-11-11 21:19:32.128 [info] > git status -z -uall [31ms]
2024-11-11 21:19:32.129 [info] > git for-each-ref --format %(refname) %(objectname) %(*objectname) refs/tags [55ms]
2024-11-11 21:19:32.152 [info] > git config --get commit.template [24ms]
2024-11-11 21:19:32.153 [info] > git for-each-ref --sort -committerdate --format %(refname) %(objectname) %(*objectname) [48ms]
2024-11-11 21:19:32.163 [info] > git status -z -uall [22ms]
2024-11-11 21:19:32.176 [info] > git for-each-ref --format %(refname) %(objectname) %(*objectname) refs/tags [1ms]
2024-11-11 21:19:32.207 [info] > git status -z -uall [24ms]
2024-11-11 21:19:32.209 [info] > git for-each-ref --sort -committerdate --format %(refname) %(objectname) %(*objectname) [60ms]
2024-11-11 21:19:32.227 [info] > git for-each-ref --sort -committerdate --format %(refname) %(objectname) %(*objectname) [30ms]
2024-11-11 21:19:32.242 [info] > git config --get commit.template [15ms]
2024-11-11 21:19:32.285 [info] > git for-each-ref --format %(refname) %(objectname) %(*objectname) refs/tags [35ms]
2024-11-11 21:19:32.309 [info] > git check-ignore -v -z --stdin [54ms]
2024-11-11 21:19:32.310 [info] > git check-ignore -v -z --stdin [43ms]
2024-11-11 21:19:32.323 [info] > git status -z -uall [34ms]
2024-11-11 21:19:32.326 [info] > git for-each-ref --sort -committerdate --format %(refname) %(objectname) %(*objectname) [30ms]
2024-11-11 21:19:32.341 [info] > git check-ignore -v -z --stdin [58ms]
2024-11-11 21:19:32.754 [info] > git status -z -uall [2046ms]
2024-11-11 21:19:32.764 [info] > git rev-parse --show-toplevel [4ms]
2024-11-11 21:19:32.764 [info] > git config --get commit.template [1ms]
2024-11-11 21:19:32.772 [info] > git rev-parse --git-dir --git-common-dir [4ms]
2024-11-11 21:19:32.775 [info] [Model][openRepository] Opened repository: /home/aarifah/ardupilot/modules/libcanard/drivers/avr/avr-can-lib
2024-11-11 21:19:32.827 [info] > git for-each-ref --format %(refname) %(objectname) %(*objectname) refs/tags [56ms]
2024-11-11 21:19:32.888 [info] > git rev-parse --show-toplevel [62ms]
2024-11-11 21:19:32.889 [info] > git config --get commit.template [110ms]
2024-11-11 21:19:32.902 [info] > git for-each-ref --sort -committerdate --format %(refname) %(objectname) %(*objectname) [31ms]
2024-11-11 21:19:32.908 [info] > git rev-parse --git-dir --git-common-dir [6ms]
2024-11-11 21:19:32.924 [info] [Model][openRepository] Opened repository: /home/aarifah/ardupilot/modules/libcanard/dsdl_compiler/pyuavcan
2024-11-11 21:19:32.974 [info] > git rev-parse --show-toplevel [6ms]
2024-11-11 21:19:32.975 [info] > git config --get commit.template [22ms]
2024-11-11 21:19:32.975 [info] > git for-each-ref --format %(refname) %(objectname) %(*objectname) refs/tags [68ms]
2024-11-11 21:19:33.025 [info] > git status -z -uall [37ms]
2024-11-11 21:19:33.031 [info] > git rev-parse --git-dir --git-common-dir [20ms]
2024-11-11 21:19:33.045 [info] [Model][openRepository] Opened repository: /home/aarifah/ardupilot/modules/uavcan/libuavcan/dsdl_compiler/pyuavcan/dsdl
2024-11-11 21:19:33.076 [info] > git config --get commit.template [19ms]
2024-11-11 21:19:33.092 [info] > git for-each-ref --sort -committerdate --format %(refname) %(objectname) %(*objectname) [88ms]
2024-11-11 21:19:33.106 [info] > git for-each-ref --format %(refname) %(objectname) %(*objectname) refs/tags [32ms]
2024-11-11 21:19:33.123 [info] > git status -z -uall [7ms]
2024-11-11 21:19:33.124 [info] > git config --get commit.template [19ms]
2024-11-11 21:19:33.137 [info] > git for-each-ref --format %(refname) %(objectname) %(*objectname) refs/tags [3ms]
2024-11-11 21:19:33.176 [info] > git status -z -uall [18ms]
2024-11-11 21:19:33.178 [info] > git for-each-ref --format %(refname) %(objectname) %(*objectname) refs/tags [154ms]
2024-11-11 21:19:33.189 [info] > git for-each-ref --sort -committerdate --format %(refname) %(objectname) %(*objectname) [27ms]
2024-11-11 21:19:33.201 [info] > git status -z -uall [19ms]
2024-11-11 21:19:33.511 [info] > git for-each-ref --sort -committerdate --format %(refname) %(objectname) %(*objectname) [390ms]
2024-11-11 21:19:33.614 [info] > git check-ignore -v -z --stdin [37ms]
2024-11-11 21:19:33.615 [info] > git check-ignore -v -z --stdin [35ms]
2024-11-11 21:19:33.621 [info] > git check-ignore -v -z --stdin [37ms]
2024-11-11 21:19:33.623 [info] > git for-each-ref --sort -committerdate --format %(refname) %(objectname) %(*objectname) [436ms]
2024-11-11 21:19:33.656 [info] > git config --get commit.template [44ms]
2024-11-11 21:19:33.741 [info] > git config --get commit.template [10ms]
2024-11-11 21:19:33.741 [info] > git for-each-ref --format %(refname) %(objectname) %(*objectname) refs/tags [15ms]
2024-11-11 21:19:33.756 [info] > git status -z -uall [12ms]
2024-11-11 21:19:33.763 [info] > git for-each-ref --sort -committerdate --format %(refname) %(objectname) %(*objectname) [9ms]
2024-11-11 21:19:33.769 [info] > git for-each-ref --format %(refname) %(objectname) %(*objectname) refs/tags [7ms]
2024-11-11 21:19:33.785 [info] > git for-each-ref --sort -committerdate --format %(refname) %(objectname) %(*objectname) [8ms]
2024-11-11 21:19:33.788 [info] > git status -z -uall [15ms]
2024-11-11 21:19:34.298 [info] > git rev-parse --show-toplevel [4ms]
2024-11-11 21:19:34.311 [info] > git rev-parse --git-dir --git-common-dir [6ms]
2024-11-11 21:19:34.316 [info] [Model][openRepository] Opened repository: /home/aarifah/ardupilot/modules/libcanard/dsdl_compiler/pyuavcan/uavcan/dsdl_files
2024-11-11 21:19:34.329 [info] > git status -z -uall [1499ms]
2024-11-11 21:19:34.336 [info] > git config --get commit.template [6ms]
2024-11-11 21:19:34.345 [info] > git for-each-ref --format %(refname) %(objectname) %(*objectname) refs/tags [3ms]
2024-11-11 21:19:34.359 [info] > git status -z -uall [10ms]
2024-11-11 21:19:34.368 [info] > git for-each-ref --sort -committerdate --format %(refname) %(objectname) %(*objectname) [11ms]
2024-11-11 21:19:34.389 [info] > git config --get commit.template [7ms]
2024-11-11 21:19:34.400 [info] > git for-each-ref --format %(refname) %(objectname) %(*objectname) refs/tags [5ms]
2024-11-11 21:19:34.412 [info] > git status -z -uall [8ms]
2024-11-11 21:19:34.419 [info] > git for-each-ref --sort -committerdate --format %(refname) %(objectname) %(*objectname) [9ms]
2024-11-11 21:19:34.554 [info] > git status -z -uall [29980ms]
2024-11-11 21:19:35.574 [info] > git for-each-ref --format=%(refname)%00%(upstream:short)%00%(objectname)%00%(upstream:track)%00%(upstream:remotename)%00%(upstream:remoteref) refs/heads/field refs/remotes/field [796ms]
2024-11-11 21:19:35.747 [info] > git check-ignore -v -z --stdin [64ms]
2024-11-11 21:19:35.753 [info] > git check-ignore -v -z --stdin [42ms]
2024-11-11 21:19:35.754 [info] > git config --local branch.field.vscode-merge-base [166ms]
2024-11-11 21:19:35.764 [info] > git config --get commit.template [200ms]
2024-11-11 21:19:35.781 [info] > git check-ignore -v -z --stdin [44ms]
2024-11-11 21:19:35.782 [info] > git for-each-ref --format=%(refname)%00%(upstream:short)%00%(objectname)%00%(upstream:track)%00%(upstream:remotename)%00%(upstream:remoteref) refs/heads/origin/master refs/remotes/origin/master [19ms]
2024-11-11 21:19:35.832 [info] > git for-each-ref --format=%(refname)%00%(upstream:short)%00%(objectname)%00%(upstream:track)%00%(upstream:remotename)%00%(upstream:remoteref) refs/heads/field refs/remotes/field [52ms]
2024-11-11 21:19:35.849 [info] > git for-each-ref --sort -committerdate --format %(refname) %(objectname) %(*objectname) [8ms]
2024-11-11 21:19:39.208 [info] > git status -z -uall [3371ms]
2024-11-12 09:56:17.233 [info] > git config --get commit.template [118ms]
2024-11-12 09:56:17.247 [info] > git for-each-ref --format=%(refname)%00%(upstream:short)%00%(objectname)%00%(upstream:track)%00%(upstream:remotename)%00%(upstream:remoteref) refs/heads/field refs/remotes/field [50ms]
2024-11-12 09:56:17.701 [info] > git for-each-ref --sort -committerdate --format %(refname) %(objectname) %(*objectname) [259ms]
2024-11-12 09:56:17.743 [info] > git check-ignore -v -z --stdin [42ms]
