2024-11-04 20:25:52.808 [info] Extension host with pid 28418 started
2024-11-04 20:25:53.079 [info] ExtensionService#_doActivateExtension vscode.git-base, startup: true, activationEvent: '*', root cause: vscode.git
2024-11-04 20:25:53.165 [info] ExtensionService#_doActivateExtension vscode.git, startup: true, activationEvent: '*'
2024-11-04 20:25:53.166 [info] ExtensionService#_doActivateExtension vscode.github, startup: true, activationEvent: '*'
2024-11-04 20:25:54.574 [info] Eager extensions activated
2024-11-04 20:25:54.574 [info] ExtensionService#_doActivateExtension vscode.debug-auto-launch, startup: false, activationEvent: 'onStartupFinished'
2024-11-04 20:25:54.577 [info] ExtensionService#_doActivateExtension vscode.merge-conflict, startup: false, activationEvent: 'onStartupFinished'
2024-11-04 20:25:55.026 [info] Extension host terminating: received terminate message from renderer
2024-11-04 20:25:55.305 [error] ProxyResolver#addCertificatesV1 Canceled: Canceled
	at new tT (file:///home/aarifah/.vscode-server/bin/912bb683695358a54ae0c670461738984cbb5b95/out/vs/workbench/api/node/extensionHostProcess.js:31:151066)
	at py.U (file:///home/aarifah/.vscode-server/bin/912bb683695358a54ae0c670461738984cbb5b95/out/vs/workbench/api/node/extensionHostProcess.js:31:155676)
	at s.<computed>.n.charCodeAt.s.<computed> (file:///home/aarifah/.vscode-server/bin/912bb683695358a54ae0c670461738984cbb5b95/out/vs/workbench/api/node/extensionHostProcess.js:31:153170)
	at L0.loadCertificates (file:///home/aarifah/.vscode-server/bin/912bb683695358a54ae0c670461738984cbb5b95/out/vs/workbench/api/node/extensionHostProcess.js:109:54125)
	at Object.loadAdditionalCertificates (file:///home/aarifah/.vscode-server/bin/912bb683695358a54ae0c670461738984cbb5b95/out/vs/workbench/api/node/extensionHostProcess.js:158:2086)
	at /home/aarifah/.vscode-server/bin/912bb683695358a54ae0c670461738984cbb5b95/node_modules/@vscode/proxy-agent/out/index.js:499:53
	at Generator.next (<anonymous>)
	at /home/aarifah/.vscode-server/bin/912bb683695358a54ae0c670461738984cbb5b95/node_modules/@vscode/proxy-agent/out/index.js:35:71
	at new Promise (<anonymous>)
	at __awaiter (/home/aarifah/.vscode-server/bin/912bb683695358a54ae0c670461738984cbb5b95/node_modules/@vscode/proxy-agent/out/index.js:31:12)
	at /home/aarifah/.vscode-server/bin/912bb683695358a54ae0c670461738984cbb5b95/node_modules/@vscode/proxy-agent/out/index.js:498:43
	at /home/aarifah/.vscode-server/bin/912bb683695358a54ae0c670461738984cbb5b95/node_modules/@vscode/proxy-agent/out/index.js:500:16
	at Generator.next (<anonymous>)
	at /home/aarifah/.vscode-server/bin/912bb683695358a54ae0c670461738984cbb5b95/node_modules/@vscode/proxy-agent/out/index.js:35:71
	at new Promise (<anonymous>)
	at __awaiter (/home/aarifah/.vscode-server/bin/912bb683695358a54ae0c670461738984cbb5b95/node_modules/@vscode/proxy-agent/out/index.js:31:12)
	at getOrLoadAdditionalCertificates (/home/aarifah/.vscode-server/bin/912bb683695358a54ae0c670461738984cbb5b95/node_modules/@vscode/proxy-agent/out/index.js:496:12)
	at addCertificatesV1 (/home/aarifah/.vscode-server/bin/912bb683695358a54ae0c670461738984cbb5b95/node_modules/@vscode/proxy-agent/out/index.js:480:9)
	at resolveProxy (/home/aarifah/.vscode-server/bin/912bb683695358a54ae0c670461738984cbb5b95/node_modules/@vscode/proxy-agent/out/index.js:113:9)
	at /home/aarifah/.vscode-server/bin/912bb683695358a54ae0c670461738984cbb5b95/node_modules/@vscode/proxy-agent/out/index.js:325:77
	at new Promise (<anonymous>)
	at _PacProxyAgent.resolveP [as resolver] (/home/aarifah/.vscode-server/bin/912bb683695358a54ae0c670461738984cbb5b95/node_modules/@vscode/proxy-agent/out/index.js:325:54)
	at _PacProxyAgent.<anonymous> (/home/aarifah/.vscode-server/bin/912bb683695358a54ae0c670461738984cbb5b95/node_modules/@vscode/proxy-agent/out/agent.js:70:37)
	at Generator.next (<anonymous>)
	at /home/aarifah/.vscode-server/bin/912bb683695358a54ae0c670461738984cbb5b95/node_modules/@vscode/proxy-agent/out/agent.js:8:71
	at new Promise (<anonymous>)
	at __awaiter (/home/aarifah/.vscode-server/bin/912bb683695358a54ae0c670461738984cbb5b95/node_modules/@vscode/proxy-agent/out/agent.js:4:12)
	at _PacProxyAgent.connect (/home/aarifah/.vscode-server/bin/912bb683695358a54ae0c670461738984cbb5b95/node_modules/@vscode/proxy-agent/out/agent.js:52:16)
	at /home/aarifah/.vscode-server/bin/912bb683695358a54ae0c670461738984cbb5b95/node_modules/agent-base/dist/index.js:132:30
	at process.processTicksAndRejections (node:internal/process/task_queues:95:5)
2024-11-04 20:25:55.306 [info] Extension host with pid 28418 exiting with code 0
