2024-11-15 15:36:07.693 [info] [main] Log level: Info
2024-11-15 15:36:07.693 [info] [main] Validating found git in: "git"
2024-11-15 15:36:07.693 [info] [main] Using git "2.25.1" from "git"
2024-11-15 15:36:07.693 [info] [Model][doInitialScan] Initial repository scan started
2024-11-15 15:36:07.693 [info] > git rev-parse --show-toplevel [309ms]
2024-11-15 15:36:07.728 [info] > git rev-parse --git-dir --git-common-dir [7ms]
2024-11-15 15:36:07.845 [info] [Model][openRepository] Opened repository: /home/aarifah
2024-11-15 15:36:07.980 [info] > git config --get commit.template [47ms]
2024-11-15 15:36:08.095 [info] > git rev-parse --show-toplevel [162ms]
2024-11-15 15:36:08.381 [info] > git for-each-ref --format=%(refname)%00%(upstream:short)%00%(objectname)%00%(upstream:track)%00%(upstream:remotename)%00%(upstream:remoteref) refs/heads/field refs/remotes/field [351ms]
2024-11-15 15:36:08.421 [info] > git rev-parse --git-dir --git-common-dir [135ms]
2024-11-15 15:36:08.459 [info] [Model][openRepository] Opened repository: /home/aarifah/ardupilot_gazebo
2024-11-15 15:36:08.507 [info] > git rev-parse --show-toplevel [3ms]
2024-11-15 15:36:08.519 [info] > git config --get commit.template [21ms]
2024-11-15 15:36:08.610 [info] > git rev-parse --show-toplevel [54ms]
2024-11-15 15:36:08.851 [info] > git check-ignore -v -z --stdin [173ms]
2024-11-15 15:36:08.872 [info] > git rev-parse --show-toplevel [148ms]
2024-11-15 15:36:08.909 [info] > git for-each-ref --sort -committerdate --format %(refname) %(objectname) %(*objectname) [488ms]
2024-11-15 15:36:08.925 [info] > git rev-parse --show-toplevel [18ms]
2024-11-15 15:36:09.001 [info] > git rev-parse --show-toplevel [2ms]
2024-11-15 15:36:09.069 [info] > git rev-parse --show-toplevel [1ms]
2024-11-15 15:36:09.187 [info] > git for-each-ref --format=%(refname)%00%(upstream:short)%00%(objectname)%00%(upstream:track)%00%(upstream:remotename)%00%(upstream:remoteref) refs/heads/master refs/remotes/master [624ms]
2024-11-15 15:36:09.221 [warning] [Git][revParse] Unable to read file: ENOENT: no such file or directory, open '/home/aarifah/ardupilot_gazebo/.git/refs/remotes/origin/master'
2024-11-15 15:36:09.223 [info] > git rev-parse refs/remotes/origin/master [3ms]
2024-11-15 15:36:09.352 [info] > git rev-parse --show-toplevel [166ms]
2024-11-15 15:36:09.451 [info] > git check-ignore -v -z --stdin [112ms]
2024-11-15 15:36:09.483 [info] > git for-each-ref --sort -committerdate --format %(refname) %(objectname) %(*objectname) [128ms]
2024-11-15 15:36:09.487 [info] > git check-ignore -v -z --stdin [138ms]
2024-11-15 15:36:09.488 [info] > git rev-parse --show-toplevel [40ms]
2024-11-15 15:36:09.563 [info] > git rev-parse --show-toplevel [36ms]
2024-11-15 15:36:09.581 [info] > git rev-parse --show-toplevel [4ms]
2024-11-15 15:36:09.621 [info] > git rev-parse --show-toplevel [22ms]
2024-11-15 15:36:09.674 [info] > git rev-parse --show-toplevel [2ms]
2024-11-15 15:36:09.748 [info] > git rev-parse --show-toplevel [55ms]
2024-11-15 15:36:09.845 [info] > git rev-parse --show-toplevel [1ms]
2024-11-15 15:36:10.174 [info] > git rev-parse --show-toplevel [317ms]
2024-11-15 15:36:10.198 [info] > git rev-parse --git-dir --git-common-dir [17ms]
2024-11-15 15:36:10.229 [info] [Model][openRepository] Opened repository: /home/aarifah/ardupilot
2024-11-15 15:36:10.339 [info] > git config --get commit.template [69ms]
2024-11-15 15:36:10.351 [info] > git rev-parse --show-toplevel [27ms]
2024-11-15 15:36:10.406 [info] > git rev-parse --show-toplevel [41ms]
2024-11-15 15:36:10.476 [info] > git rev-parse --show-toplevel [3ms]
2024-11-15 15:36:10.478 [info] [Model][doInitialScan] Initial repository scan completed - repositories (3), closed repositories (0), parent repositories (0), unsafe repositories (0)
2024-11-15 15:36:10.619 [info] > git show --textconv :worlds/iris_arducopter_runway.world [109ms]
2024-11-15 15:36:10.620 [info] > git show --textconv :worlds/capstone.world [52ms]
2024-11-15 15:36:10.620 [info] > git ls-files --stage -- /home/aarifah/ardupilot_gazebo/worlds/iris_arducopter_runway.world [34ms]
2024-11-15 15:36:10.669 [info] > git cat-file -s f3269a3e0b50d18f99fbadf15a0f258c614b3a7e [18ms]
2024-11-15 15:36:10.701 [info] > git ls-files --stage -- /home/aarifah/ardupilot_gazebo/worlds/capstone.world [85ms]
2024-11-15 15:36:10.893 [info] > git check-ignore -v -z --stdin [33ms]
2024-11-15 15:36:10.939 [info] > git check-ignore -v -z --stdin [53ms]
2024-11-15 15:36:10.961 [info] > git check-ignore -v -z --stdin [92ms]
2024-11-15 15:36:11.140 [info] > git status -z -uall [1835ms]
2024-11-15 15:36:12.099 [info] > git for-each-ref --format=%(refname)%00%(upstream:short)%00%(objectname)%00%(upstream:track)%00%(upstream:remotename)%00%(upstream:remoteref) refs/heads/master refs/remotes/master [788ms]
2024-11-15 15:36:12.266 [info] > git config --local branch.master.vscode-merge-base [151ms]
2024-11-15 15:36:12.286 [info] > git config --get commit.template [189ms]
2024-11-15 15:36:12.298 [info] > git for-each-ref --format=%(refname)%00%(upstream:short)%00%(objectname)%00%(upstream:track)%00%(upstream:remotename)%00%(upstream:remoteref) refs/heads/origin/master refs/remotes/origin/master [13ms]
2024-11-15 15:36:12.408 [info] > git merge-base refs/heads/master refs/remotes/origin/master [91ms]
2024-11-15 15:36:13.413 [info] > git for-each-ref --format=%(refname)%00%(upstream:short)%00%(objectname)%00%(upstream:track)%00%(upstream:remotename)%00%(upstream:remoteref) refs/heads/master refs/remotes/master [1048ms]
2024-11-15 15:36:13.442 [warning] [Git][revParse] Unable to read file: ENOENT: no such file or directory, open '/home/aarifah/ardupilot_gazebo/.git/refs/remotes/origin/master'
2024-11-15 15:36:13.725 [info] > git diff --name-status -z --diff-filter=ADMR a28cab40f939a42d4845390ed5ace6d36618385c...refs/remotes/origin/master [1279ms]
2024-11-15 15:36:13.747 [info] > git rev-parse refs/remotes/origin/master [305ms]
2024-11-15 15:36:13.805 [info] > git for-each-ref --sort -committerdate --format %(refname) %(objectname) %(*objectname) [18ms]
2024-11-15 15:36:14.174 [info] > git status -z -uall [422ms]
2024-11-15 15:36:14.345 [info] > git for-each-ref --format %(refname) %(objectname) %(*objectname) refs/tags [3983ms]
2024-11-15 15:36:14.494 [info] > git for-each-ref --sort -committerdate --format %(refname) %(objectname) %(*objectname) [108ms]
2024-11-15 15:36:25.455 [info] > git status -z -uall [11089ms]
2024-11-15 15:36:25.495 [info] > git config --get commit.template [18ms]
2024-11-15 15:36:25.512 [info] > git for-each-ref --format %(refname) %(objectname) %(*objectname) refs/tags [8ms]
2024-11-15 15:36:25.536 [info] > git for-each-ref --sort -committerdate --format %(refname) %(objectname) %(*objectname) [13ms]
2024-11-15 15:36:25.966 [info] > git rev-parse --show-toplevel [3ms]
2024-11-15 15:36:25.973 [info] > git rev-parse --git-dir --git-common-dir [3ms]
2024-11-15 15:36:25.983 [info] [Model][openRepository] Opened repository: /home/aarifah/ardupilot/modules/uavcan
2024-11-15 15:36:26.004 [info] > git config --get commit.template [7ms]
2024-11-15 15:36:26.018 [info] > git rev-parse --show-toplevel [15ms]
2024-11-15 15:36:26.028 [info] > git rev-parse --git-dir --git-common-dir [3ms]
2024-11-15 15:36:26.045 [info] [Model][openRepository] Opened repository: /home/aarifah/ardupilot/modules/waf
2024-11-15 15:36:26.048 [info] > git for-each-ref --format %(refname) %(objectname) %(*objectname) refs/tags [33ms]
2024-11-15 15:36:26.097 [info] > git config --get commit.template [17ms]
2024-11-15 15:36:26.114 [info] > git rev-parse --show-toplevel [19ms]
2024-11-15 15:36:26.114 [info] > git for-each-ref --sort -committerdate --format %(refname) %(objectname) %(*objectname) [51ms]
2024-11-15 15:36:26.129 [info] > git rev-parse --git-dir --git-common-dir [2ms]
2024-11-15 15:36:26.146 [info] [Model][openRepository] Opened repository: /home/aarifah/ardupilot/modules/gbenchmark
2024-11-15 15:36:26.174 [info] > git status -z -uall [123ms]
2024-11-15 15:36:26.184 [info] > git rev-parse --show-toplevel [13ms]
2024-11-15 15:36:26.189 [info] > git config --get commit.template [22ms]
2024-11-15 15:36:26.257 [info] > git rev-parse --git-dir --git-common-dir [39ms]
2024-11-15 15:36:26.257 [info] > git config --get commit.template [46ms]
2024-11-15 15:36:26.272 [info] [Model][openRepository] Opened repository: /home/aarifah/ardupilot/modules/mavlink
2024-11-15 15:36:26.278 [info] > git for-each-ref --format %(refname) %(objectname) %(*objectname) refs/tags [164ms]
2024-11-15 15:36:26.325 [info] > git status -z -uall [43ms]
2024-11-15 15:36:26.325 [info] > git for-each-ref --format %(refname) %(objectname) %(*objectname) refs/tags [48ms]
2024-11-15 15:36:26.346 [info] > git for-each-ref --format %(refname) %(objectname) %(*objectname) refs/tags [115ms]
2024-11-15 15:36:26.378 [info] > git status -z -uall [23ms]
2024-11-15 15:36:26.379 [info] > git for-each-ref --sort -committerdate --format %(refname) %(objectname) %(*objectname) [33ms]
2024-11-15 15:36:26.385 [info] > git rev-parse --show-toplevel [69ms]
2024-11-15 15:36:26.386 [info] > git config --get commit.template [78ms]
2024-11-15 15:36:26.386 [info] > git for-each-ref --sort -committerdate --format %(refname) %(objectname) %(*objectname) [89ms]
2024-11-15 15:36:26.417 [info] > git status -z -uall [86ms]
2024-11-15 15:36:26.420 [info] > git for-each-ref --sort -committerdate --format %(refname) %(objectname) %(*objectname) [51ms]
2024-11-15 15:36:26.439 [info] > git config --get commit.template [23ms]
2024-11-15 15:36:26.440 [info] > git rev-parse --git-dir --git-common-dir [31ms]
2024-11-15 15:36:26.444 [info] [Model][openRepository] Opened repository: /home/aarifah/ardupilot/modules/gtest
2024-11-15 15:36:26.475 [info] > git config --get commit.template [36ms]
2024-11-15 15:36:26.484 [info] > git rev-parse --show-toplevel [23ms]
2024-11-15 15:36:26.485 [info] > git config --get commit.template [32ms]
2024-11-15 15:36:26.485 [info] > git for-each-ref --format %(refname) %(objectname) %(*objectname) refs/tags [51ms]
2024-11-15 15:36:26.546 [info] > git status -z -uall [48ms]
2024-11-15 15:36:26.547 [info] > git for-each-ref --format %(refname) %(objectname) %(*objectname) refs/tags [66ms]
2024-11-15 15:36:26.580 [info] > git rev-parse --git-dir --git-common-dir [52ms]
2024-11-15 15:36:26.592 [info] [Model][openRepository] Opened repository: /home/aarifah/ardupilot/modules/ChibiOS
2024-11-15 15:36:26.594 [info] > git for-each-ref --format %(refname) %(objectname) %(*objectname) refs/tags [70ms]
2024-11-15 15:36:26.608 [info] > git for-each-ref --sort -committerdate --format %(refname) %(objectname) %(*objectname) [101ms]
2024-11-15 15:36:26.650 [info] > git status -z -uall [99ms]
2024-11-15 15:36:26.650 [info] > git status -z -uall [51ms]
2024-11-15 15:36:26.651 [info] > git for-each-ref --sort -committerdate --format %(refname) %(objectname) %(*objectname) [43ms]
2024-11-15 15:36:26.663 [info] > git for-each-ref --format %(refname) %(objectname) %(*objectname) refs/tags [94ms]
2024-11-15 15:36:26.683 [info] > git for-each-ref --sort -committerdate --format %(refname) %(objectname) %(*objectname) [128ms]
2024-11-15 15:36:26.747 [info] > git config --get commit.template [99ms]
2024-11-15 15:36:26.747 [info] > git rev-parse --show-toplevel [108ms]
2024-11-15 15:36:26.747 [info] > git config --get commit.template [120ms]
2024-11-15 15:36:26.853 [info] > git status -z -uall [186ms]
2024-11-15 15:36:26.853 [info] > git check-ignore -v -z --stdin [80ms]
2024-11-15 15:36:26.855 [info] > git check-ignore -v -z --stdin [72ms]
2024-11-15 15:36:26.866 [info] > git check-ignore -v -z --stdin [79ms]
2024-11-15 15:36:26.868 [info] > git for-each-ref --sort -committerdate --format %(refname) %(objectname) %(*objectname) [186ms]
2024-11-15 15:36:26.899 [info] > git rev-parse --git-dir --git-common-dir [105ms]
2024-11-15 15:36:26.906 [info] [Model][openRepository] Opened repository: /home/aarifah/ardupilot/modules/libcanard
2024-11-15 15:36:26.917 [info] > git config --get commit.template [19ms]
2024-11-15 15:36:26.918 [info] > git for-each-ref --format %(refname) %(objectname) %(*objectname) refs/tags [24ms]
2024-11-15 15:36:26.928 [info] > git for-each-ref --format %(refname) %(objectname) %(*objectname) refs/tags [38ms]
2024-11-15 15:36:26.961 [info] > git status -z -uall [39ms]
2024-11-15 15:36:26.962 [info] > git for-each-ref --sort -committerdate --format %(refname) %(objectname) %(*objectname) [35ms]
2024-11-15 15:36:26.968 [info] > git config --get commit.template [53ms]
2024-11-15 15:36:27.000 [info] > git for-each-ref --format %(refname) %(objectname) %(*objectname) refs/tags [26ms]
2024-11-15 15:36:27.031 [info] > git for-each-ref --sort -committerdate --format %(refname) %(objectname) %(*objectname) [6ms]
2024-11-15 15:36:27.032 [info] > git for-each-ref --format %(refname) %(objectname) %(*objectname) refs/tags [37ms]
2024-11-15 15:36:27.072 [info] > git status -z -uall [67ms]
2024-11-15 15:36:27.076 [info] > git for-each-ref --sort -committerdate --format %(refname) %(objectname) %(*objectname) [10ms]
2024-11-15 15:36:27.100 [info] > git for-each-ref --sort -committerdate --format %(refname) %(objectname) %(*objectname) [149ms]
2024-11-15 15:36:27.115 [info] > git status -z -uall [18716ms]
2024-11-15 15:36:27.381 [info] > git status -z -uall [336ms]
2024-11-15 15:36:27.381 [info] > git status -z -uall [1865ms]
2024-11-15 15:36:27.976 [info] > git for-each-ref --format=%(refname)%00%(upstream:short)%00%(objectname)%00%(upstream:track)%00%(upstream:remotename)%00%(upstream:remoteref) refs/heads/field refs/remotes/field [598ms]
2024-11-15 15:36:28.353 [info] > git check-ignore -v -z --stdin [328ms]
2024-11-15 15:36:28.354 [info] > git check-ignore -v -z --stdin [291ms]
2024-11-15 15:36:28.354 [info] > git check-ignore -v -z --stdin [286ms]
2024-11-15 15:36:28.368 [info] > git config --local branch.field.vscode-merge-base [385ms]
2024-11-15 15:36:28.374 [info] > git config --get commit.template [412ms]
2024-11-15 15:36:28.401 [info] > git config --get commit.template [443ms]
2024-11-15 15:36:28.458 [info] > git status -z -uall [1512ms]
2024-11-15 15:36:28.458 [info] > git for-each-ref --format=%(refname)%00%(upstream:short)%00%(objectname)%00%(upstream:track)%00%(upstream:remotename)%00%(upstream:remoteref) refs/heads/origin/master refs/remotes/origin/master [85ms]
2024-11-15 15:36:28.517 [info] > git for-each-ref --format %(refname) %(objectname) %(*objectname) refs/tags [40ms]
2024-11-15 15:36:28.526 [info] > git for-each-ref --format=%(refname)%00%(upstream:short)%00%(objectname)%00%(upstream:track)%00%(upstream:remotename)%00%(upstream:remoteref) refs/heads/field refs/remotes/field [62ms]
2024-11-15 15:36:28.548 [info] > git for-each-ref --sort -committerdate --format %(refname) %(objectname) %(*objectname) [22ms]
2024-11-15 15:36:28.549 [info] > git rev-parse --show-toplevel [33ms]
2024-11-15 15:36:28.549 [info] > git config --get commit.template [39ms]
2024-11-15 15:36:28.560 [info] > git for-each-ref --sort -committerdate --format %(refname) %(objectname) %(*objectname) [21ms]
2024-11-15 15:36:28.608 [info] > git status -z -uall [86ms]
2024-11-15 15:36:28.609 [info] > git for-each-ref --format %(refname) %(objectname) %(*objectname) refs/tags [15ms]
2024-11-15 15:36:28.621 [info] > git rev-parse --git-dir --git-common-dir [38ms]
2024-11-15 15:36:28.631 [info] [Model][openRepository] Opened repository: /home/aarifah/ardupilot/modules/uavcan/dsdl
2024-11-15 15:36:28.685 [info] > git for-each-ref --sort -committerdate --format %(refname) %(objectname) %(*objectname) [64ms]
2024-11-15 15:36:28.693 [info] > git rev-parse --show-toplevel [11ms]
2024-11-15 15:36:28.693 [info] > git config --get commit.template [40ms]
2024-11-15 15:36:28.723 [info] > git rev-parse --git-dir --git-common-dir [22ms]
2024-11-15 15:36:28.729 [info] [Model][openRepository] Opened repository: /home/aarifah/ardupilot/modules/uavcan/libuavcan/dsdl_compiler/pyuavcan
2024-11-15 15:36:28.802 [info] > git rev-parse --show-toplevel [22ms]
2024-11-15 15:36:28.802 [info] > git config --get commit.template [40ms]
2024-11-15 15:36:28.803 [info] > git for-each-ref --format %(refname) %(objectname) %(*objectname) refs/tags [83ms]
2024-11-15 15:36:28.872 [info] > git status -z -uall [50ms]
2024-11-15 15:36:28.890 [info] > git rev-parse --git-dir --git-common-dir [36ms]
2024-11-15 15:36:28.903 [info] [Model][openRepository] Opened repository: /home/aarifah/ardupilot/modules/mavlink/pymavlink
2024-11-15 15:36:28.943 [info] > git for-each-ref --sort -committerdate --format %(refname) %(objectname) %(*objectname) [105ms]
2024-11-15 15:36:29.158 [info] > git rev-parse --show-toplevel [219ms]
2024-11-15 15:36:29.159 [info] > git config --get commit.template [233ms]
2024-11-15 15:36:29.159 [info] > git for-each-ref --format %(refname) %(objectname) %(*objectname) refs/tags [276ms]
2024-11-15 15:36:29.180 [info] > git config --get commit.template [34ms]
2024-11-15 15:36:29.195 [info] > git status -z -uall [32ms]
2024-11-15 15:36:29.202 [info] > git for-each-ref --sort -committerdate --format %(refname) %(objectname) %(*objectname) [30ms]
2024-11-15 15:36:29.249 [info] > git for-each-ref --format %(refname) %(objectname) %(*objectname) refs/tags [55ms]
2024-11-15 15:36:29.267 [info] > git rev-parse --git-dir --git-common-dir [88ms]
2024-11-15 15:36:29.280 [info] [Model][openRepository] Opened repository: /home/aarifah/ardupilot/modules/libcanard/drivers/avr/avr-can-lib
2024-11-15 15:36:29.307 [info] > git status -z -uall [54ms]
2024-11-15 15:36:29.314 [info] > git config --get commit.template [80ms]
2024-11-15 15:36:29.314 [info] > git for-each-ref --format %(refname) %(objectname) %(*objectname) refs/tags [84ms]
2024-11-15 15:36:29.359 [info] > git status -z -uall [13ms]
2024-11-15 15:36:29.366 [info] > git rev-parse --show-toplevel [55ms]
2024-11-15 15:36:29.369 [info] > git config --get commit.template [70ms]
2024-11-15 15:36:29.369 [info] > git for-each-ref --sort -committerdate --format %(refname) %(objectname) %(*objectname) [102ms]
2024-11-15 15:36:29.484 [info] > git for-each-ref --sort -committerdate --format %(refname) %(objectname) %(*objectname) [137ms]
2024-11-15 15:36:29.518 [info] > git check-ignore -v -z --stdin [127ms]
2024-11-15 15:36:29.519 [info] > git check-ignore -v -z --stdin [114ms]
2024-11-15 15:36:29.521 [info] > git check-ignore -v -z --stdin [106ms]
2024-11-15 15:36:29.523 [info] > git config --get commit.template [55ms]
2024-11-15 15:36:29.524 [info] > git rev-parse --git-dir --git-common-dir [67ms]
2024-11-15 15:36:29.527 [info] [Model][openRepository] Opened repository: /home/aarifah/ardupilot/modules/libcanard/dsdl_compiler/pyuavcan
2024-11-15 15:36:29.528 [info] > git for-each-ref --format %(refname) %(objectname) %(*objectname) refs/tags [94ms]
2024-11-15 15:36:29.571 [info] > git for-each-ref --format %(refname) %(objectname) %(*objectname) refs/tags [68ms]
2024-11-15 15:36:29.617 [info] > git status -z -uall [83ms]
2024-11-15 15:36:29.617 [info] > git status -z -uall [38ms]
2024-11-15 15:36:29.618 [info] > git config --get commit.template [58ms]
2024-11-15 15:36:29.619 [info] > git for-each-ref --sort -committerdate --format %(refname) %(objectname) %(*objectname) [78ms]
2024-11-15 15:36:29.636 [info] > git for-each-ref --format %(refname) %(objectname) %(*objectname) refs/tags [21ms]
2024-11-15 15:36:29.646 [info] > git for-each-ref --sort -committerdate --format %(refname) %(objectname) %(*objectname) [55ms]
2024-11-15 15:36:29.687 [info] > git status -z -uall [48ms]
2024-11-15 15:36:29.688 [info] > git for-each-ref --sort -committerdate --format %(refname) %(objectname) %(*objectname) [44ms]
2024-11-15 15:36:29.695 [info] > git config --get commit.template [9ms]
2024-11-15 15:36:29.695 [info] > git for-each-ref --format %(refname) %(objectname) %(*objectname) refs/tags [31ms]
2024-11-15 15:36:29.718 [info] > git status -z -uall [18ms]
2024-11-15 15:36:29.718 [info] > git for-each-ref --format %(refname) %(objectname) %(*objectname) refs/tags [1ms]
2024-11-15 15:36:29.732 [info] > git status -z -uall [11ms]
2024-11-15 15:36:29.738 [info] > git for-each-ref --sort -committerdate --format %(refname) %(objectname) %(*objectname) [13ms]
2024-11-15 15:36:29.778 [info] > git for-each-ref --sort -committerdate --format %(refname) %(objectname) %(*objectname) [71ms]
2024-11-15 15:36:29.800 [info] > git config --get commit.template [12ms]
2024-11-15 15:36:29.801 [info] > git for-each-ref --format %(refname) %(objectname) %(*objectname) refs/tags [8ms]
2024-11-15 15:36:29.816 [info] > git status -z -uall [12ms]
2024-11-15 15:36:29.821 [info] > git for-each-ref --sort -committerdate --format %(refname) %(objectname) %(*objectname) [13ms]
2024-11-15 15:36:29.986 [info] > git check-ignore -v -z --stdin [10ms]
2024-11-15 15:36:29.993 [info] > git check-ignore -v -z --stdin [9ms]
2024-11-15 15:36:30.017 [info] > git check-ignore -v -z --stdin [36ms]
2024-11-15 15:36:30.188 [info] > git status -z -uall [1574ms]
2024-11-15 15:36:30.326 [info] > git rev-parse --show-toplevel [1ms]
2024-11-15 15:36:30.331 [info] > git rev-parse --git-dir --git-common-dir [1ms]
2024-11-15 15:36:30.335 [info] [Model][openRepository] Opened repository: /home/aarifah/ardupilot/modules/uavcan/libuavcan/dsdl_compiler/pyuavcan/dsdl
2024-11-15 15:36:30.361 [info] > git config --get commit.template [19ms]
2024-11-15 15:36:30.362 [info] > git rev-parse --show-toplevel [14ms]
2024-11-15 15:36:30.372 [info] > git for-each-ref --format %(refname) %(objectname) %(*objectname) refs/tags [5ms]
2024-11-15 15:36:30.396 [info] > git status -z -uall [6ms]
2024-11-15 15:36:30.397 [info] > git rev-parse --git-dir --git-common-dir [27ms]
2024-11-15 15:36:30.408 [info] [Model][openRepository] Opened repository: /home/aarifah/ardupilot/modules/libcanard/dsdl_compiler/pyuavcan/uavcan/dsdl_files
2024-11-15 15:36:30.418 [info] > git config --get commit.template [4ms]
2024-11-15 15:36:30.435 [info] > git for-each-ref --format %(refname) %(objectname) %(*objectname) refs/tags [2ms]
2024-11-15 15:36:30.466 [info] > git status -z -uall [27ms]
2024-11-15 15:36:30.585 [info] > git for-each-ref --sort -committerdate --format %(refname) %(objectname) %(*objectname) [189ms]
2024-11-15 15:36:30.596 [info] > git config --get commit.template [5ms]
2024-11-15 15:36:30.597 [info] > git for-each-ref --format %(refname) %(objectname) %(*objectname) refs/tags [2ms]
2024-11-15 15:36:30.605 [info] > git status -z -uall [4ms]
2024-11-15 15:36:30.609 [info] > git for-each-ref --sort -committerdate --format %(refname) %(objectname) %(*objectname) [5ms]
2024-11-15 15:36:30.639 [info] > git for-each-ref --sort -committerdate --format %(refname) %(objectname) %(*objectname) [185ms]
2024-11-15 15:36:30.651 [info] > git config --get commit.template [5ms]
2024-11-15 15:36:30.656 [info] > git for-each-ref --format %(refname) %(objectname) %(*objectname) refs/tags [2ms]
2024-11-15 15:36:30.667 [info] > git status -z -uall [8ms]
2024-11-15 15:36:30.668 [info] > git for-each-ref --sort -committerdate --format %(refname) %(objectname) %(*objectname) [4ms]
2024-11-15 15:36:30.704 [info] > git status -z -uall [2173ms]
2024-11-15 15:36:31.913 [info] > git check-ignore -v -z --stdin [27ms]
2024-11-15 15:36:31.916 [info] > git check-ignore -v -z --stdin [5ms]
2024-11-15 15:36:31.948 [info] > git check-ignore -v -z --stdin [58ms]
2024-11-16 18:17:00.332 [info] > git config --get commit.template [47ms]
2024-11-16 18:17:00.367 [info] > git for-each-ref --format=%(refname)%00%(upstream:short)%00%(objectname)%00%(upstream:track)%00%(upstream:remotename)%00%(upstream:remoteref) refs/heads/field refs/remotes/field [49ms]
2024-11-16 18:17:00.419 [info] > git for-each-ref --sort -committerdate --format %(refname) %(objectname) %(*objectname) [37ms]
2024-11-16 18:17:09.862 [info] > git status -z -uall [9487ms]
2024-11-18 08:47:36.589 [info] [main] Log level: Info
2024-11-18 08:47:36.592 [info] [main] Validating found git in: "git"
2024-11-18 08:47:36.592 [info] [main] Using git "2.25.1" from "git"
2024-11-18 08:47:36.592 [info] [Model][doInitialScan] Initial repository scan started
2024-11-18 08:47:36.609 [info] > git rev-parse --show-toplevel [19ms]
2024-11-18 08:47:36.716 [info] > git rev-parse --git-dir --git-common-dir [97ms]
2024-11-18 08:47:36.728 [info] [Model][openRepository] Opened repository: /home/aarifah
2024-11-18 08:47:36.763 [info] > git config --get commit.template [23ms]
2024-11-18 08:47:36.804 [info] > git rev-parse --show-toplevel [60ms]
2024-11-18 08:47:36.855 [info] > git for-each-ref --format=%(refname)%00%(upstream:short)%00%(objectname)%00%(upstream:track)%00%(upstream:remotename)%00%(upstream:remoteref) refs/heads/field refs/remotes/field [60ms]
2024-11-18 08:47:36.876 [info] > git rev-parse --git-dir --git-common-dir [25ms]
2024-11-18 08:47:36.889 [info] [Model][openRepository] Opened repository: /home/aarifah/ardupilot_gazebo
2024-11-18 08:47:36.964 [info] > git config --get commit.template [65ms]
2024-11-18 08:47:36.965 [info] > git for-each-ref --sort -committerdate --format %(refname) %(objectname) %(*objectname) [94ms]
2024-11-18 08:47:37.058 [info] > git rev-parse --show-toplevel [115ms]
2024-11-18 08:47:37.092 [info] > git for-each-ref --format=%(refname)%00%(upstream:short)%00%(objectname)%00%(upstream:track)%00%(upstream:remotename)%00%(upstream:remoteref) refs/heads/master refs/remotes/master [13ms]
2024-11-18 08:47:37.099 [warning] [Git][revParse] Unable to read file: ENOENT: no such file or directory, open '/home/aarifah/ardupilot_gazebo/.git/refs/remotes/origin/master'
2024-11-18 08:47:37.102 [info] > git rev-parse --show-toplevel [12ms]
2024-11-18 08:47:37.110 [info] > git rev-parse refs/remotes/origin/master [11ms]
2024-11-18 08:47:37.124 [info] > git rev-parse --show-toplevel [16ms]
2024-11-18 08:47:37.131 [info] > git for-each-ref --sort -committerdate --format %(refname) %(objectname) %(*objectname) [12ms]
2024-11-18 08:47:37.134 [info] > git rev-parse --show-toplevel [3ms]
2024-11-18 08:47:37.145 [info] > git rev-parse --show-toplevel [3ms]
2024-11-18 08:47:37.154 [info] > git rev-parse --show-toplevel [1ms]
2024-11-18 08:47:37.167 [info] > git rev-parse --show-toplevel [7ms]
2024-11-18 08:47:37.176 [info] > git rev-parse --show-toplevel [3ms]
2024-11-18 08:47:37.185 [info] > git rev-parse --show-toplevel [4ms]
2024-11-18 08:47:37.193 [info] > git rev-parse --show-toplevel [2ms]
2024-11-18 08:47:37.201 [info] > git rev-parse --show-toplevel [4ms]
2024-11-18 08:47:37.209 [info] > git rev-parse --show-toplevel [2ms]
2024-11-18 08:47:37.216 [info] > git rev-parse --show-toplevel [2ms]
2024-11-18 08:47:37.226 [info] > git rev-parse --show-toplevel [2ms]
2024-11-18 08:47:37.254 [info] > git rev-parse --show-toplevel [18ms]
2024-11-18 08:47:37.276 [info] > git rev-parse --git-dir --git-common-dir [4ms]
2024-11-18 08:47:37.285 [info] [Model][openRepository] Opened repository: /home/aarifah/ardupilot
2024-11-18 08:47:37.303 [info] > git config --get commit.template [10ms]
2024-11-18 08:47:37.310 [info] > git rev-parse --show-toplevel [12ms]
2024-11-18 08:47:37.342 [info] > git rev-parse --show-toplevel [18ms]
2024-11-18 08:47:37.361 [info] > git rev-parse --show-toplevel [5ms]
2024-11-18 08:47:37.377 [info] [Model][doInitialScan] Initial repository scan completed - repositories (3), closed repositories (0), parent repositories (0), unsafe repositories (0)
2024-11-18 08:47:37.407 [info] > git ls-files --stage -- /home/aarifah/ardupilot_gazebo/worlds/capstone.world [5ms]
2024-11-18 08:47:37.410 [info] > git ls-files --stage -- /home/aarifah/ardupilot_gazebo/worlds/iris_arducopter_runway.world [13ms]
2024-11-18 08:47:37.421 [info] > git cat-file -s f3269a3e0b50d18f99fbadf15a0f258c614b3a7e [8ms]
2024-11-18 08:47:37.438 [info] > git show --textconv :worlds/capstone.world [8ms]
2024-11-18 08:47:37.459 [info] > git status -z -uall [345ms]
2024-11-18 08:47:37.459 [info] > git show --textconv :worlds/iris_arducopter_runway.world [13ms]
2024-11-18 08:47:37.489 [info] > git for-each-ref --format=%(refname)%00%(upstream:short)%00%(objectname)%00%(upstream:track)%00%(upstream:remotename)%00%(upstream:remoteref) refs/heads/master refs/remotes/master [12ms]
2024-11-18 08:47:37.515 [info] > git config --local branch.master.vscode-merge-base [12ms]
2024-11-18 08:47:37.521 [info] > git config --get commit.template [34ms]
2024-11-18 08:47:37.535 [info] > git for-each-ref --format=%(refname)%00%(upstream:short)%00%(objectname)%00%(upstream:track)%00%(upstream:remotename)%00%(upstream:remoteref) refs/heads/origin/master refs/remotes/origin/master [14ms]
2024-11-18 08:47:37.853 [info] > git merge-base refs/heads/master refs/remotes/origin/master [312ms]
2024-11-18 08:47:37.859 [info] > git for-each-ref --format=%(refname)%00%(upstream:short)%00%(objectname)%00%(upstream:track)%00%(upstream:remotename)%00%(upstream:remoteref) refs/heads/master refs/remotes/master [327ms]
2024-11-18 08:47:37.894 [warning] [Git][revParse] Unable to read file: ENOENT: no such file or directory, open '/home/aarifah/ardupilot_gazebo/.git/refs/remotes/origin/master'
2024-11-18 08:47:37.901 [info] > git check-ignore -v -z --stdin [31ms]
2024-11-18 08:47:37.911 [info] > git check-ignore -v -z --stdin [29ms]
2024-11-18 08:47:37.912 [info] > git check-ignore -v -z --stdin [24ms]
2024-11-18 08:47:37.914 [info] > git diff --name-status -z --diff-filter=ADMR a28cab40f939a42d4845390ed5ace6d36618385c...refs/remotes/origin/master [55ms]
2024-11-18 08:47:37.925 [info] > git for-each-ref --format %(refname) %(objectname) %(*objectname) refs/tags [605ms]
2024-11-18 08:47:37.956 [info] > git rev-parse refs/remotes/origin/master [62ms]
2024-11-18 08:47:38.044 [info] > git for-each-ref --sort -committerdate --format %(refname) %(objectname) %(*objectname) [97ms]
2024-11-18 08:47:38.046 [info] > git for-each-ref --sort -committerdate --format %(refname) %(objectname) %(*objectname) [73ms]
2024-11-18 08:47:38.120 [info] > git status -z -uall [160ms]
2024-11-18 08:47:50.596 [info] > git status -z -uall [12665ms]
2024-11-18 08:47:50.660 [info] > git config --get commit.template [30ms]
2024-11-18 08:47:50.686 [info] > git for-each-ref --format %(refname) %(objectname) %(*objectname) refs/tags [15ms]
2024-11-18 08:47:50.735 [info] > git for-each-ref --sort -committerdate --format %(refname) %(objectname) %(*objectname) [25ms]
2024-11-18 08:47:51.106 [info] > git rev-parse --show-toplevel [2ms]
2024-11-18 08:47:51.116 [info] > git rev-parse --git-dir --git-common-dir [2ms]
2024-11-18 08:47:51.125 [info] [Model][openRepository] Opened repository: /home/aarifah/ardupilot/modules/uavcan
2024-11-18 08:47:51.147 [info] > git config --get commit.template [12ms]
2024-11-18 08:47:51.159 [info] > git rev-parse --show-toplevel [14ms]
2024-11-18 08:47:51.177 [info] > git for-each-ref --format %(refname) %(objectname) %(*objectname) refs/tags [19ms]
2024-11-18 08:47:51.202 [info] > git rev-parse --git-dir --git-common-dir [29ms]
2024-11-18 08:47:51.216 [info] [Model][openRepository] Opened repository: /home/aarifah/ardupilot/modules/waf
2024-11-18 08:47:51.248 [info] > git config --get commit.template [17ms]
2024-11-18 08:47:51.249 [info] > git for-each-ref --sort -committerdate --format %(refname) %(objectname) %(*objectname) [47ms]
2024-11-18 08:47:51.265 [info] > git rev-parse --show-toplevel [21ms]
2024-11-18 08:47:51.297 [info] > git status -z -uall [115ms]
2024-11-18 08:47:51.298 [info] > git rev-parse --git-dir --git-common-dir [25ms]
2024-11-18 08:47:51.309 [info] [Model][openRepository] Opened repository: /home/aarifah/ardupilot/modules/gbenchmark
2024-11-18 08:47:51.379 [info] > git rev-parse --show-toplevel [43ms]
2024-11-18 08:47:51.380 [info] > git config --get commit.template [48ms]
2024-11-18 08:47:51.382 [info] > git for-each-ref --format %(refname) %(objectname) %(*objectname) refs/tags [121ms]
2024-11-18 08:47:51.474 [info] > git status -z -uall [84ms]
2024-11-18 08:47:51.474 [info] > git config --get commit.template [97ms]
2024-11-18 08:47:51.487 [info] > git rev-parse --git-dir --git-common-dir [67ms]
2024-11-18 08:47:51.501 [info] [Model][openRepository] Opened repository: /home/aarifah/ardupilot/modules/mavlink
2024-11-18 08:47:51.504 [info] > git for-each-ref --sort -committerdate --format %(refname) %(objectname) %(*objectname) [99ms]
2024-11-18 08:47:51.540 [info] > git for-each-ref --format %(refname) %(objectname) %(*objectname) refs/tags [58ms]
2024-11-18 08:47:51.602 [info] > git config --get commit.template [63ms]
2024-11-18 08:47:51.602 [info] > git rev-parse --show-toplevel [69ms]
2024-11-18 08:47:51.603 [info] > git config --get commit.template [84ms]
2024-11-18 08:47:51.604 [info] > git for-each-ref --format %(refname) %(objectname) %(*objectname) refs/tags [135ms]
2024-11-18 08:47:51.674 [info] > git status -z -uall [61ms]
2024-11-18 08:47:51.675 [info] > git for-each-ref --sort -committerdate --format %(refname) %(objectname) %(*objectname) [85ms]
2024-11-18 08:47:51.889 [info] > git status -z -uall [325ms]
2024-11-18 08:47:51.890 [info] > git check-ignore -v -z --stdin [60ms]
2024-11-18 08:47:51.892 [info] > git check-ignore -v -z --stdin [19ms]
2024-11-18 08:47:51.895 [info] > git for-each-ref --format %(refname) %(objectname) %(*objectname) refs/tags [115ms]
2024-11-18 08:47:51.957 [info] > git for-each-ref --format %(refname) %(objectname) %(*objectname) refs/tags [191ms]
2024-11-18 08:47:51.986 [info] > git for-each-ref --sort -committerdate --format %(refname) %(objectname) %(*objectname) [339ms]
2024-11-18 08:47:51.996 [info] > git rev-parse --git-dir --git-common-dir [323ms]
2024-11-18 08:47:52.004 [info] [Model][openRepository] Opened repository: /home/aarifah/ardupilot/modules/gtest
2024-11-18 08:47:52.037 [info] > git check-ignore -v -z --stdin [183ms]
2024-11-18 08:47:52.039 [info] > git status -z -uall [111ms]
2024-11-18 08:47:52.039 [info] > git status -z -uall [68ms]
2024-11-18 08:47:52.040 [info] > git for-each-ref --sort -committerdate --format %(refname) %(objectname) %(*objectname) [62ms]
2024-11-18 08:47:52.056 [info] > git for-each-ref --sort -committerdate --format %(refname) %(objectname) %(*objectname) [100ms]
2024-11-18 08:47:52.070 [info] > git rev-parse --show-toplevel [44ms]
2024-11-18 08:47:52.075 [info] > git config --get commit.template [53ms]
2024-11-18 08:47:52.077 [info] > git config --get commit.template [60ms]
2024-11-18 08:47:52.086 [info] > git config --get commit.template [17ms]
2024-11-18 08:47:52.149 [info] > git for-each-ref --format %(refname) %(objectname) %(*objectname) refs/tags [37ms]
2024-11-18 08:47:52.161 [info] > git rev-parse --git-dir --git-common-dir [59ms]
2024-11-18 08:47:52.169 [info] [Model][openRepository] Opened repository: /home/aarifah/ardupilot/modules/ChibiOS
2024-11-18 08:47:52.195 [info] > git status -z -uall [41ms]
2024-11-18 08:47:52.196 [info] > git for-each-ref --sort -committerdate --format %(refname) %(objectname) %(*objectname) [36ms]
2024-11-18 08:47:52.199 [info] > git for-each-ref --format %(refname) %(objectname) %(*objectname) refs/tags [66ms]
2024-11-18 08:47:52.230 [info] > git for-each-ref --format %(refname) %(objectname) %(*objectname) refs/tags [108ms]
2024-11-18 08:47:52.268 [info] > git status -z -uall [49ms]
2024-11-18 08:47:52.269 [info] > git for-each-ref --sort -committerdate --format %(refname) %(objectname) %(*objectname) [39ms]
2024-11-18 08:47:52.270 [info] > git rev-parse --show-toplevel [77ms]
2024-11-18 08:47:52.272 [info] > git config --get commit.template [84ms]
2024-11-18 08:47:52.300 [info] > git status -z -uall [55ms]
2024-11-18 08:47:52.300 [info] > git rev-parse --git-dir --git-common-dir [19ms]
2024-11-18 08:47:52.311 [info] [Model][openRepository] Opened repository: /home/aarifah/ardupilot/modules/libcanard
2024-11-18 08:47:52.313 [info] > git for-each-ref --sort -committerdate --format %(refname) %(objectname) %(*objectname) [60ms]
2024-11-18 08:47:52.344 [info] > git for-each-ref --format %(refname) %(objectname) %(*objectname) refs/tags [46ms]
2024-11-18 08:47:52.405 [info] > git config --get commit.template [81ms]
2024-11-18 08:47:52.428 [info] > git config --get commit.template [31ms]
2024-11-18 08:47:52.429 [info] > git for-each-ref --format %(refname) %(objectname) %(*objectname) refs/tags [15ms]
2024-11-18 08:47:52.463 [info] > git for-each-ref --format %(refname) %(objectname) %(*objectname) refs/tags [36ms]
2024-11-18 08:47:52.517 [info] > git status -z -uall [81ms]
2024-11-18 08:47:52.518 [info] > git for-each-ref --sort -committerdate --format %(refname) %(objectname) %(*objectname) [71ms]
2024-11-18 08:47:52.521 [info] > git for-each-ref --sort -committerdate --format %(refname) %(objectname) %(*objectname) [144ms]
2024-11-18 08:47:52.541 [info] > git for-each-ref --sort -committerdate --format %(refname) %(objectname) %(*objectname) [55ms]
2024-11-18 08:47:52.577 [info] > git status -z -uall [109ms]
2024-11-18 08:47:52.615 [info] > git config --get commit.template [54ms]
2024-11-18 08:47:52.865 [info] > git check-ignore -v -z --stdin [219ms]
2024-11-18 08:47:52.865 [info] > git check-ignore -v -z --stdin [208ms]
2024-11-18 08:47:52.866 [info] > git check-ignore -v -z --stdin [195ms]
2024-11-18 08:47:52.867 [info] > git for-each-ref --format %(refname) %(objectname) %(*objectname) refs/tags [162ms]
2024-11-18 08:47:52.889 [info] > git for-each-ref --sort -committerdate --format %(refname) %(objectname) %(*objectname) [8ms]
2024-11-18 08:47:52.930 [info] > git status -z -uall [58ms]
2024-11-18 08:47:53.224 [info] > git status -z -uall [2530ms]
2024-11-18 08:47:53.177 [info] > git rev-parse --show-toplevel [2ms]
2024-11-18 08:47:53.196 [info] > git rev-parse --git-dir --git-common-dir [3ms]
2024-11-18 08:47:53.202 [info] [Model][openRepository] Opened repository: /home/aarifah/ardupilot/modules/uavcan/dsdl
2024-11-18 08:47:53.226 [info] > git config --get commit.template [13ms]
2024-11-18 08:47:53.236 [info] > git rev-parse --show-toplevel [13ms]
2024-11-18 08:47:53.249 [info] > git for-each-ref --format %(refname) %(objectname) %(*objectname) refs/tags [14ms]
2024-11-18 08:47:53.283 [info] > git status -z -uall [20ms]
2024-11-18 08:47:53.284 [info] > git rev-parse --git-dir --git-common-dir [37ms]
2024-11-18 08:47:53.302 [info] [Model][openRepository] Opened repository: /home/aarifah/ardupilot/modules/uavcan/libuavcan/dsdl_compiler/pyuavcan
2024-11-18 08:47:53.363 [info] > git config --get commit.template [30ms]
2024-11-18 08:47:53.364 [info] > git for-each-ref --sort -committerdate --format %(refname) %(objectname) %(*objectname) [96ms]
2024-11-18 08:47:53.422 [info] > git rev-parse --show-toplevel [70ms]
2024-11-18 08:47:53.453 [info] > git config --get commit.template [48ms]
2024-11-18 08:47:53.478 [info] > git rev-parse --git-dir --git-common-dir [27ms]
2024-11-18 08:47:53.497 [info] [Model][openRepository] Opened repository: /home/aarifah/ardupilot/modules/mavlink/pymavlink
2024-11-18 08:47:53.499 [info] > git for-each-ref --format %(refname) %(objectname) %(*objectname) refs/tags [53ms]
2024-11-18 08:47:53.568 [info] > git status -z -uall [1207ms]
2024-11-18 08:47:53.569 [info] > git status -z -uall [61ms]
2024-11-18 08:47:53.569 [info] > git for-each-ref --format %(refname) %(objectname) %(*objectname) refs/tags [93ms]
2024-11-18 08:47:53.605 [info] > git rev-parse --show-toplevel [47ms]
2024-11-18 08:47:53.608 [info] > git config --get commit.template [68ms]
2024-11-18 08:47:53.643 [info] > git status -z -uall [55ms]
2024-11-18 08:47:53.644 [info] > git for-each-ref --sort -committerdate --format %(refname) %(objectname) %(*objectname) [124ms]
2024-11-18 08:47:53.652 [info] > git for-each-ref --sort -committerdate --format %(refname) %(objectname) %(*objectname) [59ms]
2024-11-18 08:47:53.677 [info] > git config --get commit.template [40ms]
2024-11-18 08:47:53.677 [info] > git rev-parse --git-dir --git-common-dir [50ms]
2024-11-18 08:47:53.683 [info] [Model][openRepository] Opened repository: /home/aarifah/ardupilot/modules/libcanard/drivers/avr/avr-can-lib
2024-11-18 08:47:53.699 [info] > git config --get commit.template [27ms]
2024-11-18 08:47:53.699 [info] > git for-each-ref --format %(refname) %(objectname) %(*objectname) refs/tags [36ms]
2024-11-18 08:47:53.733 [info] > git rev-parse --show-toplevel [37ms]
2024-11-18 08:47:53.733 [info] > git config --get commit.template [42ms]
2024-11-18 08:47:53.741 [info] > git status -z -uall [34ms]
2024-11-18 08:47:53.774 [info] > git for-each-ref --format %(refname) %(objectname) %(*objectname) refs/tags [45ms]
2024-11-18 08:47:53.820 [info] > git check-ignore -v -z --stdin [22ms]
2024-11-18 08:47:53.821 [info] > git for-each-ref --sort -committerdate --format %(refname) %(objectname) %(*objectname) [37ms]
2024-11-18 08:47:53.822 [info] > git for-each-ref --format %(refname) %(objectname) %(*objectname) refs/tags [59ms]
2024-11-18 08:47:53.834 [info] > git rev-parse --git-dir --git-common-dir [79ms]
2024-11-18 08:47:53.840 [info] [Model][openRepository] Opened repository: /home/aarifah/ardupilot/modules/libcanard/dsdl_compiler/pyuavcan
2024-11-18 08:47:53.841 [info] > git for-each-ref --sort -committerdate --format %(refname) %(objectname) %(*objectname) [128ms]
2024-11-18 08:47:53.848 [info] > git for-each-ref --format %(refname) %(objectname) %(*objectname) refs/tags [109ms]
2024-11-18 08:47:53.893 [info] > git check-ignore -v -z --stdin [89ms]
2024-11-18 08:47:53.894 [info] > git check-ignore -v -z --stdin [83ms]
2024-11-18 08:47:53.895 [info] > git status -z -uall [68ms]
2024-11-18 08:47:53.895 [info] > git status -z -uall [39ms]
2024-11-18 08:47:53.896 [info] > git for-each-ref --sort -committerdate --format %(refname) %(objectname) %(*objectname) [63ms]
2024-11-18 08:47:53.925 [info] > git config --get commit.template [34ms]
2024-11-18 08:47:53.927 [info] > git config --get commit.template [50ms]
2024-11-18 08:47:53.928 [info] > git for-each-ref --sort -committerdate --format %(refname) %(objectname) %(*objectname) [63ms]
2024-11-18 08:47:53.950 [info] > git config --get commit.template [32ms]
2024-11-18 08:47:53.983 [info] > git for-each-ref --format %(refname) %(objectname) %(*objectname) refs/tags [22ms]
2024-11-18 08:47:54.004 [info] > git for-each-ref --format %(refname) %(objectname) %(*objectname) refs/tags [35ms]
2024-11-18 08:47:54.018 [info] > git for-each-ref --format %(refname) %(objectname) %(*objectname) refs/tags [63ms]
2024-11-18 08:47:54.040 [info] > git status -z -uall [51ms]
2024-11-18 08:47:54.040 [info] > git status -z -uall [29ms]
2024-11-18 08:47:54.040 [info] > git status -z -uall [15ms]
2024-11-18 08:47:54.041 [info] > git for-each-ref --sort -committerdate --format %(refname) %(objectname) %(*objectname) [24ms]
2024-11-18 08:47:54.044 [info] > git for-each-ref --sort -committerdate --format %(refname) %(objectname) %(*objectname) [49ms]
2024-11-18 08:47:54.069 [info] > git for-each-ref --sort -committerdate --format %(refname) %(objectname) %(*objectname) [36ms]
2024-11-18 08:47:54.091 [info] > git config --get commit.template [2ms]
2024-11-18 08:47:54.103 [info] > git for-each-ref --format %(refname) %(objectname) %(*objectname) refs/tags [6ms]
2024-11-18 08:47:54.125 [info] > git for-each-ref --sort -committerdate --format %(refname) %(objectname) %(*objectname) [12ms]
2024-11-18 08:47:54.127 [info] > git status -z -uall [18ms]
2024-11-18 08:47:54.465 [info] > git check-ignore -v -z --stdin [12ms]
2024-11-18 08:47:54.487 [info] > git check-ignore -v -z --stdin [24ms]
2024-11-18 08:47:54.501 [info] > git check-ignore -v -z --stdin [43ms]
2024-11-18 08:47:54.635 [info] > git rev-parse --show-toplevel [1ms]
2024-11-18 08:47:54.644 [info] > git rev-parse --git-dir --git-common-dir [3ms]
2024-11-18 08:47:54.649 [info] [Model][openRepository] Opened repository: /home/aarifah/ardupilot/modules/uavcan/libuavcan/dsdl_compiler/pyuavcan/dsdl
2024-11-18 08:47:54.667 [info] > git config --get commit.template [12ms]
2024-11-18 08:47:54.690 [info] > git rev-parse --show-toplevel [24ms]
2024-11-18 08:47:54.696 [info] > git for-each-ref --format %(refname) %(objectname) %(*objectname) refs/tags [7ms]
2024-11-18 08:47:54.718 [info] > git status -z -uall [14ms]
2024-11-18 08:47:54.719 [info] > git rev-parse --git-dir --git-common-dir [24ms]
2024-11-18 08:47:54.726 [info] [Model][openRepository] Opened repository: /home/aarifah/ardupilot/modules/libcanard/dsdl_compiler/pyuavcan/uavcan/dsdl_files
2024-11-18 08:47:54.753 [info] > git config --get commit.template [16ms]
2024-11-18 08:47:54.758 [info] > git for-each-ref --format %(refname) %(objectname) %(*objectname) refs/tags [7ms]
2024-11-18 08:47:54.787 [info] > git status -z -uall [18ms]
2024-11-18 08:47:54.788 [info] > git for-each-ref --sort -committerdate --format %(refname) %(objectname) %(*objectname) [76ms]
2024-11-18 08:47:54.825 [info] > git for-each-ref --sort -committerdate --format %(refname) %(objectname) %(*objectname) [48ms]
2024-11-18 08:47:54.847 [info] > git config --get commit.template [25ms]
2024-11-18 08:47:54.886 [info] > git config --get commit.template [20ms]
2024-11-18 08:47:54.888 [info] > git for-each-ref --format %(refname) %(objectname) %(*objectname) refs/tags [4ms]
2024-11-18 08:47:54.906 [info] > git for-each-ref --format %(refname) %(objectname) %(*objectname) refs/tags [30ms]
2024-11-18 08:47:54.978 [info] > git status -z -uall [80ms]
2024-11-18 08:47:54.978 [info] > git status -z -uall [28ms]
2024-11-18 08:47:54.979 [info] > git for-each-ref --sort -committerdate --format %(refname) %(objectname) %(*objectname) [74ms]
2024-11-18 08:47:54.988 [info] > git for-each-ref --sort -committerdate --format %(refname) %(objectname) %(*objectname) [21ms]
2024-11-18 08:47:55.064 [info] > git status -z -uall [18202ms]
2024-11-18 08:47:55.999 [info] > git status -z -uall [2220ms]
2024-11-18 08:47:55.999 [info] > git check-ignore -v -z --stdin [68ms]
2024-11-18 08:47:56.000 [info] > git check-ignore -v -z --stdin [50ms]
2024-11-18 08:47:56.002 [info] > git for-each-ref --format=%(refname)%00%(upstream:short)%00%(objectname)%00%(upstream:track)%00%(upstream:remotename)%00%(upstream:remoteref) refs/heads/field refs/remotes/field [729ms]
2024-11-18 08:47:56.298 [info] > git check-ignore -v -z --stdin [356ms]
2024-11-18 08:47:56.300 [info] > git config --local branch.field.vscode-merge-base [283ms]
2024-11-18 08:47:56.320 [info] > git config --get commit.template [351ms]
2024-11-18 08:47:56.327 [info] > git for-each-ref --format=%(refname)%00%(upstream:short)%00%(objectname)%00%(upstream:track)%00%(upstream:remotename)%00%(upstream:remoteref) refs/heads/origin/master refs/remotes/origin/master [8ms]
2024-11-18 08:47:56.393 [info] > git for-each-ref --format=%(refname)%00%(upstream:short)%00%(objectname)%00%(upstream:track)%00%(upstream:remotename)%00%(upstream:remoteref) refs/heads/field refs/remotes/field [29ms]
2024-11-18 08:47:56.450 [info] > git for-each-ref --sort -committerdate --format %(refname) %(objectname) %(*objectname) [33ms]
2024-11-18 08:47:58.595 [info] > git status -z -uall [2184ms]
2024-11-18 18:52:03.275 [info] [main] Log level: Info
2024-11-18 18:52:03.276 [info] [main] Validating found git in: "git"
2024-11-18 18:52:03.276 [info] [main] Using git "2.25.1" from "git"
2024-11-18 18:52:03.276 [info] [Model][doInitialScan] Initial repository scan started
2024-11-18 18:52:03.284 [info] > git rev-parse --show-toplevel [12ms]
2024-11-18 18:52:03.424 [info] > git rev-parse --git-dir --git-common-dir [125ms]
2024-11-18 18:52:03.441 [info] [Model][openRepository] Opened repository: /home/aarifah
2024-11-18 18:52:03.519 [info] > git rev-parse --show-toplevel [63ms]
2024-11-18 18:52:03.522 [info] > git config --get commit.template [70ms]
2024-11-18 18:52:03.540 [info] > git rev-parse --git-dir --git-common-dir [9ms]
2024-11-18 18:52:03.547 [info] [Model][openRepository] Opened repository: /home/aarifah/ardupilot_gazebo
2024-11-18 18:52:03.560 [info] > git for-each-ref --format=%(refname)%00%(upstream:short)%00%(objectname)%00%(upstream:track)%00%(upstream:remotename)%00%(upstream:remoteref) refs/heads/field refs/remotes/field [24ms]
2024-11-18 18:52:03.590 [info] > git rev-parse --show-toplevel [32ms]
2024-11-18 18:52:03.592 [info] > git config --get commit.template [37ms]
2024-11-18 18:52:03.665 [info] > git for-each-ref --sort -committerdate --format %(refname) %(objectname) %(*objectname) [86ms]
2024-11-18 18:52:03.721 [info] > git for-each-ref --format=%(refname)%00%(upstream:short)%00%(objectname)%00%(upstream:track)%00%(upstream:remotename)%00%(upstream:remoteref) refs/heads/master refs/remotes/master [59ms]
2024-11-18 18:52:03.730 [warning] [Git][revParse] Unable to read file: ENOENT: no such file or directory, open '/home/aarifah/ardupilot_gazebo/.git/refs/remotes/origin/master'
2024-11-18 18:52:03.733 [info] > git rev-parse refs/remotes/origin/master [4ms]
2024-11-18 18:52:03.748 [info] > git rev-parse --show-toplevel [30ms]
2024-11-18 18:52:03.757 [info] > git for-each-ref --sort -committerdate --format %(refname) %(objectname) %(*objectname) [10ms]
2024-11-18 18:52:03.759 [info] > git rev-parse --show-toplevel [4ms]
2024-11-18 18:52:03.774 [info] > git rev-parse --show-toplevel [3ms]
2024-11-18 18:52:03.790 [info] > git rev-parse --show-toplevel [4ms]
2024-11-18 18:52:03.805 [info] > git rev-parse --show-toplevel [3ms]
2024-11-18 18:52:03.814 [info] > git rev-parse --show-toplevel [2ms]
2024-11-18 18:52:03.821 [info] > git rev-parse --show-toplevel [4ms]
2024-11-18 18:52:03.828 [info] > git rev-parse --show-toplevel [2ms]
2024-11-18 18:52:03.835 [info] > git rev-parse --show-toplevel [4ms]
2024-11-18 18:52:03.841 [info] > git rev-parse --show-toplevel [2ms]
2024-11-18 18:52:03.848 [info] > git rev-parse --show-toplevel [2ms]
2024-11-18 18:52:03.854 [info] > git rev-parse --show-toplevel [2ms]
2024-11-18 18:52:03.878 [info] > git rev-parse --show-toplevel [8ms]
2024-11-18 18:52:03.888 [info] > git rev-parse --show-toplevel [3ms]
2024-11-18 18:52:03.896 [info] > git rev-parse --git-dir --git-common-dir [3ms]
2024-11-18 18:52:03.905 [info] [Model][openRepository] Opened repository: /home/aarifah/ardupilot
2024-11-18 18:52:03.920 [info] > git config --get commit.template [5ms]
2024-11-18 18:52:03.922 [info] > git rev-parse --show-toplevel [4ms]
2024-11-18 18:52:03.938 [info] > git rev-parse --show-toplevel [2ms]
2024-11-18 18:52:03.952 [info] > git rev-parse --show-toplevel [8ms]
2024-11-18 18:52:03.969 [info] [Model][doInitialScan] Initial repository scan completed - repositories (3), closed repositories (0), parent repositories (0), unsafe repositories (0)
2024-11-18 18:52:03.985 [info] > git ls-files --stage -- /home/aarifah/ardupilot_gazebo/worlds/iris_arducopter_runway.world [12ms]
2024-11-18 18:52:03.994 [info] > git status -z -uall [253ms]
2024-11-18 18:52:04.015 [info] > git ls-files --stage -- /home/aarifah/ardupilot_gazebo/worlds/capstone.world [38ms]
2024-11-18 18:52:04.023 [info] > git for-each-ref --format=%(refname)%00%(upstream:short)%00%(objectname)%00%(upstream:track)%00%(upstream:remotename)%00%(upstream:remoteref) refs/heads/master refs/remotes/master [13ms]
2024-11-18 18:52:04.029 [info] > git cat-file -s f3269a3e0b50d18f99fbadf15a0f258c614b3a7e [41ms]
2024-11-18 18:52:04.042 [info] > git show --textconv :worlds/capstone.world [2ms]
2024-11-18 18:52:04.043 [info] > git config --local branch.master.vscode-merge-base [14ms]
2024-11-18 18:52:04.047 [info] > git config --get commit.template [26ms]
2024-11-18 18:52:04.067 [info] > git show --textconv :worlds/iris_arducopter_runway.world [11ms]
2024-11-18 18:52:04.068 [info] > git for-each-ref --format=%(refname)%00%(upstream:short)%00%(objectname)%00%(upstream:track)%00%(upstream:remotename)%00%(upstream:remoteref) refs/heads/origin/master refs/remotes/origin/master [22ms]
2024-11-18 18:52:04.287 [info] > git merge-base refs/heads/master refs/remotes/origin/master [212ms]
2024-11-18 18:52:04.291 [info] > git for-each-ref --format=%(refname)%00%(upstream:short)%00%(objectname)%00%(upstream:track)%00%(upstream:remotename)%00%(upstream:remoteref) refs/heads/master refs/remotes/master [226ms]
2024-11-18 18:52:04.296 [warning] [Git][revParse] Unable to read file: ENOENT: no such file or directory, open '/home/aarifah/ardupilot_gazebo/.git/refs/remotes/origin/master'
2024-11-18 18:52:04.306 [info] > git for-each-ref --format %(refname) %(objectname) %(*objectname) refs/tags [371ms]
2024-11-18 18:52:04.318 [info] > git rev-parse refs/remotes/origin/master [22ms]
2024-11-18 18:52:04.338 [info] > git diff --name-status -z --diff-filter=ADMR a28cab40f939a42d4845390ed5ace6d36618385c...refs/remotes/origin/master [48ms]
2024-11-18 18:52:04.342 [info] > git for-each-ref --sort -committerdate --format %(refname) %(objectname) %(*objectname) [5ms]
2024-11-18 18:52:04.371 [info] > git for-each-ref --sort -committerdate --format %(refname) %(objectname) %(*objectname) [44ms]
2024-11-18 18:52:04.475 [info] > git status -z -uall [149ms]
2024-11-18 18:52:04.503 [info] > git check-ignore -v -z --stdin [11ms]
2024-11-18 18:52:04.513 [info] > git check-ignore -v -z --stdin [17ms]
2024-11-18 18:52:04.514 [info] > git check-ignore -v -z --stdin [15ms]
2024-11-18 18:52:11.762 [info] > git status -z -uall [7451ms]
2024-11-18 18:52:11.799 [info] > git config --get commit.template [14ms]
2024-11-18 18:52:11.813 [info] > git for-each-ref --format %(refname) %(objectname) %(*objectname) refs/tags [13ms]
2024-11-18 18:52:11.854 [info] > git for-each-ref --sort -committerdate --format %(refname) %(objectname) %(*objectname) [27ms]
2024-11-18 18:52:12.272 [info] > git rev-parse --show-toplevel [2ms]
2024-11-18 18:52:12.278 [info] > git rev-parse --git-dir --git-common-dir [2ms]
2024-11-18 18:52:12.282 [info] [Model][openRepository] Opened repository: /home/aarifah/ardupilot/modules/uavcan
2024-11-18 18:52:12.296 [info] > git config --get commit.template [5ms]
2024-11-18 18:52:12.301 [info] > git rev-parse --show-toplevel [6ms]
2024-11-18 18:52:12.308 [info] > git rev-parse --git-dir --git-common-dir [3ms]
2024-11-18 18:52:12.316 [info] [Model][openRepository] Opened repository: /home/aarifah/ardupilot/modules/waf
2024-11-18 18:52:12.339 [info] > git for-each-ref --format %(refname) %(objectname) %(*objectname) refs/tags [38ms]
2024-11-18 18:52:12.364 [info] > git rev-parse --show-toplevel [26ms]
2024-11-18 18:52:12.364 [info] > git config --get commit.template [37ms]
2024-11-18 18:52:12.417 [info] > git rev-parse --git-dir --git-common-dir [38ms]
2024-11-18 18:52:12.435 [info] [Model][openRepository] Opened repository: /home/aarifah/ardupilot/modules/gbenchmark
2024-11-18 18:52:12.437 [info] > git for-each-ref --sort -committerdate --format %(refname) %(objectname) %(*objectname) [76ms]
2024-11-18 18:52:12.472 [info] > git status -z -uall [125ms]
2024-11-18 18:52:12.510 [info] > git rev-parse --show-toplevel [40ms]
2024-11-18 18:52:12.518 [info] > git config --get commit.template [62ms]
2024-11-18 18:52:12.519 [info] > git for-each-ref --format %(refname) %(objectname) %(*objectname) refs/tags [103ms]
2024-11-18 18:52:12.561 [info] > git config --get commit.template [63ms]
2024-11-18 18:52:12.585 [info] > git rev-parse --git-dir --git-common-dir [36ms]
2024-11-18 18:52:12.590 [info] [Model][openRepository] Opened repository: /home/aarifah/ardupilot/modules/mavlink
2024-11-18 18:52:12.632 [info] > git for-each-ref --sort -committerdate --format %(refname) %(objectname) %(*objectname) [89ms]
2024-11-18 18:52:12.639 [info] > git status -z -uall [113ms]
2024-11-18 18:52:12.640 [info] > git rev-parse --show-toplevel [9ms]
2024-11-18 18:52:12.640 [info] > git config --get commit.template [20ms]
2024-11-18 18:52:12.641 [info] > git for-each-ref --format %(refname) %(objectname) %(*objectname) refs/tags [33ms]
2024-11-18 18:52:12.654 [info] > git for-each-ref --format %(refname) %(objectname) %(*objectname) refs/tags [87ms]
2024-11-18 18:52:12.747 [info] > git status -z -uall [81ms]
2024-11-18 18:52:12.748 [info] > git for-each-ref --sort -committerdate --format %(refname) %(objectname) %(*objectname) [95ms]
2024-11-18 18:52:12.758 [info] > git config --get commit.template [26ms]
2024-11-18 18:52:12.758 [info] > git rev-parse --git-dir --git-common-dir [32ms]
2024-11-18 18:52:12.765 [info] [Model][openRepository] Opened repository: /home/aarifah/ardupilot/modules/gtest
2024-11-18 18:52:12.767 [info] > git for-each-ref --sort -committerdate --format %(refname) %(objectname) %(*objectname) [77ms]
2024-11-18 18:52:12.791 [info] > git status -z -uall [145ms]
2024-11-18 18:52:12.792 [info] > git for-each-ref --format %(refname) %(objectname) %(*objectname) refs/tags [36ms]
2024-11-18 18:52:12.850 [info] > git status -z -uall [52ms]
2024-11-18 18:52:12.851 [info] > git config --get commit.template [61ms]
2024-11-18 18:52:12.851 [info] > git rev-parse --show-toplevel [66ms]
2024-11-18 18:52:12.852 [info] > git config --get commit.template [75ms]
2024-11-18 18:52:12.862 [info] > git for-each-ref --format %(refname) %(objectname) %(*objectname) refs/tags [34ms]
2024-11-18 18:52:12.872 [info] > git for-each-ref --sort -committerdate --format %(refname) %(objectname) %(*objectname) [69ms]
2024-11-18 18:52:12.911 [info] > git status -z -uall [45ms]
2024-11-18 18:52:12.912 [info] > git for-each-ref --sort -committerdate --format %(refname) %(objectname) %(*objectname) [41ms]
2024-11-18 18:52:12.916 [info] > git rev-parse --git-dir --git-common-dir [57ms]
2024-11-18 18:52:12.926 [info] [Model][openRepository] Opened repository: /home/aarifah/ardupilot/modules/ChibiOS
2024-11-18 18:52:12.974 [info] > git config --get commit.template [66ms]
2024-11-18 18:52:12.974 [info] > git for-each-ref --format %(refname) %(objectname) %(*objectname) refs/tags [71ms]
2024-11-18 18:52:12.990 [info] > git for-each-ref --format %(refname) %(objectname) %(*objectname) refs/tags [91ms]
2024-11-18 18:52:13.014 [info] > git check-ignore -v -z --stdin [81ms]
2024-11-18 18:52:13.016 [info] > git check-ignore -v -z --stdin [78ms]
2024-11-18 18:52:13.017 [info] > git check-ignore -v -z --stdin [73ms]
2024-11-18 18:52:13.018 [info] > git status -z -uall [39ms]
2024-11-18 18:52:13.019 [info] > git for-each-ref --sort -committerdate --format %(refname) %(objectname) %(*objectname) [28ms]
2024-11-18 18:52:13.020 [info] > git rev-parse --show-toplevel [49ms]
2024-11-18 18:52:13.020 [info] > git config --get commit.template [63ms]
2024-11-18 18:52:13.074 [info] > git status -z -uall [79ms]
2024-11-18 18:52:13.075 [info] > git rev-parse --git-dir --git-common-dir [41ms]
2024-11-18 18:52:13.085 [info] [Model][openRepository] Opened repository: /home/aarifah/ardupilot/modules/libcanard
2024-11-18 18:52:13.089 [info] > git for-each-ref --format %(refname) %(objectname) %(*objectname) refs/tags [62ms]
2024-11-18 18:52:13.103 [info] > git for-each-ref --sort -committerdate --format %(refname) %(objectname) %(*objectname) [101ms]
2024-11-18 18:52:13.152 [info] > git status -z -uall [58ms]
2024-11-18 18:52:13.154 [info] > git for-each-ref --sort -committerdate --format %(refname) %(objectname) %(*objectname) [52ms]
2024-11-18 18:52:13.155 [info] > git for-each-ref --format %(refname) %(objectname) %(*objectname) refs/tags [86ms]
2024-11-18 18:52:13.204 [info] > git config --get commit.template [56ms]
2024-11-18 18:52:13.205 [info] > git config --get commit.template [74ms]
2024-11-18 18:52:13.271 [info] > git for-each-ref --format %(refname) %(objectname) %(*objectname) refs/tags [23ms]
2024-11-18 18:52:13.330 [info] > git for-each-ref --format %(refname) %(objectname) %(*objectname) refs/tags [71ms]
2024-11-18 18:52:13.364 [info] > git status -z -uall [79ms]
2024-11-18 18:52:13.364 [info] > git for-each-ref --sort -committerdate --format %(refname) %(objectname) %(*objectname) [8ms]
2024-11-18 18:52:13.367 [info] > git for-each-ref --sort -committerdate --format %(refname) %(objectname) %(*objectname) [54ms]
2024-11-18 18:52:13.409 [info] > git status -z -uall [75ms]
2024-11-18 18:52:13.422 [info] > git config --get commit.template [19ms]
2024-11-18 18:52:13.442 [info] > git for-each-ref --format %(refname) %(objectname) %(*objectname) refs/tags [3ms]
2024-11-18 18:52:13.477 [info] > git for-each-ref --sort -committerdate --format %(refname) %(objectname) %(*objectname) [301ms]
2024-11-18 18:52:13.481 [info] > git for-each-ref --sort -committerdate --format %(refname) %(objectname) %(*objectname) [19ms]
2024-11-18 18:52:13.504 [info] > git status -z -uall [57ms]
2024-11-18 18:52:13.548 [info] > git check-ignore -v -z --stdin [23ms]
2024-11-18 18:52:13.568 [info] > git check-ignore -v -z --stdin [29ms]
2024-11-18 18:52:13.592 [info] > git check-ignore -v -z --stdin [59ms]
2024-11-18 18:52:13.623 [info] > git status -z -uall [1805ms]
2024-11-18 18:52:14.132 [info] > git rev-parse --show-toplevel [2ms]
2024-11-18 18:52:14.138 [info] > git rev-parse --git-dir --git-common-dir [3ms]
2024-11-18 18:52:14.152 [info] [Model][openRepository] Opened repository: /home/aarifah/ardupilot/modules/uavcan/dsdl
2024-11-18 18:52:14.171 [info] > git config --get commit.template [12ms]
2024-11-18 18:52:14.188 [info] > git rev-parse --show-toplevel [24ms]
2024-11-18 18:52:14.342 [info] > git for-each-ref --format %(refname) %(objectname) %(*objectname) refs/tags [155ms]
2024-11-18 18:52:14.382 [info] > git rev-parse --git-dir --git-common-dir [48ms]
2024-11-18 18:52:14.391 [info] [Model][openRepository] Opened repository: /home/aarifah/ardupilot/modules/uavcan/libuavcan/dsdl_compiler/pyuavcan
2024-11-18 18:52:14.404 [info] > git status -z -uall [41ms]
2024-11-18 18:52:14.409 [info] > git rev-parse --show-toplevel [6ms]
2024-11-18 18:52:14.411 [info] > git config --get commit.template [11ms]
2024-11-18 18:52:14.411 [info] > git for-each-ref --sort -committerdate --format %(refname) %(objectname) %(*objectname) [43ms]
2024-11-18 18:52:14.457 [info] > git rev-parse --git-dir --git-common-dir [26ms]
2024-11-18 18:52:14.474 [info] [Model][openRepository] Opened repository: /home/aarifah/ardupilot/modules/mavlink/pymavlink
2024-11-18 18:52:14.502 [info] > git for-each-ref --format %(refname) %(objectname) %(*objectname) refs/tags [49ms]
2024-11-18 18:52:14.542 [info] > git config --get commit.template [102ms]
2024-11-18 18:52:14.557 [info] > git rev-parse --show-toplevel [65ms]
2024-11-18 18:52:14.558 [info] > git config --get commit.template [76ms]
2024-11-18 18:52:14.576 [info] > git status -z -uall [55ms]
2024-11-18 18:52:14.605 [info] > git for-each-ref --format %(refname) %(objectname) %(*objectname) refs/tags [39ms]
2024-11-18 18:52:14.629 [info] > git status -z -uall [17ms]
2024-11-18 18:52:14.630 [info] > git for-each-ref --format %(refname) %(objectname) %(*objectname) refs/tags [40ms]
2024-11-18 18:52:14.643 [info] > git for-each-ref --sort -committerdate --format %(refname) %(objectname) %(*objectname) [101ms]
2024-11-18 18:52:14.651 [info] > git rev-parse --git-dir --git-common-dir [80ms]
2024-11-18 18:52:14.659 [info] [Model][openRepository] Opened repository: /home/aarifah/ardupilot/modules/libcanard/drivers/avr/avr-can-lib
2024-11-18 18:52:14.705 [info] > git status -z -uall [70ms]
2024-11-18 18:52:14.706 [info] > git for-each-ref --sort -committerdate --format %(refname) %(objectname) %(*objectname) [89ms]
2024-11-18 18:52:14.723 [info] > git rev-parse --show-toplevel [44ms]
2024-11-18 18:52:14.724 [info] > git config --get commit.template [52ms]
2024-11-18 18:52:14.724 [info] > git config --get commit.template [59ms]
2024-11-18 18:52:14.724 [info] > git for-each-ref --sort -committerdate --format %(refname) %(objectname) %(*objectname) [81ms]
2024-11-18 18:52:14.785 [info] > git rev-parse --git-dir --git-common-dir [39ms]
2024-11-18 18:52:14.801 [info] [Model][openRepository] Opened repository: /home/aarifah/ardupilot/modules/libcanard/dsdl_compiler/pyuavcan
2024-11-18 18:52:14.828 [info] > git for-each-ref --format %(refname) %(objectname) %(*objectname) refs/tags [46ms]
2024-11-18 18:52:14.854 [info] > git for-each-ref --format %(refname) %(objectname) %(*objectname) refs/tags [87ms]
2024-11-18 18:52:14.878 [info] > git config --get commit.template [117ms]
2024-11-18 18:52:14.959 [info] > git status -z -uall [115ms]
2024-11-18 18:52:14.959 [info] > git status -z -uall [95ms]
2024-11-18 18:52:14.959 [info] > git check-ignore -v -z --stdin [74ms]
2024-11-18 18:52:14.960 [info] > git check-ignore -v -z --stdin [41ms]
2024-11-18 18:52:14.962 [info] > git for-each-ref --sort -committerdate --format %(refname) %(objectname) %(*objectname) [83ms]
2024-11-18 18:52:14.967 [info] > git for-each-ref --sort -committerdate --format %(refname) %(objectname) %(*objectname) [114ms]
2024-11-18 18:52:14.982 [info] > git config --get commit.template [173ms]
2024-11-18 18:52:15.013 [info] > git status -z -uall [1845ms]
2024-11-18 18:52:15.014 [info] > git check-ignore -v -z --stdin [111ms]
2024-11-18 18:52:15.016 [info] > git for-each-ref --format %(refname) %(objectname) %(*objectname) refs/tags [91ms]
2024-11-18 18:52:15.050 [info] > git status -z -uall [29ms]
2024-11-18 18:52:15.050 [info] > git for-each-ref --sort -committerdate --format %(refname) %(objectname) %(*objectname) [25ms]
2024-11-18 18:52:15.051 [info] > git config --get commit.template [63ms]
2024-11-18 18:52:15.053 [info] > git config --get commit.template [9ms]
2024-11-18 18:52:15.054 [info] > git for-each-ref --format %(refname) %(objectname) %(*objectname) refs/tags [18ms]
2024-11-18 18:52:15.081 [info] > git status -z -uall [23ms]
2024-11-18 18:52:15.082 [info] > git for-each-ref --format %(refname) %(objectname) %(*objectname) refs/tags [9ms]
2024-11-18 18:52:15.093 [info] > git for-each-ref --sort -committerdate --format %(refname) %(objectname) %(*objectname) [31ms]
2024-11-18 18:52:15.123 [info] > git status -z -uall [38ms]
2024-11-18 18:52:15.124 [info] > git for-each-ref --sort -committerdate --format %(refname) %(objectname) %(*objectname) [33ms]
2024-11-18 18:52:15.127 [info] > git for-each-ref --format %(refname) %(objectname) %(*objectname) refs/tags [47ms]
2024-11-18 18:52:15.148 [info] > git config --get commit.template [42ms]
2024-11-18 18:52:15.155 [info] > git for-each-ref --sort -committerdate --format %(refname) %(objectname) %(*objectname) [14ms]
2024-11-18 18:52:15.159 [info] > git for-each-ref --format %(refname) %(objectname) %(*objectname) refs/tags [4ms]
2024-11-18 18:52:15.196 [info] > git status -z -uall [32ms]
2024-11-18 18:52:15.208 [info] > git for-each-ref --sort -committerdate --format %(refname) %(objectname) %(*objectname) [38ms]
2024-11-18 18:52:15.515 [info] > git check-ignore -v -z --stdin [10ms]
2024-11-18 18:52:15.518 [info] > git check-ignore -v -z --stdin [4ms]
2024-11-18 18:52:15.545 [info] > git check-ignore -v -z --stdin [36ms]
2024-11-18 18:52:15.621 [info] > git status -z -uall [12054ms]
2024-11-18 18:52:16.264 [info] > git status -z -uall [1132ms]
2024-11-18 18:52:16.265 [info] > git for-each-ref --format=%(refname)%00%(upstream:short)%00%(objectname)%00%(upstream:track)%00%(upstream:remotename)%00%(upstream:remoteref) refs/heads/field refs/remotes/field [490ms]
2024-11-18 18:52:16.406 [info] > git config --local branch.field.vscode-merge-base [137ms]
2024-11-18 18:52:16.420 [info] > git rev-parse --show-toplevel [163ms]
2024-11-18 18:52:16.421 [info] > git config --get commit.template [167ms]
2024-11-18 18:52:16.430 [info] > git for-each-ref --format=%(refname)%00%(upstream:short)%00%(objectname)%00%(upstream:track)%00%(upstream:remotename)%00%(upstream:remoteref) refs/heads/origin/master refs/remotes/origin/master [10ms]
2024-11-18 18:52:16.443 [info] > git rev-parse --git-dir --git-common-dir [15ms]
2024-11-18 18:52:16.450 [info] [Model][openRepository] Opened repository: /home/aarifah/ardupilot/modules/uavcan/libuavcan/dsdl_compiler/pyuavcan/dsdl
2024-11-18 18:52:16.461 [info] > git for-each-ref --format=%(refname)%00%(upstream:short)%00%(objectname)%00%(upstream:track)%00%(upstream:remotename)%00%(upstream:remoteref) refs/heads/field refs/remotes/field [20ms]
2024-11-18 18:52:16.479 [info] > git rev-parse --show-toplevel [19ms]
2024-11-18 18:52:16.480 [info] > git config --get commit.template [22ms]
2024-11-18 18:52:16.520 [info] > git for-each-ref --sort -committerdate --format %(refname) %(objectname) %(*objectname) [43ms]
2024-11-18 18:52:16.528 [info] > git rev-parse --git-dir --git-common-dir [24ms]
2024-11-18 18:52:16.545 [info] [Model][openRepository] Opened repository: /home/aarifah/ardupilot/modules/libcanard/dsdl_compiler/pyuavcan/uavcan/dsdl_files
2024-11-18 18:52:16.622 [info] > git for-each-ref --format %(refname) %(objectname) %(*objectname) refs/tags [97ms]
2024-11-18 18:52:16.683 [info] > git status -z -uall [25ms]
2024-11-18 18:52:16.684 [info] > git config --get commit.template [63ms]
2024-11-18 18:52:16.706 [info] > git for-each-ref --sort -committerdate --format %(refname) %(objectname) %(*objectname) [31ms]
2024-11-18 18:52:16.728 [info] > git for-each-ref --format %(refname) %(objectname) %(*objectname) refs/tags [36ms]
2024-11-18 18:52:16.774 [info] > git status -z -uall [42ms]
2024-11-18 18:52:16.777 [info] > git config --get commit.template [9ms]
2024-11-18 18:52:16.785 [info] > git for-each-ref --sort -committerdate --format %(refname) %(objectname) %(*objectname) [30ms]
2024-11-18 18:52:16.793 [info] > git for-each-ref --format %(refname) %(objectname) %(*objectname) refs/tags [8ms]
2024-11-18 18:52:16.823 [info] > git status -z -uall [25ms]
2024-11-18 18:52:16.829 [info] > git config --get commit.template [10ms]
2024-11-18 18:52:16.829 [info] > git for-each-ref --sort -committerdate --format %(refname) %(objectname) %(*objectname) [15ms]
2024-11-18 18:52:16.842 [info] > git for-each-ref --format %(refname) %(objectname) %(*objectname) refs/tags [5ms]
2024-11-18 18:52:16.852 [info] > git status -z -uall [6ms]
2024-11-18 18:52:16.855 [info] > git for-each-ref --sort -committerdate --format %(refname) %(objectname) %(*objectname) [5ms]
2024-11-18 18:52:17.358 [info] > git check-ignore -v -z --stdin [28ms]
2024-11-18 18:52:17.358 [info] > git check-ignore -v -z --stdin [26ms]
2024-11-18 18:52:17.359 [info] > git check-ignore -v -z --stdin [6ms]
2024-11-18 18:52:17.862 [info] > git status -z -uall [1397ms]
2024-11-19 10:04:39.519 [info] > git config --get commit.template [39ms]
2024-11-19 10:04:39.720 [info] > git for-each-ref --format=%(refname)%00%(upstream:short)%00%(objectname)%00%(upstream:track)%00%(upstream:remotename)%00%(upstream:remoteref) refs/heads/field refs/remotes/field [46ms]
2024-11-19 10:04:39.788 [info] > git for-each-ref --sort -committerdate --format %(refname) %(objectname) %(*objectname) [27ms]
2024-11-19 10:04:48.414 [info] > git status -z -uall [8675ms]
2024-11-19 10:05:00.468 [info] > git config --get commit.template [13ms]
2024-11-19 10:05:00.470 [info] > git for-each-ref --format=%(refname)%00%(upstream:short)%00%(objectname)%00%(upstream:track)%00%(upstream:remotename)%00%(upstream:remoteref) refs/heads/field refs/remotes/field [2ms]
2024-11-19 10:05:00.500 [info] > git for-each-ref --sort -committerdate --format %(refname) %(objectname) %(*objectname) [5ms]
2024-11-19 10:05:01.877 [info] > git status -z -uall [1399ms]
2024-11-19 10:05:59.363 [info] > git config --get commit.template [13ms]
2024-11-19 10:05:59.365 [info] > git for-each-ref --format=%(refname)%00%(upstream:short)%00%(objectname)%00%(upstream:track)%00%(upstream:remotename)%00%(upstream:remoteref) refs/heads/field refs/remotes/field [2ms]
2024-11-19 10:05:59.387 [info] > git for-each-ref --sort -committerdate --format %(refname) %(objectname) %(*objectname) [5ms]
2024-11-19 10:06:01.114 [info] > git status -z -uall [1743ms]
2024-11-19 11:06:11.090 [info] > git config --get commit.template [45ms]
2024-11-19 11:06:11.107 [info] > git for-each-ref --format=%(refname)%00%(upstream:short)%00%(objectname)%00%(upstream:track)%00%(upstream:remotename)%00%(upstream:remoteref) refs/heads/field refs/remotes/field [22ms]
2024-11-19 11:06:11.379 [info] > git for-each-ref --sort -committerdate --format %(refname) %(objectname) %(*objectname) [67ms]
2024-11-19 11:06:57.027 [info] > git status -z -uall [45884ms]
