Dbg [parser.cc:574] Converting a deprecated source[/home/aarifah/.gazebo/models/sun/model.sdf].
Dbg [Converter.cc:68] Version[1.5] to Version[1.7]
  Please use the gz sdf tool to update your SDF files.
    $ gz sdf -c [sdf_file]
Dbg [parser.cc:574] Converting a deprecated source[/home/aarifah/ardupilot_gazebo/models/iris_with_ardupilot/model.sdf].
Dbg [Converter.cc:68] Version[1.6] to Version[1.7]
  Please use the gz sdf tool to update your SDF files.
    $ gz sdf -c [sdf_file]
Dbg [parser.cc:574] Converting a deprecated source[/home/aarifah/ardupilot_gazebo/models/iris_with_standoffs/model.sdf].
Dbg [Converter.cc:68] Version[1.5] to Version[1.7]
  Please use the gz sdf tool to update your SDF files.
    $ gz sdf -c [sdf_file]
Warning [parser.cc:833] XML Attribute[version] in element[sdf] not defined in SDF, ignoring.
Dbg [parser.cc:574] Converting a deprecated source[/home/aarifah/.gazebo/models/gimbal_small_2d/model.sdf].
Dbg [Converter.cc:68] Version[1.6] to Version[1.7]
  Please use the gz sdf tool to update your SDF files.
    $ gz sdf -c [sdf_file]
Warning [parser.cc:833] XML Attribute[version] in element[sdf] not defined in SDF, ignoring.
Warning [parser.cc:833] XML Attribute[version] in element[sdf] not defined in SDF, ignoring.
Dbg [parser.cc:1131] XML Element[author], child of element[sdf], not defined in SDF. Copying[author] as children of [sdf].
Dbg [parser.cc:1131] XML Element[description], child of element[sdf], not defined in SDF. Copying[description] as children of [sdf].
