2024-10-20 12:25:54.917 [info] [main] Log level: Info
2024-10-20 12:25:54.917 [info] [main] Validating found git in: "git"
2024-10-20 12:25:54.917 [info] [main] Using git "2.25.1" from "git"
2024-10-20 12:25:54.917 [info] [Model][doInitialScan] Initial repository scan started
2024-10-20 12:25:55.016 [info] > git rev-parse --show-toplevel [214ms]
2024-10-20 12:25:55.016 [info] fatal: not a git repository (or any of the parent directories): .git
2024-10-20 12:25:55.478 [info] > git rev-parse --show-toplevel [6ms]
2024-10-20 12:25:55.478 [info] fatal: not a git repository (or any of the parent directories): .git
2024-10-20 12:25:55.493 [info] > git rev-parse --show-toplevel [5ms]
2024-10-20 12:25:55.493 [info] fatal: not a git repository (or any of the parent directories): .git
2024-10-20 12:25:55.590 [info] > git rev-parse --show-toplevel [84ms]
2024-10-20 12:25:55.590 [info] fatal: not a git repository (or any of the parent directories): .git
2024-10-20 12:25:55.605 [info] > git rev-parse --show-toplevel [5ms]
2024-10-20 12:25:55.605 [info] fatal: not a git repository (or any of the parent directories): .git
2024-10-20 12:25:55.612 [info] > git rev-parse --show-toplevel [3ms]
2024-10-20 12:25:55.613 [info] fatal: not a git repository (or any of the parent directories): .git
2024-10-20 12:25:55.619 [info] > git rev-parse --show-toplevel [2ms]
2024-10-20 12:25:55.619 [info] fatal: not a git repository (or any of the parent directories): .git
2024-10-20 12:25:55.625 [info] > git rev-parse --show-toplevel [3ms]
2024-10-20 12:25:55.625 [info] fatal: not a git repository (or any of the parent directories): .git
2024-10-20 12:25:55.631 [info] > git rev-parse --show-toplevel [2ms]
2024-10-20 12:25:55.631 [info] fatal: not a git repository (or any of the parent directories): .git
2024-10-20 12:25:55.638 [info] > git rev-parse --show-toplevel [2ms]
2024-10-20 12:25:55.639 [info] fatal: not a git repository (or any of the parent directories): .git
2024-10-20 12:25:55.645 [info] > git rev-parse --show-toplevel [2ms]
2024-10-20 12:25:55.645 [info] fatal: not a git repository (or any of the parent directories): .git
2024-10-20 12:25:55.651 [info] > git rev-parse --show-toplevel [2ms]
2024-10-20 12:25:55.651 [info] fatal: not a git repository (or any of the parent directories): .git
2024-10-20 12:25:55.656 [info] > git rev-parse --show-toplevel [2ms]
2024-10-20 12:25:55.656 [info] fatal: not a git repository (or any of the parent directories): .git
2024-10-20 12:25:55.662 [info] > git rev-parse --show-toplevel [2ms]
2024-10-20 12:25:55.662 [info] fatal: not a git repository (or any of the parent directories): .git
2024-10-20 12:25:55.811 [info] > git rev-parse --show-toplevel [143ms]
2024-10-20 12:25:55.824 [info] > git rev-parse --git-dir --git-common-dir [4ms]
2024-10-20 12:25:55.871 [info] [Model][openRepository] Opened repository: /home/aarifah/ardupilot
2024-10-20 12:25:55.937 [info] > git config --get commit.template [36ms]
2024-10-20 12:25:55.999 [info] > git rev-parse --show-toplevel [91ms]
2024-10-20 12:25:56.046 [info] > git rev-parse --git-dir --git-common-dir [13ms]
2024-10-20 12:25:56.065 [info] [Model][openRepository] Opened repository: /home/aarifah/ardupilot_gazebo
2024-10-20 12:25:56.087 [info] > git rev-parse --show-toplevel [14ms]
2024-10-20 12:25:56.087 [info] fatal: not a git repository (or any of the parent directories): .git
2024-10-20 12:25:56.105 [info] [Model][doInitialScan] Initial repository scan completed - repositories (2), closed repositories (0), parent repositories (0), unsafe repositories (0)
2024-10-20 12:25:56.106 [info] > git config --get commit.template [36ms]
2024-10-20 12:25:56.148 [info] > git for-each-ref --format=%(refname)%00%(upstream:short)%00%(objectname)%00%(upstream:track)%00%(upstream:remotename)%00%(upstream:remoteref) refs/heads/master refs/remotes/master [23ms]
2024-10-20 12:25:56.154 [warning] [Git][revParse] Unable to read file: ENOENT: no such file or directory, open '/home/aarifah/ardupilot_gazebo/.git/refs/remotes/origin/master'
2024-10-20 12:25:56.157 [info] > git rev-parse refs/remotes/origin/master [3ms]
2024-10-20 12:25:56.176 [info] > git for-each-ref --sort -committerdate --format %(refname) %(objectname) %(*objectname) [5ms]
2024-10-20 12:25:56.389 [info] > git for-each-ref --format %(refname) %(objectname) %(*objectname) refs/tags [461ms]
2024-10-20 12:25:56.428 [info] > git status -z -uall [264ms]
2024-10-20 12:25:56.465 [info] > git for-each-ref --format=%(refname)%00%(upstream:short)%00%(objectname)%00%(upstream:track)%00%(upstream:remotename)%00%(upstream:remoteref) refs/heads/master refs/remotes/master [9ms]
2024-10-20 12:25:56.490 [info] > git config --get commit.template [26ms]
2024-10-20 12:25:56.492 [info] > git for-each-ref --sort -committerdate --format %(refname) %(objectname) %(*objectname) [82ms]
2024-10-20 12:25:56.496 [info] > git config --local branch.master.vscode-merge-base [21ms]
2024-10-20 12:25:56.496 [warning] [Git][config] git config failed: Failed to execute git
2024-10-20 12:25:56.535 [info] > git for-each-ref --format=%(refname)%00%(upstream:short)%00%(objectname)%00%(upstream:track)%00%(upstream:remotename)%00%(upstream:remoteref) refs/heads/master refs/remotes/master [15ms]
2024-10-20 12:25:56.537 [warning] [Git][revParse] Unable to read file: ENOENT: no such file or directory, open '/home/aarifah/ardupilot_gazebo/.git/refs/remotes/origin/master'
2024-10-20 12:25:56.539 [info] > git rev-parse refs/remotes/origin/master [2ms]
2024-10-20 12:25:56.550 [info] > git for-each-ref --sort -committerdate --format %(refname) %(objectname) %(*objectname) [5ms]
2024-10-20 12:25:56.621 [info] > git status -z -uall [80ms]
2024-10-20 12:25:56.648 [info] > git check-ignore -v -z --stdin [30ms]
2024-10-20 12:25:56.649 [info] > git check-ignore -v -z --stdin [29ms]
2024-10-20 12:25:56.649 [info] > git for-each-ref --format=%(refname)%00%(upstream:short)%00%(objectname)%00%(upstream:track)%00%(upstream:remotename)%00%(upstream:remoteref) refs/heads/master refs/remotes/master [4ms]
2024-10-20 12:25:56.655 [info] > git config --local branch.master.vscode-merge-base [2ms]
2024-10-20 12:25:56.655 [warning] [Git][config] git config failed: Failed to execute git
2024-10-20 12:25:56.743 [info] > git reflog master --grep-reflog=branch: Created from *. [243ms]
2024-10-20 12:25:56.752 [info] > git reflog master --grep-reflog=branch: Created from *. [91ms]
2024-10-20 12:25:56.763 [info] > git symbolic-ref --short refs/remotes/origin/HEAD [11ms]
2024-10-20 12:25:56.778 [info] > git symbolic-ref --short refs/remotes/origin/HEAD [18ms]
2024-10-20 12:25:56.792 [info] > git for-each-ref --format=%(refname)%00%(upstream:short)%00%(objectname)%00%(upstream:track)%00%(upstream:remotename)%00%(upstream:remoteref) refs/heads/origin/master refs/remotes/origin/master [18ms]
2024-10-20 12:25:56.805 [info] > git for-each-ref --format=%(refname)%00%(upstream:short)%00%(objectname)%00%(upstream:track)%00%(upstream:remotename)%00%(upstream:remoteref) refs/heads/origin/master refs/remotes/origin/master [16ms]
2024-10-20 12:25:56.881 [info] > git config --local branch.master.vscode-merge-base origin/master [78ms]
2024-10-20 12:25:56.965 [info] > git config --local branch.master.vscode-merge-base origin/master [146ms]
2024-10-20 12:25:56.984 [info] > git config --get commit.template [21ms]
2024-10-20 12:25:57.000 [info] > git config --get commit.template [19ms]
2024-10-20 12:25:57.015 [info] > git for-each-ref --format=%(refname)%00%(upstream:short)%00%(objectname)%00%(upstream:track)%00%(upstream:remotename)%00%(upstream:remoteref) refs/heads/master refs/remotes/master [20ms]
2024-10-20 12:25:57.022 [warning] [Git][revParse] Unable to read file: ENOENT: no such file or directory, open '/home/aarifah/ardupilot_gazebo/.git/refs/remotes/origin/master'
2024-10-20 12:25:57.023 [info] > git for-each-ref --format=%(refname)%00%(upstream:short)%00%(objectname)%00%(upstream:track)%00%(upstream:remotename)%00%(upstream:remoteref) refs/heads/master refs/remotes/master [10ms]
2024-10-20 12:25:57.028 [warning] [Git][revParse] Unable to read file: ENOENT: no such file or directory, open '/home/aarifah/ardupilot_gazebo/.git/refs/remotes/origin/master'
2024-10-20 12:25:57.029 [info] > git rev-parse refs/remotes/origin/master [7ms]
2024-10-20 12:25:57.061 [info] > git merge-base refs/heads/master refs/remotes/origin/master [20ms]
2024-10-20 12:25:57.066 [info] > git for-each-ref --format=%(refname)%00%(upstream:short)%00%(objectname)%00%(upstream:track)%00%(upstream:remotename)%00%(upstream:remoteref) refs/heads/master refs/remotes/master [30ms]
2024-10-20 12:25:57.069 [info] > git rev-parse refs/remotes/origin/master [41ms]
2024-10-20 12:25:57.081 [info] > git for-each-ref --sort -committerdate --format %(refname) %(objectname) %(*objectname) [3ms]
2024-10-20 12:25:57.082 [info] > git config --local branch.master.vscode-merge-base [13ms]
2024-10-20 12:25:57.086 [info] > git diff --name-status -z --diff-filter=ADMR a28cab40f939a42d4845390ed5ace6d36618385c...refs/remotes/origin/master [21ms]
2024-10-20 12:25:57.088 [info] > git for-each-ref --format=%(refname)%00%(upstream:short)%00%(objectname)%00%(upstream:track)%00%(upstream:remotename)%00%(upstream:remoteref) refs/heads/origin/master refs/remotes/origin/master [3ms]
2024-10-20 12:25:57.162 [info] > git status -z -uall [91ms]
2024-10-20 12:26:03.041 [info] > git check-ignore -v -z --stdin [5ms]
2024-10-20 12:26:05.228 [info] > git status -z -uall [8833ms]
2024-10-20 12:26:05.253 [info] > git config --get commit.template [8ms]
2024-10-20 12:26:05.286 [info] > git for-each-ref --format %(refname) %(objectname) %(*objectname) refs/tags [22ms]
2024-10-20 12:26:05.354 [info] > git for-each-ref --sort -committerdate --format %(refname) %(objectname) %(*objectname) [44ms]
2024-10-20 12:26:05.613 [info] > git check-ignore -v -z --stdin [105ms]
2024-10-20 12:26:05.736 [info] > git rev-parse --show-toplevel [2ms]
2024-10-20 12:26:05.741 [info] > git rev-parse --git-dir --git-common-dir [2ms]
2024-10-20 12:26:05.748 [info] [Model][openRepository] Opened repository: /home/aarifah/ardupilot/modules/uavcan
2024-10-20 12:26:05.762 [info] > git config --get commit.template [7ms]
2024-10-20 12:26:05.768 [info] > git rev-parse --show-toplevel [7ms]
2024-10-20 12:26:05.778 [info] > git rev-parse --git-dir --git-common-dir [5ms]
2024-10-20 12:26:05.788 [info] [Model][openRepository] Opened repository: /home/aarifah/ardupilot/modules/waf
2024-10-20 12:26:05.813 [info] > git for-each-ref --format %(refname) %(objectname) %(*objectname) refs/tags [47ms]
2024-10-20 12:26:05.848 [info] > git config --get commit.template [44ms]
2024-10-20 12:26:05.849 [info] > git rev-parse --show-toplevel [37ms]
2024-10-20 12:26:05.884 [info] > git rev-parse --git-dir --git-common-dir [8ms]
2024-10-20 12:26:05.892 [info] [Model][openRepository] Opened repository: /home/aarifah/ardupilot/modules/gbenchmark
2024-10-20 12:26:05.894 [info] > git for-each-ref --sort -committerdate --format %(refname) %(objectname) %(*objectname) [53ms]
2024-10-20 12:26:05.910 [info] > git status -z -uall [88ms]
2024-10-20 12:26:05.934 [info] > git rev-parse --show-toplevel [24ms]
2024-10-20 12:26:05.936 [info] > git config --get commit.template [31ms]
2024-10-20 12:26:05.938 [info] > git for-each-ref --format %(refname) %(objectname) %(*objectname) refs/tags [67ms]
2024-10-20 12:26:05.994 [info] > git status -z -uall [24ms]
2024-10-20 12:26:05.994 [info] > git config --get commit.template [66ms]
2024-10-20 12:26:06.000 [info] > git rev-parse --git-dir --git-common-dir [15ms]
2024-10-20 12:26:06.015 [info] [Model][openRepository] Opened repository: /home/aarifah/ardupilot/modules/mavlink
2024-10-20 12:26:06.045 [info] > git for-each-ref --format %(refname) %(objectname) %(*objectname) refs/tags [46ms]
2024-10-20 12:26:06.061 [info] > git for-each-ref --sort -committerdate --format %(refname) %(objectname) %(*objectname) [85ms]
2024-10-20 12:26:06.091 [info] > git status -z -uall [39ms]
2024-10-20 12:26:06.093 [info] > git for-each-ref --sort -committerdate --format %(refname) %(objectname) %(*objectname) [33ms]
2024-10-20 12:26:06.098 [info] > git rev-parse --show-toplevel [57ms]
2024-10-20 12:26:06.099 [info] > git config --get commit.template [65ms]
2024-10-20 12:26:06.099 [info] > git for-each-ref --format %(refname) %(objectname) %(*objectname) refs/tags [71ms]
2024-10-20 12:26:06.128 [info] > git for-each-ref --sort -committerdate --format %(refname) %(objectname) %(*objectname) [17ms]
2024-10-20 12:26:06.134 [info] > git config --get commit.template [57ms]
2024-10-20 12:26:06.144 [info] > git config --get commit.template [26ms]
2024-10-20 12:26:06.152 [info] > git rev-parse --git-dir --git-common-dir [28ms]
2024-10-20 12:26:06.158 [info] [Model][openRepository] Opened repository: /home/aarifah/ardupilot/modules/gtest
2024-10-20 12:26:06.183 [info] > git status -z -uall [80ms]
2024-10-20 12:26:06.195 [info] > git rev-parse --show-toplevel [13ms]
2024-10-20 12:26:06.196 [info] > git config --get commit.template [19ms]
2024-10-20 12:26:06.204 [info] > git for-each-ref --format %(refname) %(objectname) %(*objectname) refs/tags [35ms]
2024-10-20 12:26:06.219 [info] > git for-each-ref --format %(refname) %(objectname) %(*objectname) refs/tags [67ms]
2024-10-20 12:26:06.227 [info] > git for-each-ref --format %(refname) %(objectname) %(*objectname) refs/tags [83ms]
2024-10-20 12:26:06.271 [info] > git status -z -uall [61ms]
2024-10-20 12:26:06.271 [info] > git status -z -uall [49ms]
2024-10-20 12:26:06.271 [info] > git status -z -uall [37ms]
2024-10-20 12:26:06.271 [info] > git for-each-ref --sort -committerdate --format %(refname) %(objectname) %(*objectname) [45ms]
2024-10-20 12:26:06.274 [info] > git for-each-ref --sort -committerdate --format %(refname) %(objectname) %(*objectname) [56ms]
2024-10-20 12:26:06.282 [info] > git rev-parse --git-dir --git-common-dir [24ms]
2024-10-20 12:26:06.295 [info] [Model][openRepository] Opened repository: /home/aarifah/ardupilot/modules/ChibiOS
2024-10-20 12:26:06.296 [info] > git for-each-ref --sort -committerdate --format %(refname) %(objectname) %(*objectname) [51ms]
2024-10-20 12:26:06.358 [info] > git check-ignore -v -z --stdin [47ms]
2024-10-20 12:26:06.360 [info] > git config --get commit.template [12ms]
2024-10-20 12:26:06.360 [info] > git config --get commit.template [36ms]
2024-10-20 12:26:06.360 [info] > git for-each-ref --format %(refname) %(objectname) %(*objectname) refs/tags [79ms]
2024-10-20 12:26:06.373 [info] > git rev-parse --show-toplevel [39ms]
2024-10-20 12:26:06.399 [info] > git status -z -uall [36ms]
2024-10-20 12:26:06.401 [info] > git for-each-ref --sort -committerdate --format %(refname) %(objectname) %(*objectname) [30ms]
2024-10-20 12:26:06.410 [info] > git for-each-ref --format %(refname) %(objectname) %(*objectname) refs/tags [19ms]
2024-10-20 12:26:06.420 [info] > git rev-parse --git-dir --git-common-dir [21ms]
2024-10-20 12:26:06.428 [info] [Model][openRepository] Opened repository: /home/aarifah/ardupilot/modules/libcanard
2024-10-20 12:26:06.453 [info] > git config --get commit.template [45ms]
2024-10-20 12:26:06.454 [info] > git for-each-ref --format %(refname) %(objectname) %(*objectname) refs/tags [61ms]
2024-10-20 12:26:06.511 [info] > git config --get commit.template [61ms]
2024-10-20 12:26:06.521 [info] > git for-each-ref --sort -committerdate --format %(refname) %(objectname) %(*objectname) [28ms]
2024-10-20 12:26:06.538 [info] > git status -z -uall [63ms]
2024-10-20 12:26:06.539 [info] > git for-each-ref --format %(refname) %(objectname) %(*objectname) refs/tags [19ms]
2024-10-20 12:26:06.569 [info] > git for-each-ref --sort -committerdate --format %(refname) %(objectname) %(*objectname) [8ms]
2024-10-20 12:26:06.569 [info] > git for-each-ref --format %(refname) %(objectname) %(*objectname) refs/tags [35ms]
2024-10-20 12:26:06.605 [info] > git status -z -uall [61ms]
2024-10-20 12:26:06.621 [info] > git for-each-ref --sort -committerdate --format %(refname) %(objectname) %(*objectname) [18ms]
2024-10-20 12:26:06.634 [info] > git status -z -uall [43ms]
2024-10-20 12:26:06.643 [info] > git for-each-ref --sort -committerdate --format %(refname) %(objectname) %(*objectname) [224ms]
2024-10-20 12:26:06.655 [info] > git config --get commit.template [13ms]
2024-10-20 12:26:06.657 [info] > git for-each-ref --format %(refname) %(objectname) %(*objectname) refs/tags [6ms]
2024-10-20 12:26:06.675 [info] > git for-each-ref --sort -committerdate --format %(refname) %(objectname) %(*objectname) [5ms]
2024-10-20 12:26:06.690 [info] > git status -z -uall [30ms]
2024-10-20 12:26:06.774 [info] > git status -z -uall [1472ms]
2024-10-20 12:26:07.019 [info] > git check-ignore -v -z --stdin [6ms]
2024-10-20 12:26:07.320 [info] > git rev-parse --show-toplevel [1ms]
2024-10-20 12:26:07.328 [info] > git rev-parse --git-dir --git-common-dir [1ms]
2024-10-20 12:26:07.331 [info] [Model][openRepository] Opened repository: /home/aarifah/ardupilot/modules/uavcan/dsdl
2024-10-20 12:26:07.343 [info] > git config --get commit.template [6ms]
2024-10-20 12:26:07.347 [info] > git rev-parse --show-toplevel [5ms]
2024-10-20 12:26:07.354 [info] > git for-each-ref --format %(refname) %(objectname) %(*objectname) refs/tags [8ms]
2024-10-20 12:26:07.377 [info] > git status -z -uall [19ms]
2024-10-20 12:26:07.378 [info] > git rev-parse --git-dir --git-common-dir [27ms]
2024-10-20 12:26:07.386 [info] [Model][openRepository] Opened repository: /home/aarifah/ardupilot/modules/uavcan/libuavcan/dsdl_compiler/pyuavcan
2024-10-20 12:26:07.398 [info] > git for-each-ref --sort -committerdate --format %(refname) %(objectname) %(*objectname) [34ms]
2024-10-20 12:26:07.458 [info] > git rev-parse --show-toplevel [60ms]
2024-10-20 12:26:07.469 [info] > git config --get commit.template [76ms]
2024-10-20 12:26:07.481 [info] > git config --get commit.template [32ms]
2024-10-20 12:26:07.499 [info] > git rev-parse --git-dir --git-common-dir [25ms]
2024-10-20 12:26:07.506 [info] [Model][openRepository] Opened repository: /home/aarifah/ardupilot/modules/mavlink/pymavlink
2024-10-20 12:26:07.525 [info] > git for-each-ref --format %(refname) %(objectname) %(*objectname) refs/tags [27ms]
2024-10-20 12:26:07.534 [info] > git for-each-ref --format %(refname) %(objectname) %(*objectname) refs/tags [43ms]
2024-10-20 12:26:07.561 [info] > git status -z -uall [32ms]
2024-10-20 12:26:07.561 [info] > git status -z -uall [20ms]
2024-10-20 12:26:07.562 [info] > git for-each-ref --sort -committerdate --format %(refname) %(objectname) %(*objectname) [28ms]
2024-10-20 12:26:07.564 [info] > git rev-parse --show-toplevel [41ms]
2024-10-20 12:26:07.564 [info] > git config --get commit.template [45ms]
2024-10-20 12:26:07.573 [info] > git status -z -uall [1158ms]
2024-10-20 12:26:07.574 [info] > git for-each-ref --sort -committerdate --format %(refname) %(objectname) %(*objectname) [26ms]
2024-10-20 12:26:07.591 [info] > git rev-parse --git-dir --git-common-dir [20ms]
2024-10-20 12:26:07.597 [info] [Model][openRepository] Opened repository: /home/aarifah/ardupilot/modules/libcanard/drivers/avr/avr-can-lib
2024-10-20 12:26:07.616 [info] > git config --get commit.template [30ms]
2024-10-20 12:26:07.617 [info] > git for-each-ref --format %(refname) %(objectname) %(*objectname) refs/tags [35ms]
2024-10-20 12:26:07.643 [info] > git config --get commit.template [30ms]
2024-10-20 12:26:07.643 [info] > git rev-parse --show-toplevel [33ms]
2024-10-20 12:26:07.643 [info] > git config --get commit.template [37ms]
2024-10-20 12:26:07.650 [info] > git status -z -uall [28ms]
2024-10-20 12:26:07.651 [info] > git for-each-ref --sort -committerdate --format %(refname) %(objectname) %(*objectname) [19ms]
2024-10-20 12:26:07.669 [info] > git for-each-ref --format %(refname) %(objectname) %(*objectname) refs/tags [21ms]
2024-10-20 12:26:07.680 [info] > git config --get commit.template [12ms]
2024-10-20 12:26:07.681 [info] > git for-each-ref --format %(refname) %(objectname) %(*objectname) refs/tags [17ms]
2024-10-20 12:26:07.687 [info] > git for-each-ref --format %(refname) %(objectname) %(*objectname) refs/tags [26ms]
2024-10-20 12:26:07.697 [info] > git rev-parse --git-dir --git-common-dir [38ms]
2024-10-20 12:26:07.702 [info] [Model][openRepository] Opened repository: /home/aarifah/ardupilot/modules/libcanard/dsdl_compiler/pyuavcan
2024-10-20 12:26:07.713 [info] > git status -z -uall [41ms]
2024-10-20 12:26:07.713 [info] > git status -z -uall [20ms]
2024-10-20 12:26:07.714 [info] > git for-each-ref --sort -committerdate --format %(refname) %(objectname) %(*objectname) [17ms]
2024-10-20 12:26:07.724 [info] > git for-each-ref --sort -committerdate --format %(refname) %(objectname) %(*objectname) [36ms]
2024-10-20 12:26:07.725 [info] > git for-each-ref --sort -committerdate --format %(refname) %(objectname) %(*objectname) [49ms]
2024-10-20 12:26:07.747 [info] > git config --get commit.template [36ms]
2024-10-20 12:26:07.754 [info] > git config --get commit.template [10ms]
2024-10-20 12:26:07.754 [info] > git for-each-ref --format %(refname) %(objectname) %(*objectname) refs/tags [21ms]
2024-10-20 12:26:07.774 [info] > git status -z -uall [16ms]
2024-10-20 12:26:07.775 [info] > git for-each-ref --sort -committerdate --format %(refname) %(objectname) %(*objectname) [13ms]
2024-10-20 12:26:07.784 [info] > git for-each-ref --format %(refname) %(objectname) %(*objectname) refs/tags [12ms]
2024-10-20 12:26:07.793 [info] > git status -z -uall [6ms]
2024-10-20 12:26:07.794 [info] > git for-each-ref --format %(refname) %(objectname) %(*objectname) refs/tags [25ms]
2024-10-20 12:26:07.803 [info] > git for-each-ref --sort -committerdate --format %(refname) %(objectname) %(*objectname) [11ms]
2024-10-20 12:26:07.811 [info] > git status -z -uall [14ms]
2024-10-20 12:26:07.814 [info] > git for-each-ref --sort -committerdate --format %(refname) %(objectname) %(*objectname) [12ms]
2024-10-20 12:26:07.831 [info] > git config --get commit.template [2ms]
2024-10-20 12:26:07.837 [info] > git for-each-ref --format %(refname) %(objectname) %(*objectname) refs/tags [3ms]
2024-10-20 12:26:07.855 [info] > git status -z -uall [15ms]
2024-10-20 12:26:07.856 [info] > git for-each-ref --sort -committerdate --format %(refname) %(objectname) %(*objectname) [13ms]
2024-10-20 12:26:07.882 [info] > git check-ignore -v -z --stdin [5ms]
2024-10-20 12:26:08.364 [info] > git rev-parse --show-toplevel [2ms]
2024-10-20 12:26:08.369 [info] > git rev-parse --git-dir --git-common-dir [2ms]
2024-10-20 12:26:08.373 [info] [Model][openRepository] Opened repository: /home/aarifah/ardupilot/modules/uavcan/libuavcan/dsdl_compiler/pyuavcan/dsdl
2024-10-20 12:26:08.384 [info] > git config --get commit.template [6ms]
2024-10-20 12:26:08.390 [info] > git rev-parse --show-toplevel [8ms]
2024-10-20 12:26:08.412 [info] > git rev-parse --git-dir --git-common-dir [11ms]
2024-10-20 12:26:08.416 [info] [Model][openRepository] Opened repository: /home/aarifah/ardupilot/modules/libcanard/dsdl_compiler/pyuavcan/uavcan/dsdl_files
2024-10-20 12:26:08.417 [info] > git for-each-ref --format %(refname) %(objectname) %(*objectname) refs/tags [23ms]
2024-10-20 12:26:08.432 [info] > git status -z -uall [13ms]
2024-10-20 12:26:08.440 [info] > git config --get commit.template [9ms]
2024-10-20 12:26:08.442 [info] > git for-each-ref --format %(refname) %(objectname) %(*objectname) refs/tags [3ms]
2024-10-20 12:26:08.454 [info] > git status -z -uall [7ms]
2024-10-20 12:26:08.454 [info] > git for-each-ref --sort -committerdate --format %(refname) %(objectname) %(*objectname) [28ms]
2024-10-20 12:26:08.468 [info] > git config --get commit.template [1ms]
2024-10-20 12:26:08.476 [info] > git for-each-ref --format %(refname) %(objectname) %(*objectname) refs/tags [2ms]
2024-10-20 12:26:08.502 [info] > git status -z -uall [16ms]
2024-10-20 12:26:08.502 [info] > git for-each-ref --sort -committerdate --format %(refname) %(objectname) %(*objectname) [50ms]
2024-10-20 12:26:08.513 [info] > git for-each-ref --sort -committerdate --format %(refname) %(objectname) %(*objectname) [19ms]
2024-10-20 12:26:08.522 [info] > git config --get commit.template [9ms]
2024-10-20 12:26:08.523 [info] > git for-each-ref --format %(refname) %(objectname) %(*objectname) refs/tags [2ms]
2024-10-20 12:26:08.531 [info] > git status -z -uall [5ms]
2024-10-20 12:26:08.535 [info] > git for-each-ref --sort -committerdate --format %(refname) %(objectname) %(*objectname) [6ms]
2024-10-20 12:26:08.565 [info] > git status -z -uall [882ms]
2024-10-20 12:26:09.024 [info] > git check-ignore -v -z --stdin [17ms]
2024-10-20 12:26:09.606 [info] > git check-ignore -v -z --stdin [9ms]
2024-10-20 12:26:10.681 [info] > git check-ignore -v -z --stdin [10ms]
2024-10-20 12:26:12.415 [info] > git check-ignore -v -z --stdin [26ms]
2024-10-20 12:26:15.453 [info] > git check-ignore -v -z --stdin [34ms]
2024-10-20 12:26:19.098 [info] > git check-ignore -v -z --stdin [20ms]
2024-10-20 12:26:22.862 [info] > git check-ignore -v -z --stdin [17ms]
2024-10-20 12:26:25.689 [info] > git check-ignore -v -z --stdin [15ms]
2024-10-20 12:26:28.266 [info] > git check-ignore -v -z --stdin [12ms]
2024-10-20 12:26:38.296 [info] > git check-ignore -v -z --stdin [13ms]
2024-10-20 12:26:40.056 [info] > git check-ignore -v -z --stdin [3ms]
2024-10-20 12:26:40.751 [info] > git check-ignore -v -z --stdin [8ms]
2024-10-20 12:26:45.998 [info] > git check-ignore -v -z --stdin [18ms]
2024-10-20 12:26:57.781 [info] > git check-ignore -v -z --stdin [15ms]
2024-10-20 12:26:59.145 [info] > git check-ignore -v -z --stdin [17ms]
2024-10-20 12:26:59.148 [info] > git check-ignore -v -z --stdin [9ms]
2024-10-20 12:27:12.632 [info] > git check-ignore -v -z --stdin [24ms]
2024-10-20 12:27:20.490 [info] > git check-ignore -v -z --stdin [6ms]
2024-10-20 12:27:21.714 [info] > git check-ignore -v -z --stdin [3ms]
2024-10-20 12:27:23.322 [info] > git check-ignore -v -z --stdin [14ms]
2024-10-20 12:27:25.098 [info] > git check-ignore -v -z --stdin [6ms]
2024-10-20 12:40:54.290 [info] > git config --get commit.template [13ms]
2024-10-20 12:40:54.376 [info] > git for-each-ref --format %(refname) %(objectname) %(*objectname) refs/tags [85ms]
2024-10-20 12:40:54.405 [info] > git for-each-ref --sort -committerdate --format %(refname) %(objectname) %(*objectname) [14ms]
