[rosmaster.main][INFO] 2024-10-29 16:43:48,518: initialization complete, waiting for shutdown
[rosmaster.main][INFO] 2024-10-29 16:43:48,518: Starting ROS Master Node
[xmlrpc][INFO] 2024-10-29 16:43:48,519: XML-RPC server binding to 0.0.0.0:11311
[xmlrpc][INFO] 2024-10-29 16:43:48,520: Started XML-RPC server [http://DESKTOP-R7B102G:11311/]
[rosmaster.master][INFO] 2024-10-29 16:43:48,520: Master initialized: port[11311], uri[http://DESKTOP-R7B102G:11311/]
[xmlrpc][INFO] 2024-10-29 16:43:48,521: xml rpc node: starting XML-RPC server
[rosmaster.master][INFO] 2024-10-29 16:43:48,581: +PARAM [/run_id] by /roslaunch
[rosmaster.master][INFO] 2024-10-29 16:43:48,584: +PARAM [/roslaunch/uris/host_desktop_r7b102g__36339] by /roslaunch
[rosmaster.master][INFO] 2024-10-29 16:43:48,700: +PARAM [/rosversion] by /roslaunch
[rosmaster.master][INFO] 2024-10-29 16:43:48,701: +PARAM [/rosdistro] by /roslaunch
[rosmaster.master][INFO] 2024-10-29 16:43:48,701: +PARAM [/use_sim_time] by /roslaunch
[rosmaster.master][INFO] 2024-10-29 16:43:48,701: +PARAM [/gazebo/enable_ros_network] by /roslaunch
[rosmaster.master][INFO] 2024-10-29 16:43:48,879: +SERVICE [/rosout/get_loggers] /rosout http://DESKTOP-R7B102G:32785/
[rosmaster.master][INFO] 2024-10-29 16:43:48,880: +SERVICE [/rosout/set_logger_level] /rosout http://DESKTOP-R7B102G:32785/
[rosmaster.master][INFO] 2024-10-29 16:43:48,887: +SUB [/clock] /rosout http://DESKTOP-R7B102G:32785/
[rosmaster.master][INFO] 2024-10-29 16:43:48,889: +PUB [/rosout_agg] /rosout http://DESKTOP-R7B102G:32785/
[rosmaster.master][INFO] 2024-10-29 16:43:48,894: +SUB [/rosout] /rosout http://DESKTOP-R7B102G:32785/
[rosmaster.master][INFO] 2024-10-29 16:43:50,973: +PUB [/rosout] /gazebo http://DESKTOP-R7B102G:45857/
[rosmaster.master][INFO] 2024-10-29 16:43:50,974: +SERVICE [/gazebo/get_loggers] /gazebo http://DESKTOP-R7B102G:45857/
[rosmaster.master][INFO] 2024-10-29 16:43:50,976: +SERVICE [/gazebo/set_logger_level] /gazebo http://DESKTOP-R7B102G:45857/
[rosmaster.master][INFO] 2024-10-29 16:43:50,981: +SUB [/clock] /gazebo http://DESKTOP-R7B102G:45857/
[rosmaster.master][INFO] 2024-10-29 16:43:50,992: +CACHEDPARAM [/rosout_disable_topics_generation] by /gazebo
[rosmaster.master][INFO] 2024-10-29 16:43:51,047: publisherUpdate[/rosout] -> http://DESKTOP-R7B102G:32785/ ['http://DESKTOP-R7B102G:45857/']
[rosmaster.master][INFO] 2024-10-29 16:43:51,058: publisherUpdate[/rosout] -> http://DESKTOP-R7B102G:32785/ ['http://DESKTOP-R7B102G:45857/']: sec=0.01, result=[1, '', 0]
[rosmaster.master][INFO] 2024-10-29 16:43:51,289: +PUB [/rosout] /gazebo_gui http://DESKTOP-R7B102G:46485/
[rosmaster.master][INFO] 2024-10-29 16:43:51,290: +SERVICE [/gazebo_gui/get_loggers] /gazebo_gui http://DESKTOP-R7B102G:46485/
[rosmaster.master][INFO] 2024-10-29 16:43:51,291: +SERVICE [/gazebo_gui/set_logger_level] /gazebo_gui http://DESKTOP-R7B102G:46485/
[rosmaster.master][INFO] 2024-10-29 16:43:51,298: +SUB [/clock] /gazebo_gui http://DESKTOP-R7B102G:46485/
[rosmaster.master][INFO] 2024-10-29 16:43:51,304: +CACHEDPARAM [/rosout_disable_topics_generation] by /gazebo_gui
[rosmaster.master][INFO] 2024-10-29 16:43:51,355: publisherUpdate[/rosout] -> http://DESKTOP-R7B102G:32785/ ['http://DESKTOP-R7B102G:45857/', 'http://DESKTOP-R7B102G:46485/']
[rosmaster.master][INFO] 2024-10-29 16:43:51,358: publisherUpdate[/rosout] -> http://DESKTOP-R7B102G:32785/ ['http://DESKTOP-R7B102G:45857/', 'http://DESKTOP-R7B102G:46485/']: sec=0.00, result=[1, '', 0]
[rosmaster.master][INFO] 2024-10-29 16:43:52,803: +PUB [/clock] /gazebo http://DESKTOP-R7B102G:45857/
[rosmaster.master][INFO] 2024-10-29 16:43:52,805: +SERVICE [/gazebo/spawn_sdf_model] /gazebo http://DESKTOP-R7B102G:45857/
[rosmaster.master][INFO] 2024-10-29 16:43:52,806: +SERVICE [/gazebo/spawn_urdf_model] /gazebo http://DESKTOP-R7B102G:45857/
[rosmaster.master][INFO] 2024-10-29 16:43:52,807: +SERVICE [/gazebo/delete_model] /gazebo http://DESKTOP-R7B102G:45857/
[rosmaster.master][INFO] 2024-10-29 16:43:52,808: +SERVICE [/gazebo/delete_light] /gazebo http://DESKTOP-R7B102G:45857/
[rosmaster.master][INFO] 2024-10-29 16:43:52,809: +SERVICE [/gazebo/get_model_properties] /gazebo http://DESKTOP-R7B102G:45857/
[rosmaster.master][INFO] 2024-10-29 16:43:52,810: +SERVICE [/gazebo/get_model_state] /gazebo http://DESKTOP-R7B102G:45857/
[rosmaster.master][INFO] 2024-10-29 16:43:52,810: +SERVICE [/gazebo/get_world_properties] /gazebo http://DESKTOP-R7B102G:45857/
[rosmaster.master][INFO] 2024-10-29 16:43:52,811: +SERVICE [/gazebo/get_joint_properties] /gazebo http://DESKTOP-R7B102G:45857/
[rosmaster.master][INFO] 2024-10-29 16:43:52,812: +SERVICE [/gazebo/get_link_properties] /gazebo http://DESKTOP-R7B102G:45857/
[rosmaster.master][INFO] 2024-10-29 16:43:52,814: +SERVICE [/gazebo/get_link_state] /gazebo http://DESKTOP-R7B102G:45857/
[rosmaster.master][INFO] 2024-10-29 16:43:52,815: +SERVICE [/gazebo/get_light_properties] /gazebo http://DESKTOP-R7B102G:45857/
[rosmaster.master][INFO] 2024-10-29 16:43:52,816: +SERVICE [/gazebo/set_light_properties] /gazebo http://DESKTOP-R7B102G:45857/
[rosmaster.master][INFO] 2024-10-29 16:43:52,817: +SERVICE [/gazebo/get_physics_properties] /gazebo http://DESKTOP-R7B102G:45857/
[rosmaster.master][INFO] 2024-10-29 16:43:52,817: +PUB [/gazebo/link_states] /gazebo http://DESKTOP-R7B102G:45857/
[rosmaster.master][INFO] 2024-10-29 16:43:52,818: +PUB [/gazebo/model_states] /gazebo http://DESKTOP-R7B102G:45857/
[rosmaster.master][INFO] 2024-10-29 16:43:52,819: +PUB [/gazebo/performance_metrics] /gazebo http://DESKTOP-R7B102G:45857/
[rosmaster.master][INFO] 2024-10-29 16:43:52,820: +SERVICE [/gazebo/set_link_properties] /gazebo http://DESKTOP-R7B102G:45857/
[rosmaster.master][INFO] 2024-10-29 16:43:52,821: +SERVICE [/gazebo/set_physics_properties] /gazebo http://DESKTOP-R7B102G:45857/
[rosmaster.master][INFO] 2024-10-29 16:43:52,822: +SERVICE [/gazebo/set_model_state] /gazebo http://DESKTOP-R7B102G:45857/
[rosmaster.master][INFO] 2024-10-29 16:43:52,822: +SERVICE [/gazebo/set_model_configuration] /gazebo http://DESKTOP-R7B102G:45857/
[rosmaster.master][INFO] 2024-10-29 16:43:52,823: +SERVICE [/gazebo/set_joint_properties] /gazebo http://DESKTOP-R7B102G:45857/
[rosmaster.master][INFO] 2024-10-29 16:43:52,825: +SERVICE [/gazebo/set_link_state] /gazebo http://DESKTOP-R7B102G:45857/
[rosmaster.master][INFO] 2024-10-29 16:43:52,828: +SUB [/gazebo/set_link_state] /gazebo http://DESKTOP-R7B102G:45857/
[rosmaster.master][INFO] 2024-10-29 16:43:52,837: +SUB [/gazebo/set_model_state] /gazebo http://DESKTOP-R7B102G:45857/
[rosmaster.master][INFO] 2024-10-29 16:43:52,839: +CACHEDPARAM [/rosout/omit_topics] by /rosout
[rosmaster.master][INFO] 2024-10-29 16:43:52,839: +SERVICE [/gazebo/pause_physics] /gazebo http://DESKTOP-R7B102G:45857/
[rosmaster.master][INFO] 2024-10-29 16:43:52,841: +SERVICE [/gazebo/set_parameters] /gazebo http://DESKTOP-R7B102G:45857/
[rosmaster.master][INFO] 2024-10-29 16:43:52,842: +SERVICE [/gazebo/unpause_physics] /gazebo http://DESKTOP-R7B102G:45857/
[rosmaster.master][INFO] 2024-10-29 16:43:52,842: +PUB [/gazebo/parameter_descriptions] /gazebo http://DESKTOP-R7B102G:45857/
[rosmaster.master][INFO] 2024-10-29 16:43:52,843: +SERVICE [/gazebo/apply_body_wrench] /gazebo http://DESKTOP-R7B102G:45857/
[rosmaster.master][INFO] 2024-10-29 16:43:52,844: +PUB [/gazebo/parameter_updates] /gazebo http://DESKTOP-R7B102G:45857/
[rosmaster.master][INFO] 2024-10-29 16:43:52,844: +SERVICE [/gazebo/apply_joint_effort] /gazebo http://DESKTOP-R7B102G:45857/
[rosmaster.master][INFO] 2024-10-29 16:43:52,846: +SERVICE [/gazebo/clear_joint_forces] /gazebo http://DESKTOP-R7B102G:45857/
[rosmaster.master][INFO] 2024-10-29 16:43:52,849: +SERVICE [/gazebo/clear_body_wrenches] /gazebo http://DESKTOP-R7B102G:45857/
[rosmaster.master][INFO] 2024-10-29 16:43:52,852: +SERVICE [/gazebo/reset_simulation] /gazebo http://DESKTOP-R7B102G:45857/
[rosmaster.master][INFO] 2024-10-29 16:43:52,855: +SERVICE [/gazebo/reset_world] /gazebo http://DESKTOP-R7B102G:45857/
[rosmaster.master][INFO] 2024-10-29 16:43:52,863: publisherUpdate[/clock] -> http://DESKTOP-R7B102G:32785/ ['http://DESKTOP-R7B102G:45857/']
[rosmaster.master][INFO] 2024-10-29 16:43:52,865: +PARAM [/gazebo/time_step] by /gazebo
[rosmaster.master][INFO] 2024-10-29 16:43:52,867: publisherUpdate[/clock] -> http://DESKTOP-R7B102G:45857/ ['http://DESKTOP-R7B102G:45857/']
[rosmaster.master][INFO] 2024-10-29 16:43:52,870: publisherUpdate[/clock] -> http://DESKTOP-R7B102G:46485/ ['http://DESKTOP-R7B102G:45857/']
[rosmaster.master][INFO] 2024-10-29 16:43:52,874: +PARAM [/gazebo/max_update_rate] by /gazebo
[rosmaster.master][INFO] 2024-10-29 16:43:52,877: publisherUpdate[/clock] -> http://DESKTOP-R7B102G:45857/ ['http://DESKTOP-R7B102G:45857/']: sec=0.01, result=[1, '', 0]
[rosmaster.master][INFO] 2024-10-29 16:43:52,878: publisherUpdate[/clock] -> http://DESKTOP-R7B102G:32785/ ['http://DESKTOP-R7B102G:45857/']: sec=0.01, result=[1, '', 0]
[rosmaster.master][INFO] 2024-10-29 16:43:52,879: +PARAM [/gazebo/gravity_x] by /gazebo
[rosmaster.master][INFO] 2024-10-29 16:43:52,880: publisherUpdate[/clock] -> http://DESKTOP-R7B102G:46485/ ['http://DESKTOP-R7B102G:45857/']: sec=0.01, result=[1, '', 0]
[rosmaster.master][INFO] 2024-10-29 16:43:52,881: +PARAM [/gazebo/gravity_y] by /gazebo
[rosmaster.master][INFO] 2024-10-29 16:43:52,882: +PARAM [/gazebo/gravity_z] by /gazebo
[rosmaster.master][INFO] 2024-10-29 16:43:52,883: +PARAM [/gazebo/auto_disable_bodies] by /gazebo
[rosmaster.master][INFO] 2024-10-29 16:43:52,888: +PARAM [/gazebo/sor_pgs_precon_iters] by /gazebo
[rosmaster.master][INFO] 2024-10-29 16:43:52,890: +PARAM [/gazebo/sor_pgs_iters] by /gazebo
[rosmaster.master][INFO] 2024-10-29 16:43:52,891: +PARAM [/gazebo/sor_pgs_w] by /gazebo
[rosmaster.master][INFO] 2024-10-29 16:43:52,892: +PARAM [/gazebo/sor_pgs_rms_error_tol] by /gazebo
[rosmaster.master][INFO] 2024-10-29 16:43:52,894: +PARAM [/gazebo/cfm] by /gazebo
[rosmaster.master][INFO] 2024-10-29 16:43:52,896: +PARAM [/gazebo/erp] by /gazebo
[rosmaster.master][INFO] 2024-10-29 16:43:52,898: +PARAM [/gazebo/contact_surface_layer] by /gazebo
[rosmaster.master][INFO] 2024-10-29 16:43:52,899: +PARAM [/gazebo/contact_max_correcting_vel] by /gazebo
[rosmaster.master][INFO] 2024-10-29 16:43:52,901: +PARAM [/gazebo/max_contacts] by /gazebo
[rosmaster.master][INFO] 2024-10-29 16:43:52,917: +PARAM [/gazebo/time_step] by /gazebo
[rosmaster.master][INFO] 2024-10-29 16:43:52,919: +PARAM [/gazebo/max_update_rate] by /gazebo
[rosmaster.master][INFO] 2024-10-29 16:43:52,926: +PARAM [/gazebo/gravity_x] by /gazebo
[rosmaster.master][INFO] 2024-10-29 16:43:52,927: +PARAM [/gazebo/gravity_y] by /gazebo
[rosmaster.master][INFO] 2024-10-29 16:43:52,929: +PARAM [/gazebo/gravity_z] by /gazebo
[rosmaster.master][INFO] 2024-10-29 16:43:52,931: +PARAM [/gazebo/auto_disable_bodies] by /gazebo
[rosmaster.master][INFO] 2024-10-29 16:43:52,933: +PARAM [/gazebo/sor_pgs_precon_iters] by /gazebo
[rosmaster.master][INFO] 2024-10-29 16:43:52,936: +PARAM [/gazebo/sor_pgs_iters] by /gazebo
[rosmaster.master][INFO] 2024-10-29 16:43:52,937: +PARAM [/gazebo/sor_pgs_w] by /gazebo
[rosmaster.master][INFO] 2024-10-29 16:43:52,939: +PARAM [/gazebo/sor_pgs_rms_error_tol] by /gazebo
[rosmaster.master][INFO] 2024-10-29 16:43:52,940: +PARAM [/gazebo/cfm] by /gazebo
[rosmaster.master][INFO] 2024-10-29 16:43:52,942: +PARAM [/gazebo/erp] by /gazebo
[rosmaster.master][INFO] 2024-10-29 16:43:52,944: +PARAM [/gazebo/contact_surface_layer] by /gazebo
[rosmaster.master][INFO] 2024-10-29 16:43:52,947: +PARAM [/gazebo/contact_max_correcting_vel] by /gazebo
[rosmaster.master][INFO] 2024-10-29 16:43:52,949: +PARAM [/gazebo/max_contacts] by /gazebo
[rosmaster.master][INFO] 2024-10-29 16:43:54,870: +SERVICE [/webcam/set_camera_info] /gazebo http://DESKTOP-R7B102G:45857/
[rosmaster.master][INFO] 2024-10-29 16:43:54,889: +SERVICE [/webcam/set_parameters] /gazebo http://DESKTOP-R7B102G:45857/
[rosmaster.master][INFO] 2024-10-29 16:43:54,896: +PUB [/webcam/parameter_descriptions] /gazebo http://DESKTOP-R7B102G:45857/
[rosmaster.master][INFO] 2024-10-29 16:43:54,899: +PUB [/webcam/parameter_updates] /gazebo http://DESKTOP-R7B102G:45857/
[rosmaster.master][INFO] 2024-10-29 16:43:54,902: +PARAM [/webcam/imager_rate] by /gazebo
[rosmaster.master][INFO] 2024-10-29 16:43:54,904: +PARAM [/webcam/imager_rate] by /gazebo
[rosmaster.master][INFO] 2024-10-29 16:43:55,261: +PUB [/webcam/image_raw/compressedDepth] /gazebo http://DESKTOP-R7B102G:45857/
[rosmaster.master][INFO] 2024-10-29 16:43:55,264: +SERVICE [/webcam/image_raw/compressedDepth/set_parameters] /gazebo http://DESKTOP-R7B102G:45857/
[rosmaster.master][INFO] 2024-10-29 16:43:55,268: +PUB [/webcam/image_raw/compressedDepth/parameter_descriptions] /gazebo http://DESKTOP-R7B102G:45857/
[rosmaster.master][INFO] 2024-10-29 16:43:55,269: +PUB [/webcam/image_raw/compressedDepth/parameter_updates] /gazebo http://DESKTOP-R7B102G:45857/
[rosmaster.master][INFO] 2024-10-29 16:43:55,275: +PARAM [/webcam/image_raw/compressedDepth/format] by /gazebo
[rosmaster.master][INFO] 2024-10-29 16:43:55,276: +PARAM [/webcam/image_raw/compressedDepth/depth_max] by /gazebo
[rosmaster.master][INFO] 2024-10-29 16:43:55,277: +PARAM [/webcam/image_raw/compressedDepth/depth_quantization] by /gazebo
[rosmaster.master][INFO] 2024-10-29 16:43:55,278: +PARAM [/webcam/image_raw/compressedDepth/png_level] by /gazebo
[rosmaster.master][INFO] 2024-10-29 16:43:55,279: +PARAM [/webcam/image_raw/compressedDepth/format] by /gazebo
[rosmaster.master][INFO] 2024-10-29 16:43:55,280: +PARAM [/webcam/image_raw/compressedDepth/depth_max] by /gazebo
[rosmaster.master][INFO] 2024-10-29 16:43:55,281: +PARAM [/webcam/image_raw/compressedDepth/depth_quantization] by /gazebo
[rosmaster.master][INFO] 2024-10-29 16:43:55,282: +PARAM [/webcam/image_raw/compressedDepth/png_level] by /gazebo
[rosmaster.master][INFO] 2024-10-29 16:43:55,320: +PUB [/webcam/image_raw/compressed] /gazebo http://DESKTOP-R7B102G:45857/
[rosmaster.master][INFO] 2024-10-29 16:43:55,323: +SERVICE [/webcam/image_raw/compressed/set_parameters] /gazebo http://DESKTOP-R7B102G:45857/
[rosmaster.master][INFO] 2024-10-29 16:43:55,324: +PUB [/webcam/image_raw/compressed/parameter_descriptions] /gazebo http://DESKTOP-R7B102G:45857/
[rosmaster.master][INFO] 2024-10-29 16:43:55,326: +PUB [/webcam/image_raw/compressed/parameter_updates] /gazebo http://DESKTOP-R7B102G:45857/
[rosmaster.master][INFO] 2024-10-29 16:43:55,334: +PARAM [/webcam/image_raw/compressed/format] by /gazebo
[rosmaster.master][INFO] 2024-10-29 16:43:55,336: +PARAM [/webcam/image_raw/compressed/jpeg_quality] by /gazebo
[rosmaster.master][INFO] 2024-10-29 16:43:55,337: +PARAM [/webcam/image_raw/compressed/jpeg_progressive] by /gazebo
[rosmaster.master][INFO] 2024-10-29 16:43:55,338: +PARAM [/webcam/image_raw/compressed/jpeg_optimize] by /gazebo
[rosmaster.master][INFO] 2024-10-29 16:43:55,339: +PARAM [/webcam/image_raw/compressed/jpeg_restart_interval] by /gazebo
[rosmaster.master][INFO] 2024-10-29 16:43:55,340: +PARAM [/webcam/image_raw/compressed/png_level] by /gazebo
[rosmaster.master][INFO] 2024-10-29 16:43:55,341: +PARAM [/webcam/image_raw/compressed/format] by /gazebo
[rosmaster.master][INFO] 2024-10-29 16:43:55,342: +PARAM [/webcam/image_raw/compressed/jpeg_quality] by /gazebo
[rosmaster.master][INFO] 2024-10-29 16:43:55,343: +PARAM [/webcam/image_raw/compressed/jpeg_progressive] by /gazebo
[rosmaster.master][INFO] 2024-10-29 16:43:55,344: +PARAM [/webcam/image_raw/compressed/jpeg_optimize] by /gazebo
[rosmaster.master][INFO] 2024-10-29 16:43:55,345: +PARAM [/webcam/image_raw/compressed/jpeg_restart_interval] by /gazebo
[rosmaster.master][INFO] 2024-10-29 16:43:55,346: +PARAM [/webcam/image_raw/compressed/png_level] by /gazebo
[rosmaster.master][INFO] 2024-10-29 16:43:55,366: +PUB [/webcam/image_raw] /gazebo http://DESKTOP-R7B102G:45857/
[rosmaster.master][INFO] 2024-10-29 16:43:55,387: +PUB [/webcam/image_raw/theora] /gazebo http://DESKTOP-R7B102G:45857/
[rosmaster.master][INFO] 2024-10-29 16:43:55,391: +SERVICE [/webcam/image_raw/theora/set_parameters] /gazebo http://DESKTOP-R7B102G:45857/
[rosmaster.master][INFO] 2024-10-29 16:43:55,392: +PUB [/webcam/image_raw/theora/parameter_descriptions] /gazebo http://DESKTOP-R7B102G:45857/
[rosmaster.master][INFO] 2024-10-29 16:43:55,394: +PUB [/webcam/image_raw/theora/parameter_updates] /gazebo http://DESKTOP-R7B102G:45857/
[rosmaster.master][INFO] 2024-10-29 16:43:55,403: +PARAM [/webcam/image_raw/theora/optimize_for] by /gazebo
[rosmaster.master][INFO] 2024-10-29 16:43:55,405: +PARAM [/webcam/image_raw/theora/target_bitrate] by /gazebo
[rosmaster.master][INFO] 2024-10-29 16:43:55,407: +PARAM [/webcam/image_raw/theora/quality] by /gazebo
[rosmaster.master][INFO] 2024-10-29 16:43:55,408: +PARAM [/webcam/image_raw/theora/keyframe_frequency] by /gazebo
[rosmaster.master][INFO] 2024-10-29 16:43:55,410: +PARAM [/webcam/image_raw/theora/optimize_for] by /gazebo
[rosmaster.master][INFO] 2024-10-29 16:43:55,412: +PARAM [/webcam/image_raw/theora/target_bitrate] by /gazebo
[rosmaster.master][INFO] 2024-10-29 16:43:55,413: +PARAM [/webcam/image_raw/theora/quality] by /gazebo
[rosmaster.master][INFO] 2024-10-29 16:43:55,414: +PARAM [/webcam/image_raw/theora/keyframe_frequency] by /gazebo
[rosmaster.master][INFO] 2024-10-29 16:43:55,421: +PUB [/webcam/camera_info] /gazebo http://DESKTOP-R7B102G:45857/
[rosmaster.master][INFO] 2024-10-29 16:48:30,981: -SUB [/gazebo/set_link_state] /gazebo http://DESKTOP-R7B102G:45857/
[rosmaster.master][INFO] 2024-10-29 16:48:30,995: -SUB [/gazebo/set_model_state] /gazebo http://DESKTOP-R7B102G:45857/
[rosmaster.master][INFO] 2024-10-29 16:48:30,997: -PUB [/clock] /gazebo http://DESKTOP-R7B102G:45857/
[rosmaster.master][INFO] 2024-10-29 16:48:31,016: -PUB [/gazebo/link_states] /gazebo http://DESKTOP-R7B102G:45857/
[rosmaster.master][INFO] 2024-10-29 16:48:31,017: -PUB [/gazebo/model_states] /gazebo http://DESKTOP-R7B102G:45857/
[rosmaster.master][INFO] 2024-10-29 16:48:31,018: -PUB [/gazebo/performance_metrics] /gazebo http://DESKTOP-R7B102G:45857/
[rosmaster.master][INFO] 2024-10-29 16:48:31,025: -SERVICE [/gazebo/spawn_sdf_model] /gazebo rosrpc://DESKTOP-R7B102G:54161
[rosmaster.master][INFO] 2024-10-29 16:48:31,054: publisherUpdate[/clock] -> http://DESKTOP-R7B102G:32785/ []
[rosmaster.master][INFO] 2024-10-29 16:48:31,061: publisherUpdate[/clock] -> http://DESKTOP-R7B102G:45857/ []
[rosmaster.master][INFO] 2024-10-29 16:48:31,132: -SERVICE [/gazebo/spawn_urdf_model] /gazebo rosrpc://DESKTOP-R7B102G:54161
[rosmaster.master][INFO] 2024-10-29 16:48:31,132: publisherUpdate[/clock] -> http://DESKTOP-R7B102G:46485/ []
[rosmaster.master][INFO] 2024-10-29 16:48:31,136: publisherUpdate[/clock] -> http://DESKTOP-R7B102G:32785/ []: sec=0.00, result=[1, '', 0]
[rosmaster.master][INFO] 2024-10-29 16:48:31,138: -SERVICE [/gazebo/delete_model] /gazebo rosrpc://DESKTOP-R7B102G:54161
[rosmaster.master][INFO] 2024-10-29 16:48:31,142: publisherUpdate[/clock] -> http://DESKTOP-R7B102G:45857/ []: sec=0.01, result=[1, '', 0]
[rosmaster.master][INFO] 2024-10-29 16:48:31,143: publisherUpdate[/clock] -> http://DESKTOP-R7B102G:46485/ []: sec=0.01, result=[1, '', 0]
[rosmaster.master][INFO] 2024-10-29 16:48:31,143: -SERVICE [/gazebo/delete_light] /gazebo rosrpc://DESKTOP-R7B102G:54161
[rosmaster.master][INFO] 2024-10-29 16:48:31,144: -SERVICE [/gazebo/get_model_properties] /gazebo rosrpc://DESKTOP-R7B102G:54161
[rosmaster.master][INFO] 2024-10-29 16:48:31,145: -SERVICE [/gazebo/get_model_state] /gazebo rosrpc://DESKTOP-R7B102G:54161
[rosmaster.master][INFO] 2024-10-29 16:48:31,145: -SERVICE [/gazebo/get_world_properties] /gazebo rosrpc://DESKTOP-R7B102G:54161
[rosmaster.master][INFO] 2024-10-29 16:48:31,145: -SERVICE [/gazebo/get_joint_properties] /gazebo rosrpc://DESKTOP-R7B102G:54161
[rosmaster.master][INFO] 2024-10-29 16:48:31,146: -SERVICE [/gazebo/get_link_properties] /gazebo rosrpc://DESKTOP-R7B102G:54161
[rosmaster.master][INFO] 2024-10-29 16:48:31,147: -SERVICE [/gazebo/get_link_state] /gazebo rosrpc://DESKTOP-R7B102G:54161
[rosmaster.master][INFO] 2024-10-29 16:48:31,147: -SERVICE [/gazebo/get_light_properties] /gazebo rosrpc://DESKTOP-R7B102G:54161
[rosmaster.master][INFO] 2024-10-29 16:48:31,148: -SERVICE [/gazebo/set_light_properties] /gazebo rosrpc://DESKTOP-R7B102G:54161
[rosmaster.master][INFO] 2024-10-29 16:48:31,148: -SERVICE [/gazebo/get_physics_properties] /gazebo rosrpc://DESKTOP-R7B102G:54161
[rosmaster.master][INFO] 2024-10-29 16:48:31,149: -SERVICE [/gazebo/set_link_properties] /gazebo rosrpc://DESKTOP-R7B102G:54161
[rosmaster.master][INFO] 2024-10-29 16:48:31,149: -SERVICE [/gazebo/set_physics_properties] /gazebo rosrpc://DESKTOP-R7B102G:54161
[rosmaster.master][INFO] 2024-10-29 16:48:31,150: -SERVICE [/gazebo/set_model_state] /gazebo rosrpc://DESKTOP-R7B102G:54161
[rosmaster.master][INFO] 2024-10-29 16:48:31,150: -SERVICE [/gazebo/set_model_configuration] /gazebo rosrpc://DESKTOP-R7B102G:54161
[rosmaster.master][INFO] 2024-10-29 16:48:31,151: -SERVICE [/gazebo/set_joint_properties] /gazebo rosrpc://DESKTOP-R7B102G:54161
[rosmaster.master][INFO] 2024-10-29 16:48:31,151: -SERVICE [/gazebo/set_link_state] /gazebo rosrpc://DESKTOP-R7B102G:54161
[rosmaster.master][INFO] 2024-10-29 16:48:31,152: -SERVICE [/gazebo/pause_physics] /gazebo rosrpc://DESKTOP-R7B102G:54161
[rosmaster.master][INFO] 2024-10-29 16:48:31,152: -SERVICE [/gazebo/unpause_physics] /gazebo rosrpc://DESKTOP-R7B102G:54161
[rosmaster.master][INFO] 2024-10-29 16:48:31,153: -SERVICE [/gazebo/apply_body_wrench] /gazebo rosrpc://DESKTOP-R7B102G:54161
[rosmaster.master][INFO] 2024-10-29 16:48:31,153: -SERVICE [/gazebo/apply_joint_effort] /gazebo rosrpc://DESKTOP-R7B102G:54161
[rosmaster.master][INFO] 2024-10-29 16:48:31,154: -SERVICE [/gazebo/clear_joint_forces] /gazebo rosrpc://DESKTOP-R7B102G:54161
[rosmaster.master][INFO] 2024-10-29 16:48:31,155: -SERVICE [/gazebo/clear_body_wrenches] /gazebo rosrpc://DESKTOP-R7B102G:54161
[rosmaster.master][INFO] 2024-10-29 16:48:31,155: -SERVICE [/gazebo/reset_simulation] /gazebo rosrpc://DESKTOP-R7B102G:54161
[rosmaster.master][INFO] 2024-10-29 16:48:31,156: -SERVICE [/gazebo/reset_world] /gazebo rosrpc://DESKTOP-R7B102G:54161
[rosmaster.master][INFO] 2024-10-29 16:48:31,160: -PUB [/gazebo/parameter_descriptions] /gazebo http://DESKTOP-R7B102G:45857/
[rosmaster.master][INFO] 2024-10-29 16:48:31,160: -PUB [/gazebo/parameter_updates] /gazebo http://DESKTOP-R7B102G:45857/
[rosmaster.master][INFO] 2024-10-29 16:48:31,161: -SERVICE [/gazebo/set_parameters] /gazebo rosrpc://DESKTOP-R7B102G:54161
[rosmaster.master][INFO] 2024-10-29 16:48:31,183: -PUB [/webcam/camera_info] /gazebo http://DESKTOP-R7B102G:45857/
[rosmaster.master][INFO] 2024-10-29 16:48:31,184: -SERVICE [/webcam/set_camera_info] /gazebo rosrpc://DESKTOP-R7B102G:54161
[rosmaster.master][INFO] 2024-10-29 16:48:31,185: -PUB [/webcam/image_raw/compressedDepth] /gazebo http://DESKTOP-R7B102G:45857/
[rosmaster.master][INFO] 2024-10-29 16:48:31,186: -PUB [/webcam/image_raw/compressed] /gazebo http://DESKTOP-R7B102G:45857/
[rosmaster.master][INFO] 2024-10-29 16:48:31,187: -PUB [/webcam/image_raw] /gazebo http://DESKTOP-R7B102G:45857/
[rosmaster.master][INFO] 2024-10-29 16:48:31,188: -PUB [/webcam/image_raw/theora] /gazebo http://DESKTOP-R7B102G:45857/
[rosmaster.master][INFO] 2024-10-29 16:48:31,189: -PUB [/webcam/image_raw/compressedDepth/parameter_descriptions] /gazebo http://DESKTOP-R7B102G:45857/
[rosmaster.master][INFO] 2024-10-29 16:48:31,189: -PUB [/webcam/image_raw/compressedDepth/parameter_updates] /gazebo http://DESKTOP-R7B102G:45857/
[rosmaster.master][INFO] 2024-10-29 16:48:31,190: -SERVICE [/webcam/image_raw/compressedDepth/set_parameters] /gazebo rosrpc://DESKTOP-R7B102G:54161
[rosmaster.master][INFO] 2024-10-29 16:48:31,191: -PUB [/webcam/image_raw/compressed/parameter_descriptions] /gazebo http://DESKTOP-R7B102G:45857/
[rosmaster.master][INFO] 2024-10-29 16:48:31,192: -PUB [/webcam/image_raw/compressed/parameter_updates] /gazebo http://DESKTOP-R7B102G:45857/
[rosmaster.master][INFO] 2024-10-29 16:48:31,193: -SERVICE [/webcam/image_raw/compressed/set_parameters] /gazebo rosrpc://DESKTOP-R7B102G:54161
[rosmaster.master][INFO] 2024-10-29 16:48:31,194: -PUB [/webcam/image_raw/theora/parameter_descriptions] /gazebo http://DESKTOP-R7B102G:45857/
[rosmaster.master][INFO] 2024-10-29 16:48:31,194: -PUB [/webcam/image_raw/theora/parameter_updates] /gazebo http://DESKTOP-R7B102G:45857/
[rosmaster.master][INFO] 2024-10-29 16:48:31,195: -SERVICE [/webcam/image_raw/theora/set_parameters] /gazebo rosrpc://DESKTOP-R7B102G:54161
[rosmaster.master][INFO] 2024-10-29 16:48:32,046: -PUB [/rosout] /gazebo http://DESKTOP-R7B102G:45857/
[rosmaster.master][INFO] 2024-10-29 16:48:32,047: -PUB [/webcam/parameter_descriptions] /gazebo http://DESKTOP-R7B102G:45857/
[rosmaster.master][INFO] 2024-10-29 16:48:32,047: -PUB [/webcam/parameter_updates] /gazebo http://DESKTOP-R7B102G:45857/
[rosmaster.master][INFO] 2024-10-29 16:48:32,048: -SUB [/clock] /gazebo http://DESKTOP-R7B102G:45857/
[rosmaster.master][INFO] 2024-10-29 16:48:32,049: publisherUpdate[/rosout] -> http://DESKTOP-R7B102G:32785/ ['http://DESKTOP-R7B102G:46485/']
[rosmaster.master][INFO] 2024-10-29 16:48:32,049: -SERVICE [/gazebo/get_loggers] /gazebo rosrpc://DESKTOP-R7B102G:54161
[rosmaster.master][INFO] 2024-10-29 16:48:32,050: publisherUpdate[/rosout] -> http://DESKTOP-R7B102G:32785/ ['http://DESKTOP-R7B102G:46485/']: sec=0.00, result=[1, '', 0]
[rosmaster.master][INFO] 2024-10-29 16:48:32,051: -SERVICE [/gazebo/set_logger_level] /gazebo rosrpc://DESKTOP-R7B102G:54161
[rosmaster.master][INFO] 2024-10-29 16:48:32,052: -SERVICE [/webcam/set_parameters] /gazebo rosrpc://DESKTOP-R7B102G:54161
[rosmaster.master][INFO] 2024-10-29 16:48:32,053: -CACHEDPARAM [/rosout_disable_topics_generation] by /gazebo
[rosmaster.master][INFO] 2024-10-29 16:48:45,275: -PUB [/rosout_agg] /rosout http://DESKTOP-R7B102G:32785/
[rosmaster.master][INFO] 2024-10-29 16:48:45,277: -SUB [/clock] /rosout http://DESKTOP-R7B102G:32785/
[rosmaster.master][INFO] 2024-10-29 16:48:45,279: -SUB [/rosout] /rosout http://DESKTOP-R7B102G:32785/
[rosmaster.master][INFO] 2024-10-29 16:48:45,280: -SERVICE [/rosout/get_loggers] /rosout rosrpc://DESKTOP-R7B102G:43179
[rosmaster.master][INFO] 2024-10-29 16:48:45,280: -SERVICE [/rosout/set_logger_level] /rosout rosrpc://DESKTOP-R7B102G:43179
[rosmaster.master][INFO] 2024-10-29 16:48:45,281: -CACHEDPARAM [/rosout/omit_topics] by /rosout
[rosmaster.main][INFO] 2024-10-29 16:48:45,320: keyboard interrupt, will exit
[rosmaster.main][INFO] 2024-10-29 16:48:45,321: stopping master...
[rospy.core][INFO] 2024-10-29 16:48:45,334: signal_shutdown [atexit]
